#---it------t--------dt--------urms------umax------rhom------ssm------dtc-----dtu-----dtnu--
      0     0.00  5.397E-03   0.00000   0.00000    1.0001   0.00000  0.9664  0.0000  0.2570
     10     0.05  5.568E-03   0.00494   0.22528    1.0001   0.00000  0.7962  0.1690  0.2652
     20     0.11  6.303E-03   0.00372   0.08731    1.0001   0.00001  0.8791  0.0747  0.3002
     30     0.18  6.574E-03   0.00331   0.04646    1.0001   0.00001  0.9083  0.0414  0.3131
     40     0.24  6.699E-03   0.00299   0.02915    1.0001   0.00001  0.9213  0.0265  0.3190
     50     0.31  6.767E-03   0.00272   0.02039    1.0001   0.00001  0.9283  0.0183  0.3223
     60     0.38  6.808E-03   0.00249   0.01527    1.0001   0.00001  0.9327  0.0134  0.3243
     70     0.45  6.835E-03   0.00229   0.01222    1.0001   0.00001  0.9364  0.0102  0.3255
     80     0.51  6.853E-03   0.00211   0.01067    1.0001   0.00001  0.9389  0.0083  0.3264
     90     0.58  6.866E-03   0.00195   0.00912    1.0001   0.00001  0.9407  0.0067  0.3270
    100     0.65  6.875E-03   0.00178   0.00815    1.0000   0.00001  0.9420  0.0056  0.3275
    110     0.72  6.883E-03   0.00163   0.00736    1.0000   0.00001  0.9430  0.0048  0.3278
    120     0.79  6.888E-03   0.00147   0.00632    1.0000   0.00001  0.9437  0.0043  0.3281
    130     0.86  6.893E-03   0.00132   0.00526    1.0000   0.00001  0.9444  0.0036  0.3283
    140     0.93  6.894E-03   0.00118   0.00440    0.9999   0.00001  0.9445  0.0031  0.3284
    150     1.00  6.894E-03   0.00104   0.00397    0.9999   0.00001  0.9445  0.0026  0.3284
    160     1.06  6.894E-03   0.00091   0.00340    0.9999   0.00001  0.9445  0.0023  0.3283
    170     1.13  6.894E-03   0.00079   0.00312    0.9999   0.00001  0.9445  0.0020  0.3283
    180     1.20  6.894E-03   0.00068   0.00274    0.9999   0.00001  0.9445  0.0018  0.3283
    190     1.27  6.894E-03   0.00059   0.00238    1.0000   0.00001  0.9445  0.0016  0.3284
    200     1.34  6.894E-03   0.00050   0.00216    1.0000   0.00001  0.9445  0.0015  0.3284
    210     1.41  6.894E-03   0.00042   0.00205    1.0000   0.00001  0.9446  0.0013  0.3284
    220     1.48  6.894E-03   0.00036   0.00190    1.0000   0.00001  0.9445  0.0012  0.3284
