2
64
32(x2)
64 CPUs
HOSTNAME = node1
USER = simon
Running under MPI
Simple Linux Utility for Resource Management (SLURM) job
SLURM_NODELIST = node[1-2]
nodelist = node1 node2
SLURM_TASKS_PER_NODE = 32(x2)
Janus (Boulder2) or CLX - CINECA, Bologna (IBM Linux Cluster)
datadir = data
Setting nodelist to node node1
-- DEBUG CONFIG --
$mpi            =  <2>
$ncpus          =  <64>
$npops          =  <-n 64>
$local_disc     =  <0>
$one_local_disc =  <1>
$remote_top     =  <0>
$local_binary   =  <0>
$datadir        =  <data>
$SCRATCH_DIR    =  </scratch/pencil-104486>
$hn             =  <node1>
$masterhost     =  <>
$mpirun         =  <mpiexec>
$mpirunops      =  <>
$mpirunops2     =  <>
$x_ops          =  <>
$NODELIST       =  <node1>
$SSH            =  <ssh>
$SCP            =  <scp>
$PARENT_PID     =  <104486>
$copysnapshots  =  <copy-snapshots>
$particles      =  <0>
$pointmasses    =  <0>
--
Error: Revision file src/revision.txt does not exist
Sat  3 Mar 12:32:34 GMT 2018
mpiexec  -n 64  src/run.x 
 
 =====================================================================
 WARNING: using SINGLE PRECISION, you'd better know what you're doing!
 =====================================================================
 
SVN: -------            v.         (                   ) $Id$
SVN: start.in,v         v. 1.1     (2017/10/10 10:53:10) iomsn
SVN: run.in,v           v. 1.1     (2017/10/10 10:53:10) iomsn
 initialize_mpicomm: enabled MPI
SVN: -------            v.         (                   ) $Id$
SVN: vortex_braid.f90,v v. 1.0     (2017-05-31 16:43:18) iomsn
SVN: -------            v.         (                   ) $Id$
SVN: -------            v.         (                   ) $Id$
SVN: -------            v.         (                   ) $Id$
SVN: -------            v.         (                   ) $Id$
SVN: -------            v.         (                   ) $Id$
SVN: -------            v.         (                   ) $Id$
SVN: -------            v.         (                   ) $Id$
SVN: -------            v.         (                   ) $Id$
SVN: -------            v.         (                   ) $Id$
SVN: -------            v.         (                   ) $Id$
SVN: -------            v.         (                   ) $Id$
SVN: -------            v.         (                   ) $Id$
SVN: -------            v.         (                   ) $Id$
SVN: -------            v.         (                   ) $Id$
SVN: -------            v.         (                   ) $Id$
SVN: -------            v.         (                   ) $Id$
SVN: -------            v.         (                   ) $Id$
SVN: -------            v.         (                   ) $Id$
SVN: -------            v.         (                   ) $Id$
SVN: -------            v.         (                   ) $Id$
SVN: -------            v.         (                   ) $Id$
SVN: -------            v.         (                   ) $Id$
SVN: -------            v.         (                   ) $Id$
SVN: -------            v.         (                   ) $Id$
SVN: -------            v.         (                   ) $Id$
SVN: -------            v.         (                   ) $Id$
SVN: -------            v.         (                   ) $Id$
 The verbose level is ip=          14  (ldebug= F )
 This is a 3-D run
 nxgrid, nygrid, nzgrid=         512         256         256
 Lx, Ly, Lz=   20.0000000      0.200000003       16.0000000    
       Vbox=   3520.00000    
 setup_slices: slice_position = m
 setup_slices: ix,iy,iz,iz2 (video files) =  -1  -1  -1  -1
 units_general: unit_velocity=   1.0000000000000000     
 units_general: unit_density=   1.0000000000000000     
 units_general: unit_length=   1.0000000000000000     
 units_general: unit_magnetic=   3.5449078083038330     
 units_eos: unit_temperature=   1.2027220775801925E-008
 units_eos: cp, lnTT0, cs0, pp0=   1.00000000       0.00000000       1.00000000       1.00000000    
 diffusion: nothing (i.e. no mass diffusion)
 select_eos_variable: Using lnrho and cs2
 viscous force: nu*(del2u+graddivu/3+2S.glnrho)
 pencil_consistency_check: checking pencil case
 pencil_consistency_check: checking requested pencils
 pencil_consistency_check: performing small pencil check
 pencil_consistency_check: the small pencil check reported no problems
 pencil_consistency_check: checking dependence on pencil initialization
 pencil_consistency_check: results are independent of pencil initialization
 pencil_consistency_check: checking diagnostics pencils
 pencil_consistency_check: performing small pencil check
 pencil_consistency_check: the small pencil check reported no problems
 pencil_consistency_check: set lpencil_check_diagnos_opti=T in run.in to report
 pencil_consistency_check: optimisation possibilities for diagnostics pencils
 pencil_consistency_check: checking dependence on pencil initialization
 pencil_consistency_check: diagnostics are independent of pencil initialization
 pencil_consistency_check: all tests passed
 pde: ENTER
SVN: -------            v.         (                   ) $Id$
 calc_pencils_hydro: call gij_etc
 duu_dt: SOLVE
Bcs for         ux,  x: <       a>, y: <       p>,  z: <       p>
Bcs for         uy,  x: <       s>, y: <       p>,  z: <       p>
Bcs for         uz,  x: <       s>, y: <       p>,  z: <       p>
 duu_dt: max(advec_uu) =   1.41999377E-02
 duu_dt: Calculate maxima and rms values...
 dlnrho_dt: SOLVE
Bcs for      lnrho,  x: <       s>, y: <       p>,  z: <       p>
 dlnrho_dt: max(diffus_diffrho ) =   0.00000000    
 dlnrho_dt: max(diffus_diffrho3) =   0.00000000    
 denergy_dt: max(advec_cs2) =   1717.88879    

 --it------t-----------dt----------divu2m--------divum---------rdivum---------o2m-----------oum-----------orms----------omax----------rhom---------rhomax--------rhomin-------urms------umax-------uzrms--------uzm-------ekin-----Rmesh---Rmesh3-
    0      0.000  2.170925E-02  8.732502E-06  1.458039E-11  1.458039E-11  9.859088E-05 -9.594213E-11  9.929294E-03  2.079280E-01  9.999789E-01  1.000000E+00  1.000000E+00 6.981E-03 1.063E-01  5.310247E-03-1.527E-10 2.4368E-05 1.8E+02 2.3E+36
   50      1.085  2.170729E-02  2.758351E-06 -9.808628E-12 -1.035025E-07  9.818227E-05 -1.099077E-10  9.908697E-03  2.449439E-01  9.999998E-01  1.003203E+00  9.970832E-01 6.962E-03 1.064E-01  5.315586E-03 1.697E-11 2.4233E-05 1.8E+02 2.3E+36
  100      2.171  2.170566E-02  2.163141E-06  1.590588E-11 -5.253766E-08  9.805051E-05 -1.256523E-10  9.902046E-03  2.061040E-01  9.999963E-01  1.003106E+00  9.968629E-01 6.951E-03 1.061E-01  5.336653E-03-2.375E-10 2.4147E-05 1.8E+02 2.3E+36
  150      3.256  2.170403E-02  1.839528E-06 -6.627451E-12 -2.197795E-08  9.805248E-05 -1.398615E-10  9.902145E-03  1.834019E-01  1.000002E+00  1.002891E+00  9.966317E-01 6.944E-03 1.058E-01  5.346820E-03 4.242E-11 2.4095E-05 1.8E+02 2.3E+36
  200      4.341  2.170234E-02  1.683734E-06 -7.952942E-13  3.461385E-08  9.810111E-05 -1.488867E-10  9.904601E-03  1.764671E-01  9.999995E-01  1.003505E+00  9.970102E-01 6.945E-03 1.045E-01  5.333208E-03 2.375E-10 2.4098E-05 1.8E+02 2.3E+36
  250      5.426  2.170061E-02  1.616727E-06  1.352000E-11  1.079135E-08  9.828356E-05 -1.499895E-10  9.913807E-03  1.674207E-01  9.999993E-01  1.004450E+00  9.961765E-01 6.949E-03 1.036E-01  5.320301E-03 2.036E-10 2.4133E-05 1.8E+02 2.3E+36
  300      6.511  2.169920E-02  1.434185E-06 -1.431530E-11  8.133367E-08  9.857342E-05 -1.447472E-10  9.928415E-03  1.600683E-01  9.999945E-01  1.003670E+00  9.967399E-01 6.953E-03 1.031E-01  5.315780E-03 1.188E-10 2.4165E-05 1.8E+02 2.3E+36
  350      7.596  2.169843E-02  1.441433E-06 -2.650981E-13  3.773273E-08  9.894907E-05 -1.375781E-10  9.947315E-03  1.539136E-01  9.999961E-01  1.002299E+00  9.978660E-01 6.964E-03 1.017E-01  5.303046E-03 8.483E-11 2.4245E-05 1.8E+02 2.3E+36
  400      8.681  2.169722E-02  1.370699E-06 -2.001490E-11 -3.954633E-08  9.934302E-05 -1.332271E-10  9.967097E-03  1.514311E-01  1.000001E+00  1.001908E+00  9.979755E-01 6.962E-03 1.013E-01  5.296813E-03-3.902E-10 2.4230E-05 1.8E+02 2.3E+36
  450      9.766  2.169667E-02  1.309090E-06 -2.650980E-11 -8.057311E-08  9.981735E-05 -1.505894E-10  9.990864E-03  1.479459E-01  9.999977E-01  1.002048E+00  9.977511E-01 6.952E-03 1.006E-01  5.325473E-03 1.357E-10 2.4156E-05 1.8E+02 2.3E+36
  500     10.851  2.169633E-02  1.217769E-06 -2.120784E-11 -5.631292E-08  1.003869E-04 -2.024629E-10  1.001932E-02  1.461508E-01  1.000006E+00  1.003469E+00  9.973030E-01 6.939E-03 1.006E-01  5.376251E-03 1.188E-10 2.4065E-05 1.8E+02 2.3E+36
  550     11.936  2.169919E-02  1.211658E-06  2.385883E-12  3.086351E-08  1.009984E-04 -1.840907E-10  1.004980E-02  1.458008E-01  1.000004E+00  1.002738E+00  9.978812E-01 6.937E-03 1.005E-01  5.407945E-03-3.054E-10 2.4049E-05 1.8E+02 2.3E+36
  600     13.021  2.170116E-02  1.194392E-06 -3.472785E-11  3.973475E-08  1.017201E-04 -1.802079E-10  1.008564E-02  1.442447E-01  1.000001E+00  1.002080E+00  9.984450E-01 6.942E-03 9.927E-02  5.415936E-03 8.483E-11 2.4085E-05 1.8E+02 2.3E+36
  650     14.106  2.170557E-02  1.169787E-06  1.325490E-12  4.148374E-08  1.024950E-04 -1.370684E-10  1.012398E-02  1.439378E-01  1.000007E+00  1.002113E+00  9.985465E-01 6.947E-03 9.855E-02  5.426582E-03-8.483E-11 2.4122E-05 1.8E+02 2.3E+36
  700     15.191  2.170927E-02  1.136781E-06 -2.650981E-12  3.518223E-08  1.033345E-04 -5.727153E-11  1.016536E-02  1.460637E-01  1.000005E+00  1.002739E+00  9.975773E-01 6.951E-03 9.786E-02  5.427835E-03 5.938E-10 2.4157E-05 1.8E+02 2.3E+36
  750     16.277  2.170628E-02  1.132213E-06 -1.749647E-11  1.561481E-08  1.042511E-04 -2.384847E-11  1.021034E-02  1.481981E-01  9.999986E-01  1.004081E+00  9.961319E-01 6.955E-03 9.659E-02  5.400642E-03-3.733E-10 2.4184E-05 1.8E+02 2.3E+36
  800     17.362  2.170471E-02  1.117283E-06 -3.128157E-11 -5.093647E-08  1.052308E-04 -8.108272E-11  1.025821E-02  1.514221E-01  9.999945E-01  1.004654E+00  9.959089E-01 6.951E-03 9.483E-02  5.365646E-03 3.563E-10 2.4163E-05 1.8E+02 2.3E+36
  850     18.447  2.170582E-02  1.061626E-06  8.019216E-12 -7.571883E-08  1.062422E-04 -1.607747E-10  1.030739E-02  1.529004E-01  1.000003E+00  1.002759E+00  9.974153E-01 6.940E-03 9.361E-02  5.361105E-03 5.938E-10 2.4082E-05 1.8E+02 2.3E+36
  900     19.532  2.170370E-02  1.002215E-06  7.952942E-12 -3.474402E-08  1.073275E-04 -1.871698E-10  1.035990E-02  1.556001E-01  9.999968E-01  1.003507E+00  9.969732E-01 6.930E-03 9.289E-02  5.401520E-03 1.951E-10 2.4008E-05 1.8E+02 2.3E+36
  950     20.617  2.169910E-02  1.022029E-06  8.880785E-12  5.535115E-08  1.084546E-04 -1.829674E-10  1.041415E-02  1.589228E-01  1.000003E+00  1.003168E+00  9.972833E-01 6.932E-03 9.183E-02  5.459704E-03-6.871E-10 2.4018E-05 1.8E+02 2.3E+36
 1000     21.702  2.169273E-02  1.023338E-06 -3.711373E-12  4.761320E-08  1.096714E-04 -1.565540E-10  1.047241E-02  1.618874E-01  9.999999E-01  1.002931E+00  9.972921E-01 6.940E-03 9.026E-02  5.506456E-03 7.295E-10 2.4071E-05 1.8E+02 2.3E+36
 1050     22.787  2.169343E-02  9.973786E-07  3.711373E-12  3.712248E-08  1.109521E-04 -1.075622E-10  1.053338E-02  1.660841E-01  1.000004E+00  1.004103E+00  9.962321E-01 6.945E-03 8.927E-02  5.525939E-03-2.545E-10 2.4109E-05 1.8E+02 2.3E+36
 1100     23.872  2.169239E-02  1.019245E-06  1.378510E-11  2.445211E-08  1.122418E-04 -8.700588E-11  1.059442E-02  1.689140E-01  1.000001E+00  1.004446E+00  9.964006E-01 6.950E-03 8.817E-02  5.533755E-03 1.357E-10 2.4141E-05 1.8E+02 2.3E+36
 1150     24.956  2.169073E-02  1.004960E-06 -2.518431E-11 -3.000035E-08  1.135918E-04 -9.170840E-11  1.065794E-02  1.725548E-01  1.000000E+00  1.002329E+00  9.977719E-01 6.948E-03 8.731E-02  5.542623E-03 4.242E-10 2.4128E-05 1.8E+02 2.3E+36
 1200     26.041  2.169418E-02  1.001216E-06  3.247451E-11 -6.559043E-08  1.150021E-04 -1.212719E-10  1.072390E-02  1.764931E-01  9.999978E-01  1.001925E+00  9.978222E-01 6.939E-03 8.630E-02  5.541094E-03 3.733E-10 2.4067E-05 1.8E+02 2.3E+36
 1250     27.126  2.169982E-02  8.977168E-07 -1.040510E-11 -8.833651E-08  1.164592E-04 -2.021135E-10  1.079163E-02  1.811310E-01  1.000000E+00  1.003589E+00  9.971806E-01 6.924E-03 8.599E-02  5.528853E-03-6.617E-10 2.3956E-05 1.8E+02 2.3E+36
 1300     28.211  2.170194E-02  8.973510E-07  3.446275E-12  4.803948E-08  1.179356E-04 -2.898733E-10  1.085981E-02  1.842403E-01  1.000000E+00  1.002785E+00  9.978205E-01 6.920E-03 8.504E-02  5.537772E-03-3.563E-10 2.3929E-05 1.8E+02 2.3E+36
 1350     29.296  2.170584E-02  9.250934E-07  2.160549E-11  7.868005E-08  1.194758E-04 -3.083953E-10  1.093050E-02  1.892374E-01  9.999973E-01  1.002695E+00  9.975527E-01 6.930E-03 8.436E-02  5.574349E-03 3.478E-10 2.3998E-05 1.8E+02 2.3E+36
 1400     30.381  2.170478E-02  9.397373E-07 -4.572941E-11  5.572123E-08  1.210480E-04 -1.849748E-10  1.100218E-02  1.930206E-01  9.999956E-01  1.002541E+00  9.980222E-01 6.939E-03 8.353E-02  5.611004E-03-1.527E-10 2.4070E-05 1.8E+02 2.3E+36
 1450     31.466  2.170736E-02  9.612255E-07  3.167922E-11  5.265053E-08  1.226953E-04 -3.185112E-11  1.107679E-02  1.970023E-01  9.999990E-01  1.002707E+00  9.971496E-01 6.943E-03 8.286E-02  5.624639E-03-9.331E-10 2.4101E-05 1.8E+02 2.3E+36
 1500     32.552  2.170736E-02  8.655202E-07  1.070333E-11 -2.180909E-08  1.243345E-04  4.789615E-11  1.115054E-02  2.013675E-01  9.999986E-01  1.003090E+00  9.973259E-01 6.939E-03 8.223E-02  5.627664E-03 1.697E-11 2.4073E-05 1.8E+02 2.3E+36
 1550     33.637  2.170483E-02  9.323887E-07 -2.465412E-11 -3.623307E-08  1.259655E-04  2.709540E-11  1.122343E-02  2.054802E-01  1.000001E+00  1.004077E+00  9.958246E-01 6.935E-03 8.143E-02  5.637142E-03 5.090E-11 2.4047E-05 1.8E+02 2.3E+36
 1600     34.722  2.170371E-02  8.885614E-07  1.318863E-11 -8.380008E-08  1.276178E-04 -6.522681E-11  1.129680E-02  2.098406E-01  9.999986E-01  1.003578E+00  9.960949E-01 6.924E-03 8.033E-02  5.647711E-03 6.617E-10 2.3968E-05 1.8E+02 2.3E+36
 1650     35.807  2.170001E-02  8.286277E-07 -1.325490E-13 -1.248320E-08  1.292895E-04 -1.343933E-10  1.137056E-02  2.140120E-01  1.000002E+00  1.003337E+00  9.966065E-01 6.914E-03 7.907E-02  5.663962E-03-5.090E-11 2.3898E-05 1.8E+02 2.3E+36
 1700     36.892  2.169413E-02  8.083967E-07 -1.206196E-11  1.258630E-07  1.309734E-04 -1.883056E-10  1.144436E-02  2.184147E-01  9.999951E-01  1.003933E+00  9.951814E-01 6.918E-03 7.836E-02  5.699493E-03 1.188E-10 2.3930E-05 1.8E+02 2.3E+36
 1750     37.977  2.169419E-02  8.368550E-07 -2.081020E-11  8.483429E-08  1.326193E-04 -2.579151E-10  1.151605E-02  2.225300E-01  9.999999E-01  1.004593E+00  9.957079E-01 6.928E-03 7.739E-02  5.751116E-03-4.751E-10 2.3998E-05 1.8E+02 2.3E+36
 1800     39.062  2.169304E-02  9.045179E-07 -2.650981E-13  1.307517E-08  1.342478E-04 -2.158147E-10  1.158653E-02  2.263339E-01  1.000002E+00  1.002894E+00  9.972085E-01 6.938E-03 7.700E-02  5.793082E-03-1.527E-10 2.4068E-05 1.8E+02 2.3E+36
 1850     40.146  2.169218E-02  7.979320E-07  2.790157E-11 -5.400060E-08  1.358688E-04 -1.377205E-10  1.165628E-02  2.298539E-01  1.000006E+00  1.002608E+00  9.979104E-01 6.933E-03 7.609E-02  5.796884E-03-3.563E-10 2.4030E-05 1.8E+02 2.3E+36
 1900     41.231  2.169769E-02  8.008220E-07  1.325490E-11 -3.145939E-08  1.374775E-04 -1.083039E-10  1.172508E-02  2.334247E-01  9.999986E-01  1.002776E+00  9.976463E-01 6.925E-03 7.505E-02  5.765010E-03-6.278E-10 2.3976E-05 1.8E+02 2.3E+36
 1950     42.316  2.169930E-02  9.093605E-07 -1.265843E-11 -3.684373E-08  1.390330E-04 -1.353999E-10  1.179123E-02  2.367032E-01  9.999992E-01  1.002176E+00  9.975617E-01 6.923E-03 7.471E-02  5.734286E-03 9.331E-10 2.3950E-05 1.8E+02 2.3E+36
 2000     43.401  2.170358E-02  7.921377E-07 -2.935961E-11 -3.863559E-08  1.405646E-04 -2.057850E-10  1.185599E-02  2.398408E-01  9.999990E-01  1.002474E+00  9.978501E-01 6.913E-03 7.398E-02  5.730476E-03 6.787E-11 2.3872E-05 1.8E+02 2.3E+36
 2050     44.486  2.170425E-02  8.047852E-07  3.048628E-11 -1.197872E-08  1.420794E-04 -2.023128E-10  1.191971E-02  2.428144E-01  1.000004E+00  1.003842E+00  9.968299E-01 6.909E-03 7.351E-02  5.764067E-03-7.465E-10 2.3840E-05 1.8E+02 2.3E+36
 2100     45.571  2.170571E-02  7.472634E-07 -1.298980E-11  7.830758E-08  1.435903E-04 -1.659535E-10  1.198292E-02  2.457532E-01  9.999963E-01  1.003117E+00  9.975170E-01 6.910E-03 7.352E-02  5.817723E-03-4.242E-10 2.3854E-05 1.8E+02 2.3E+36
 2150     46.657  2.170747E-02  8.467467E-07  1.179686E-11  9.524655E-08  1.450565E-04 -1.425208E-10  1.204394E-02  2.485859E-01  1.000001E+00  1.002315E+00  9.977881E-01 6.925E-03 7.350E-02  5.870623E-03 1.866E-10 2.3962E-05 1.8E+02 2.3E+36
 2200     47.742  2.170658E-02  8.418119E-07 -4.162039E-11 -8.164225E-09  1.464773E-04 -1.392585E-10  1.210278E-02  2.510182E-01  1.000002E+00  1.002458E+00  9.982723E-01 6.930E-03 7.310E-02  5.905605E-03-2.206E-10 2.4001E-05 1.8E+02 2.3E+36
 2250     48.827  2.170724E-02  7.901079E-07  1.100157E-11 -2.339676E-08  1.478867E-04 -9.863149E-11  1.216087E-02  2.538120E-01  1.000000E+00  1.002366E+00  9.975870E-01 6.923E-03 7.246E-02  5.911489E-03 4.242E-10 2.3962E-05 1.8E+02 2.3E+36
 2300     49.913  2.170304E-02  7.902795E-07 -4.506667E-12 -5.695658E-08  1.492306E-04 -8.669535E-12  1.221600E-02  2.560033E-01  1.000004E+00  1.002989E+00  9.976984E-01 6.914E-03 7.149E-02  5.890880E-03 1.527E-10 2.3910E-05 1.8E+02 2.3E+36
 2350     50.998  2.170161E-02  7.647433E-07 -3.035373E-11 -2.227460E-08  1.505123E-04 -2.469243E-12  1.226834E-02  2.578599E-01  9.999956E-01  1.003498E+00  9.968557E-01 6.907E-03 7.075E-02  5.872786E-03 1.272E-10 2.3861E-05 1.8E+02 2.3E+36
 2400     52.083  2.169931E-02  7.921989E-07  1.113412E-11 -2.166527E-08  1.517102E-04 -4.338288E-11  1.231707E-02  2.596331E-01  9.999956E-01  1.003738E+00  9.970017E-01 6.904E-03 7.032E-02  5.884276E-03-3.224E-10 2.3837E-05 1.8E+02 2.3E+36
 2450     53.168  2.169812E-02  7.009769E-07 -7.290196E-12  1.958465E-08  1.528662E-04 -1.180287E-10  1.236391E-02  2.612328E-01  1.000003E+00  1.002720E+00  9.976072E-01 6.900E-03 6.956E-02  5.907471E-03-1.697E-10 2.3808E-05 1.8E+02 2.3E+36
 2500     54.253  2.169730E-02  7.738031E-07 -1.749647E-11  8.606912E-08  1.539196E-04 -1.956144E-10  1.240643E-02  2.624062E-01  9.999993E-01  1.002591E+00  9.980203E-01 6.910E-03 6.859E-02  5.933281E-03 1.256E-09 2.3875E-05 1.8E+02 2.3E+36
 2550     55.337  2.169658E-02  7.946721E-07 -1.961726E-11  4.697193E-08  1.549063E-04 -2.744838E-10  1.244614E-02  2.639372E-01  1.000000E+00  1.002872E+00  9.978294E-01 6.920E-03 6.808E-02  5.954486E-03-5.938E-10 2.3944E-05 1.8E+02 2.3E+36
 2600     56.422  2.169733E-02  7.855656E-07 -1.378510E-11 -4.207875E-08  1.558929E-04 -3.219026E-10  1.248571E-02  2.650873E-01  9.999965E-01  1.003212E+00  9.981033E-01 6.920E-03 6.778E-02  5.965377E-03 3.393E-10 2.3940E-05 1.8E+02 2.3E+36
 2650     57.507  2.169999E-02  7.376910E-07 -7.157648E-12 -8.173106E-08  1.567354E-04 -2.571969E-10  1.251940E-02  2.655927E-01  1.000000E+00  1.003126E+00  9.971770E-01 6.907E-03 6.741E-02  5.958468E-03-3.393E-11 2.3848E-05 1.8E+02 2.3E+36
 2700     58.592  2.170038E-02  7.171412E-07  1.298980E-11 -4.852858E-08  1.575552E-04 -1.590371E-10  1.255210E-02  2.660948E-01  9.999989E-01  1.002739E+00  9.969766E-01 6.895E-03 6.683E-02  5.948001E-03 6.447E-10 2.3764E-05 1.8E+02 2.3E+36
 2750     59.677  2.170280E-02  7.232099E-07 -7.157648E-12 -2.322789E-09  1.583653E-04 -1.019085E-10  1.258433E-02  2.673284E-01  1.000003E+00  1.003346E+00  9.967533E-01 6.891E-03 6.691E-02  5.944731E-03-8.483E-11 2.3731E-05 1.8E+02 2.3E+36
 2800     60.762  2.170118E-02  7.149980E-07 -6.892549E-12  2.849247E-08  1.591271E-04 -1.114845E-10  1.261456E-02  2.674934E-01  9.999949E-01  1.002240E+00  9.977002E-01 6.893E-03 6.699E-02  5.959367E-03 3.393E-10 2.3737E-05 1.8E+02 2.3E+36
 2850     61.847  2.170218E-02  7.168641E-07  7.025098E-12  5.195100E-08  1.598341E-04 -1.209137E-10  1.264255E-02  2.675008E-01  1.000002E+00  1.002032E+00  9.971321E-01 6.899E-03 6.706E-02  6.003778E-03 2.715E-10 2.3772E-05 1.8E+02 2.3E+36
 2900     62.933  2.170358E-02  6.879787E-07 -1.192941E-11  9.008966E-08  1.605092E-04 -1.104852E-10  1.266922E-02  2.675635E-01  1.000004E+00  1.003552E+00  9.977093E-01 6.908E-03 6.681E-02  6.057823E-03-9.162E-10 2.3836E-05 1.8E+02 2.3E+36
 2950     64.018  2.170564E-02  7.741288E-07  8.085491E-12 -1.898719E-08  1.611562E-04 -1.273460E-10  1.269473E-02  2.678286E-01  1.000004E+00  1.002404E+00  9.976462E-01 6.912E-03 6.647E-02  6.079146E-03 4.581E-10 2.3881E-05 1.8E+02 2.3E+36
 3000     65.103  2.170676E-02  7.266692E-07  8.483138E-12 -4.445721E-08  1.617646E-04 -1.141434E-10  1.271867E-02  2.678279E-01  9.999968E-01  1.002040E+00  9.982458E-01 6.904E-03 6.615E-02  6.055920E-03-1.527E-10 2.3837E-05 1.8E+02 2.3E+36
 3050     66.188  2.170711E-02  7.028365E-07  2.226824E-11 -7.271401E-08  1.622453E-04 -1.004691E-10  1.273755E-02  2.674524E-01  9.999977E-01  1.002522E+00  9.978270E-01 6.892E-03 6.565E-02  6.012741E-03-1.357E-10 2.3757E-05 1.8E+02 2.3E+36
 3100     67.274  2.170645E-02  6.792110E-07 -1.325490E-12 -5.999169E-10  1.627182E-04 -8.037752E-11  1.275610E-02  2.672289E-01  1.000002E+00  1.003072E+00  9.976151E-01 6.884E-03 6.503E-02  5.985811E-03 2.799E-10 2.3704E-05 1.8E+02 2.3E+36
 3150     68.359  2.170337E-02  6.154410E-07  1.749647E-11  2.232921E-08  1.630705E-04 -7.681009E-11  1.276991E-02  2.676438E-01  9.999989E-01  1.002591E+00  9.977971E-01 6.886E-03 6.416E-02  5.976930E-03 4.920E-10 2.3717E-05 1.8E+02 2.3E+36
 3200     69.444  2.169900E-02  6.837632E-07  4.109020E-12 -1.706078E-08  1.633869E-04 -1.157546E-10  1.278229E-02  2.671008E-01  9.999980E-01  1.002870E+00  9.978884E-01 6.888E-03 6.390E-02  5.994882E-03-9.162E-10 2.3726E-05 1.8E+02 2.3E+36
 3250     70.529  2.169590E-02  7.123917E-07  3.896941E-11  7.222013E-08  1.636081E-04 -2.125733E-10  1.279094E-02  2.663792E-01  9.999964E-01  1.002480E+00  9.974263E-01 6.894E-03 6.413E-02  6.036682E-03 1.188E-10 2.3759E-05 1.8E+02 2.3E+36
 3300     71.614  2.169373E-02  6.962229E-07  4.771765E-12  1.469651E-08  1.638413E-04 -2.591696E-10  1.280005E-02  2.655578E-01  1.000003E+00  1.002062E+00  9.976038E-01 6.900E-03 6.386E-02  6.080310E-03 4.920E-10 2.3790E-05 1.8E+02 2.3E+36
 3350     72.698  2.169189E-02  7.293614E-07 -1.630353E-11 -1.247763E-08  1.640028E-04 -2.475281E-10  1.280636E-02  2.647501E-01  9.999981E-01  1.002309E+00  9.979725E-01 6.900E-03 6.343E-02  6.102102E-03 5.769E-10 2.3792E-05 1.8E+02 2.3E+36
 3400     73.783  2.169648E-02  5.838264E-07 -3.446275E-12 -1.153569E-07  1.641266E-04 -2.726741E-10  1.281119E-02  2.641228E-01  1.000003E+00  1.003716E+00  9.971554E-01 6.888E-03 6.362E-02  6.092708E-03 6.108E-10 2.3710E-05 1.8E+02 2.3E+36
 3450     74.868  2.169999E-02  6.030655E-07 -1.219451E-11 -7.329140E-08  1.642576E-04 -2.687417E-10  1.281630E-02  2.633225E-01  1.000001E+00  1.003295E+00  9.972114E-01 6.872E-03 6.357E-02  6.066632E-03-2.206E-10 2.3603E-05 1.8E+02 2.3E+36
 3500     75.953  2.170102E-02  7.077369E-07  1.855686E-11  3.293631E-08  1.643365E-04 -2.090650E-10  1.281938E-02  2.622932E-01  9.999992E-01  1.002517E+00  9.980277E-01 6.871E-03 6.372E-02  6.048380E-03 5.599E-10 2.3599E-05 1.8E+02 2.3E+36
 3550     77.038  2.170297E-02  6.447088E-07 -6.362353E-12  3.453088E-08  1.643939E-04 -1.461933E-10  1.282162E-02  2.611139E-01  9.999992E-01  1.001862E+00  9.980820E-01 6.874E-03 6.400E-02  6.045423E-03 2.545E-11 2.3620E-05 1.8E+02 2.3E+36
 3600     78.123  2.170415E-02  7.034482E-07 -6.892549E-12  5.397608E-08  1.644342E-04 -1.159255E-10  1.282319E-02  2.598063E-01  1.000000E+00  1.002444E+00  9.978017E-01 6.882E-03 6.342E-02  6.047754E-03-5.090E-10 2.3676E-05 1.8E+02 2.3E+36
 3650     79.209  2.170869E-02  6.181165E-07  1.617098E-11  4.545742E-08  1.644135E-04 -1.138192E-10  1.282238E-02  2.584701E-01  1.000002E+00  1.003098E+00  9.977207E-01 6.885E-03 6.330E-02  6.052308E-03 4.920E-10 2.3697E-05 1.8E+02 2.3E+36
 3700     80.294  2.170724E-02  6.499583E-07  5.752628E-11  4.827316E-08  1.644198E-04 -9.829546E-11  1.282263E-02  2.569674E-01  1.000002E+00  1.002012E+00  9.977438E-01 6.891E-03 6.324E-02  6.060922E-03-5.429E-10 2.3732E-05 1.8E+02 2.3E+36
 3750     81.379  2.170522E-02  7.269084E-07  9.013333E-12 -6.974677E-08  1.643335E-04 -1.032660E-10  1.281926E-02  2.559187E-01  1.000003E+00  1.001540E+00  9.980021E-01 6.890E-03 6.358E-02  6.072961E-03-3.393E-11 2.3728E-05 1.8E+02 2.3E+36
 3800     82.465  2.170674E-02  6.436464E-07 -2.863059E-11 -7.362807E-08  1.642867E-04 -9.602556E-11  1.281744E-02  2.550019E-01  9.999976E-01  1.001943E+00  9.978760E-01 6.874E-03 6.321E-02  6.078204E-03 2.206E-10 2.3622E-05 1.8E+02 2.3E+36
 3850     83.550  2.170507E-02  6.224061E-07  2.067765E-11 -3.641162E-08  1.641617E-04 -6.569151E-11  1.281256E-02  2.540376E-01  9.999980E-01  1.002512E+00  9.981342E-01 6.862E-03 6.312E-02  6.067889E-03-5.769E-10 2.3544E-05 1.8E+02 2.3E+36
 3900     84.635  2.170157E-02  6.219190E-07  3.313726E-12  5.380636E-08  1.639959E-04 -1.228771E-10  1.280609E-02  2.526284E-01  1.000003E+00  1.002525E+00  9.978390E-01 6.861E-03 6.319E-02  6.043777E-03 8.992E-10 2.3543E-05 1.8E+02 2.3E+36
 3950     85.720  2.169824E-02  6.600953E-07  2.531686E-11  8.945972E-08  1.637943E-04 -2.436686E-10  1.279822E-02  2.505923E-01  1.000002E+00  1.002145E+00  9.980457E-01 6.873E-03 6.300E-02  6.036866E-03-4.751E-10 2.3620E-05 1.8E+02 2.3E+36
 4000     86.805  2.169477E-02  6.829224E-07 -2.916078E-11  5.495483E-09  1.635524E-04 -3.518193E-10  1.278876E-02  2.491573E-01  1.000002E+00  1.002409E+00  9.979311E-01 6.882E-03 6.224E-02  6.051735E-03 4.242E-10 2.3670E-05 1.8E+02 2.3E+36
 4050     87.890  2.169351E-02  6.239110E-07 -2.385882E-11 -3.144726E-09  1.633109E-04 -3.832572E-10  1.277932E-02  2.482659E-01  1.000002E+00  1.001784E+00  9.976210E-01 6.881E-03 6.268E-02  6.073998E-03 6.787E-10 2.3656E-05 1.8E+02 2.3E+36
 4100     88.974  2.169325E-02  6.317545E-07 -9.808628E-12 -4.056875E-08  1.630003E-04 -3.690310E-10  1.276716E-02  2.473639E-01  9.999956E-01  1.001984E+00  9.972363E-01 6.876E-03 6.312E-02  6.085563E-03 4.581E-10 2.3625E-05 1.8E+02 2.3E+36
 4150     90.059  2.169893E-02  6.423334E-07  2.982353E-12 -6.584771E-08  1.627417E-04 -3.086565E-10  1.275702E-02  2.468622E-01  1.000007E+00  1.002292E+00  9.972284E-01 6.867E-03 6.303E-02  6.081012E-03-1.357E-10 2.3566E-05 1.8E+02 2.3E+36
 4200     91.144  2.170114E-02  6.333025E-07 -1.033882E-11 -4.462144E-08  1.624860E-04 -2.285953E-10  1.274700E-02  2.464106E-01  9.999973E-01  1.002750E+00  9.976820E-01 6.856E-03 6.358E-02  6.053630E-03 1.086E-09 2.3491E-05 1.8E+02 2.3E+36
 4250     92.229  2.170556E-02  5.841902E-07 -3.114902E-11  5.450283E-09  1.621887E-04 -1.651447E-10  1.273533E-02  2.461502E-01  1.000002E+00  1.002336E+00  9.976319E-01 6.849E-03 6.377E-02  6.018769E-03-1.188E-10 2.3448E-05 1.8E+02 2.3E+36
 4300     93.314  2.170534E-02  5.955195E-07 -6.097256E-12  7.549979E-08  1.619641E-04 -1.484981E-10  1.272651E-02  2.458118E-01  1.000002E+00  1.002167E+00  9.980889E-01 6.855E-03 6.359E-02  6.001513E-03 7.635E-11 2.3487E-05 1.8E+02 2.3E+36
 4350     94.400  2.170715E-02  6.412106E-07  4.427137E-11  6.088732E-08  1.616654E-04 -1.804634E-10  1.271477E-02  2.462039E-01  9.999985E-01  1.002163E+00  9.976751E-01 6.867E-03 6.419E-02  6.004029E-03 8.483E-11 2.3567E-05 1.8E+02 2.3E+36
 4400     95.485  2.170820E-02  6.534057E-07 -4.718746E-11 -1.964774E-09  1.613778E-04 -1.719679E-10  1.270346E-02  2.461454E-01  9.999995E-01  1.001790E+00  9.979407E-01 6.871E-03 6.440E-02  6.004108E-03-3.054E-10 2.3594E-05 1.8E+02 2.3E+36
 4450     96.571  2.170777E-02  6.305183E-07  1.789412E-11 -1.968897E-08  1.611209E-04 -1.661367E-10  1.269334E-02  2.458914E-01  9.999955E-01  1.001909E+00  9.975762E-01 6.868E-03 6.486E-02  6.014464E-03 5.429E-10 2.3568E-05 1.8E+02 2.3E+36
 4500     97.656  2.170557E-02  6.138105E-07  6.362353E-12 -3.752595E-08  1.608967E-04 -1.890126E-10  1.268451E-02  2.459400E-01  1.000001E+00  1.001673E+00  9.977449E-01 6.861E-03 6.513E-02  6.033521E-03 7.635E-10 2.3527E-05 1.8E+02 2.3E+36
 4550     98.741  2.170371E-02  6.213864E-07  4.675667E-11 -2.903435E-08  1.606631E-04 -2.049819E-10  1.267530E-02  2.461111E-01  1.000000E+00  1.002431E+00  9.978437E-01 6.854E-03 6.573E-02  6.038851E-03-1.866E-10 2.3486E-05 1.8E+02 2.3E+36
 4600     99.826  2.170148E-02  6.177874E-07  2.810039E-11 -3.382041E-08  1.604196E-04 -2.529781E-10  1.266569E-02  2.467479E-01  1.000002E+00  1.003551E+00  9.973556E-01 6.846E-03 6.610E-02  6.023965E-03-1.866E-10 2.3447E-05 1.8E+02 2.3E+36
 4650    100.911  2.169951E-02  6.080791E-07  2.306353E-11  3.096677E-08  1.601987E-04 -2.931570E-10  1.265696E-02  2.473785E-01  1.000005E+00  1.003334E+00  9.978452E-01 6.845E-03 6.609E-02  6.003937E-03 1.018E-10 2.3448E-05 1.8E+02 2.3E+36
 4700    101.996  2.169741E-02  6.042299E-07  3.976471E-13  8.997495E-08  1.599390E-04 -3.522868E-10  1.264670E-02  2.478366E-01  9.999989E-01  1.001898E+00  9.980409E-01 6.854E-03 6.616E-02  5.988266E-03-1.357E-10 2.3502E-05 1.8E+02 2.3E+36
 4750    103.081  2.169671E-02  6.356775E-07  2.478667E-11  6.954847E-09  1.596596E-04 -4.137782E-10  1.263565E-02  2.479842E-01  1.000003E+00  1.001717E+00  9.982342E-01 6.863E-03 6.663E-02  5.974303E-03-5.769E-10 2.3551E-05 1.8E+02 2.3E+36
 4800    104.166  2.169939E-02  6.306115E-07  8.880785E-12 -3.207899E-08  1.594043E-04 -4.444452E-10  1.262554E-02  2.480092E-01  9.999998E-01  1.002129E+00  9.980007E-01 6.862E-03 6.719E-02  5.960595E-03-3.224E-10 2.3529E-05 1.8E+02 2.3E+36
 4850    105.251  2.170025E-02  6.584659E-07  3.095020E-11 -7.085743E-08  1.591640E-04 -4.517871E-10  1.261602E-02  2.479124E-01  1.000003E+00  1.001720E+00  9.971009E-01 6.855E-03 6.749E-02  5.949811E-03-3.563E-10 2.3467E-05 1.8E+02 2.3E+36
 4900    106.336  2.169984E-02  6.359080E-07 -2.637726E-11 -6.032015E-08  1.590029E-04 -4.325189E-10  1.260964E-02  2.477698E-01  1.000002E+00  1.002490E+00  9.967222E-01 6.847E-03 6.827E-02  5.947917E-03-2.545E-10 2.3404E-05 1.8E+02 2.3E+36
 4950    107.421  2.170237E-02  6.118474E-07 -4.506667E-12 -1.712321E-08  1.588756E-04 -3.535383E-10  1.260459E-02  2.475122E-01  9.999997E-01  1.002569E+00  9.965034E-01 6.838E-03 6.918E-02  5.944495E-03 5.090E-11 2.3345E-05 1.8E+02 2.3E+36
 5000    108.506  2.170424E-02  5.430687E-07  1.365255E-11 -1.579182E-08  1.588586E-04 -2.948698E-10  1.260391E-02  2.473210E-01  9.999996E-01  1.002908E+00  9.971728E-01 6.831E-03 6.964E-02  5.942655E-03 4.242E-10 2.3306E-05 1.8E+02 2.3E+36
 5050    109.591  2.170822E-02  5.713092E-07  3.446275E-12  1.022512E-07  1.588592E-04 -2.296453E-10  1.260394E-02  2.474071E-01  9.999945E-01  1.002672E+00  9.972098E-01 6.836E-03 7.006E-02  5.939910E-03 5.769E-10 2.3351E-05 1.8E+02 2.3E+36
 5100    110.677  2.170836E-02  6.508474E-07  2.558196E-11  5.763616E-08  1.589236E-04 -2.066357E-10  1.260649E-02  2.472852E-01  9.999986E-01  1.002024E+00  9.976006E-01 6.850E-03 7.061E-02  5.931433E-03-3.054E-10 2.3454E-05 1.8E+02 2.3E+36
 5150    111.762  2.170664E-02  6.369153E-07 -3.207687E-11  1.578659E-10  1.590368E-04 -1.992730E-10  1.261098E-02  2.466804E-01  9.999965E-01  1.002006E+00  9.976501E-01 6.856E-03 7.118E-02  5.923248E-03-1.357E-10 2.3493E-05 1.8E+02 2.3E+36
 5200    112.848  2.170532E-02  6.412668E-07 -4.632588E-11 -4.510200E-08  1.592356E-04 -2.685039E-10  1.261886E-02  2.456610E-01  9.999993E-01  1.001814E+00  9.974915E-01 6.851E-03 7.154E-02  5.920650E-03 6.787E-11 2.3462E-05 1.8E+02 2.3E+36
 5250    113.933  2.170328E-02  5.247502E-07  9.477256E-12 -5.943021E-08  1.594893E-04 -3.881015E-10  1.262891E-02  2.450525E-01  1.000002E+00  1.002429E+00  9.979582E-01 6.837E-03 7.199E-02  5.915877E-03 1.697E-10 2.3368E-05 1.8E+02 2.3E+36
 5300    115.018  2.170458E-02  5.757381E-07  1.166431E-11  7.847565E-09  1.597840E-04 -4.591768E-10  1.264057E-02  2.448634E-01  1.000003E+00  1.002799E+00  9.974217E-01 6.831E-03 7.263E-02  5.897269E-03-5.769E-10 2.3339E-05 1.8E+02 2.3E+36
 5350    116.103  2.170257E-02  5.177134E-07 -6.627451E-12 -3.065779E-08  1.601583E-04 -4.844931E-10  1.265537E-02  2.469962E-01  9.999989E-01  1.002990E+00  9.971642E-01 6.826E-03 7.232E-02  5.881807E-03 5.599E-10 2.3315E-05 1.8E+02 2.3E+36
 5400    117.188  2.170106E-02  5.379455E-07  1.723137E-12  3.465760E-08  1.605467E-04 -4.806241E-10  1.267070E-02  2.505046E-01  9.999985E-01  1.002557E+00  9.976295E-01 6.827E-03 7.263E-02  5.869113E-03 4.072E-10 2.3321E-05 1.8E+02 2.3E+36
 5450    118.273  2.170292E-02  6.186149E-07  2.359373E-11  5.639418E-08  1.609642E-04 -4.390438E-10  1.268717E-02  2.533206E-01  1.000000E+00  1.002320E+00  9.978119E-01 6.837E-03 7.290E-02  5.857574E-03 3.393E-11 2.3384E-05 1.8E+02 2.3E+36
 5500    119.358  2.170086E-02  5.630259E-07 -5.301961E-13  3.928104E-08  1.614154E-04 -4.122337E-10  1.270494E-02  2.560634E-01  1.000002E+00  1.002212E+00  9.977813E-01 6.843E-03 7.304E-02  5.853928E-03-3.393E-10 2.3415E-05 1.8E+02 2.3E+36
 5550    120.443  2.169859E-02  6.298952E-07  3.843922E-12 -6.567168E-08  1.619496E-04 -4.094087E-10  1.272594E-02  2.607986E-01  9.999985E-01  1.001947E+00  9.974852E-01 6.847E-03 7.356E-02  5.856321E-03 3.902E-10 2.3422E-05 1.8E+02 2.3E+36
 5600    121.528  2.169746E-02  5.512175E-07  1.802667E-11 -1.048680E-07  1.625726E-04 -4.566532E-10  1.275040E-02  2.645354E-01  9.999982E-01  1.002445E+00  9.965338E-01 6.832E-03 7.359E-02  5.847045E-03 4.242E-10 2.3306E-05 1.8E+02 2.3E+36
 5650    122.613  2.169768E-02  5.336687E-07  1.683373E-11 -3.076728E-08  1.633313E-04 -5.463909E-10  1.278011E-02  2.679343E-01  9.999999E-01  1.003590E+00  9.964426E-01 6.820E-03 7.410E-02  5.833908E-03-1.103E-10 2.3219E-05 1.8E+02 2.3E+36
 5700    123.698  2.170023E-02  5.515577E-07  3.114902E-12 -7.713360E-09  1.641686E-04 -6.017762E-10  1.281283E-02  2.712701E-01  9.999980E-01  1.002411E+00  9.967348E-01 6.816E-03 7.407E-02  5.830541E-03 2.884E-10 2.3196E-05 1.8E+02 2.3E+36
 5750    124.783  2.170046E-02  5.648201E-07 -2.955843E-11  6.840497E-08  1.651003E-04 -5.344377E-10  1.284914E-02  2.745697E-01  1.000002E+00  1.002797E+00  9.968188E-01 6.819E-03 7.443E-02  5.835158E-03-1.018E-10 2.3221E-05 1.8E+02 2.3E+36
 5800    125.868  2.170393E-02  5.732131E-07 -3.618588E-11  2.127942E-08  1.661326E-04 -4.001966E-10  1.288925E-02  2.779397E-01  9.999982E-01  1.003355E+00  9.972583E-01 6.824E-03 7.455E-02  5.830305E-03 4.411E-10 2.3260E-05 1.8E+02 2.3E+36
 5850    126.954  2.170846E-02  5.517260E-07  1.855686E-11  7.311723E-08  1.672708E-04 -3.167073E-10  1.293332E-02  2.820339E-01  1.000000E+00  1.002635E+00  9.978936E-01 6.827E-03 7.486E-02  5.819350E-03-2.206E-10 2.3297E-05 1.8E+02 2.3E+36
 5900    128.039  2.170475E-02  5.883755E-07  2.491922E-11  4.135159E-08  1.685047E-04 -3.405557E-10  1.298094E-02  2.862125E-01  9.999964E-01  1.001796E+00  9.980072E-01 6.834E-03 7.479E-02  5.810750E-03-5.429E-10 2.3351E-05 1.8E+02 2.3E+36
 5950    129.124  2.170373E-02  5.836967E-07 -2.631098E-11 -5.175032E-08  1.698250E-04 -3.948977E-10  1.303169E-02  2.905338E-01  1.000000E+00  1.002576E+00  9.980893E-01 6.831E-03 7.510E-02  5.790160E-03 2.375E-10 2.3336E-05 1.8E+02 2.3E+36
 6000    130.209  2.170653E-02  5.788106E-07 -2.478667E-11 -7.331678E-08  1.712479E-04 -4.721676E-10  1.308617E-02  2.951141E-01  9.999974E-01  1.002241E+00  9.974436E-01 6.820E-03 7.501E-02  5.770014E-03-5.090E-10 2.3257E-05 1.8E+02 2.3E+36
 6050    131.295  2.170714E-02  5.314418E-07  6.627451E-12 -4.132773E-08  1.727425E-04 -6.336133E-10  1.314316E-02  2.994497E-01  9.999974E-01  1.002423E+00  9.972423E-01 6.808E-03 7.514E-02  5.758463E-03-1.527E-10 2.3174E-05 1.8E+02 2.3E+36
 6100    132.380  2.170270E-02  5.632246E-07 -1.776157E-11  4.454204E-08  1.743808E-04 -7.625939E-10  1.320533E-02  3.044983E-01  1.000001E+00  1.002264E+00  9.978573E-01 6.808E-03 7.509E-02  5.758449E-03-2.545E-10 2.3176E-05 1.8E+02 2.3E+36
 6150    133.465  2.170071E-02  5.500429E-07  2.650980E-11  3.836976E-08  1.761604E-04 -7.909863E-10  1.327254E-02  3.098657E-01  9.999979E-01  1.003950E+00  9.972784E-01 6.813E-03 7.510E-02  5.762843E-03-1.188E-10 2.3205E-05 1.8E+02 2.3E+36
 6200    134.550  2.169878E-02  5.646914E-07  1.458039E-12  2.755913E-08  1.779426E-04 -7.285091E-10  1.333951E-02  3.151138E-01  9.999997E-01  1.002472E+00  9.978203E-01 6.817E-03 7.521E-02  5.767461E-03 1.357E-10 2.3237E-05 1.8E+02 2.3E+36
 6250    135.635  2.169811E-02  5.529555E-07  1.401706E-11  3.235485E-08  1.799551E-04 -6.963370E-10  1.341474E-02  3.208331E-01  1.000003E+00  1.002381E+00  9.974174E-01 6.821E-03 7.532E-02  5.770581E-03 2.545E-10 2.3255E-05 1.8E+02 2.3E+36
 6300    136.720  2.169457E-02  6.179572E-07 -2.916079E-12 -1.037170E-08  1.821116E-04 -7.268678E-10  1.349487E-02  3.269975E-01  1.000004E+00  1.002125E+00  9.974812E-01 6.822E-03 7.509E-02  5.756504E-03 1.697E-10 2.3262E-05 1.8E+02 2.3E+36
 6350    137.805  2.169564E-02  5.755203E-07  4.162039E-11 -6.465211E-08  1.843977E-04 -8.052068E-10  1.357931E-02  3.331960E-01  9.999977E-01  1.001862E+00  9.973355E-01 6.813E-03 7.530E-02  5.736092E-03-7.295E-10 2.3194E-05 1.8E+02 2.3E+36
 6400    138.889  2.169807E-02  5.017126E-07 -9.808628E-12 -6.064887E-08  1.868425E-04 -8.514421E-10  1.366903E-02  3.391484E-01  1.000003E+00  1.002135E+00  9.970176E-01 6.799E-03 7.537E-02  5.723584E-03-3.902E-10 2.3092E-05 1.8E+02 2.3E+36
 6450    139.974  2.169895E-02  5.012421E-07  2.319608E-11 -1.408400E-08  1.895040E-04 -8.255381E-10  1.376605E-02  3.452953E-01  1.000000E+00  1.003055E+00  9.962372E-01 6.792E-03 7.541E-02  5.714058E-03 4.242E-10 2.3040E-05 1.8E+02 2.3E+36
 6500    141.059  2.170577E-02  5.134390E-07  2.770275E-11  8.583716E-08  1.924508E-04 -8.381904E-10  1.387266E-02  3.517530E-01  1.000002E+00  1.002759E+00  9.962136E-01 6.797E-03 7.546E-02  5.708832E-03-3.393E-10 2.3071E-05 1.8E+02 2.3E+36
 6550    142.145  2.170783E-02  5.946339E-07 -2.889569E-11  6.347852E-08  1.955082E-04 -8.559126E-10  1.398242E-02  3.590793E-01  9.999982E-01  1.002699E+00  9.963800E-01 6.807E-03 7.598E-02  5.705698E-03-2.715E-10 2.3150E-05 1.8E+02 2.3E+36
 6600    143.230  2.170441E-02  5.576090E-07 -1.696628E-11  5.999434E-08  1.988213E-04 -8.765597E-10  1.410040E-02  3.669095E-01  1.000004E+00  1.002238E+00  9.968477E-01 6.810E-03 7.700E-02  5.710690E-03-5.090E-11 2.3185E-05 1.8E+02 2.3E+36
 6650    144.315  2.170439E-02  5.591540E-07  8.748236E-12 -1.482110E-08  2.023340E-04 -9.222088E-10  1.422441E-02  3.741448E-01  1.000000E+00  1.003151E+00  9.972978E-01 6.813E-03 7.920E-02  5.698991E-03 1.697E-10 2.3196E-05 1.8E+02 2.3E+36
 6700    145.401  2.170493E-02  5.265927E-07  2.922706E-11 -7.108365E-08  2.059546E-04 -9.999886E-10  1.435112E-02  3.809537E-01  9.999961E-01  1.001679E+00  9.966686E-01 6.804E-03 8.061E-02  5.678463E-03-3.054E-10 2.3139E-05 1.8E+02 2.3E+36
 6750    146.486  2.170508E-02  5.416427E-07 -9.477256E-12 -4.565870E-08  2.098862E-04 -1.140054E-09  1.448745E-02  3.881817E-01  1.000002E+00  1.001743E+00  9.967981E-01 6.794E-03 8.164E-02  5.666673E-03 2.715E-10 2.3072E-05 1.8E+02 2.3E+36
 6800    147.571  2.170310E-02  5.340774E-07 -2.757020E-11 -3.460775E-08  2.140409E-04 -1.286334E-09  1.463014E-02  3.957684E-01  9.999990E-01  1.002434E+00  9.972472E-01 6.785E-03 8.308E-02  5.665537E-03 1.697E-11 2.3005E-05 1.8E+02 2.3E+36
 6850    148.656  2.169821E-02  5.225183E-07 -2.942589E-11  7.292635E-08  2.183724E-04 -1.394019E-09  1.477743E-02  4.032343E-01  1.000001E+00  1.002105E+00  9.969602E-01 6.785E-03 8.508E-02  5.664914E-03-4.411E-10 2.3006E-05 1.8E+02 2.3E+36
 6900    149.741  2.169810E-02  5.390945E-07  2.425647E-11  8.204414E-08  2.228788E-04 -1.544647E-09  1.492913E-02  4.107317E-01  1.000003E+00  1.001783E+00  9.971120E-01 6.795E-03 8.599E-02  5.674554E-03 1.697E-10 2.3076E-05 1.8E+02 2.3E+36
 6950    150.826  2.169639E-02  5.425593E-07 -1.007373E-11  1.858086E-08  2.276433E-04 -1.646238E-09  1.508785E-02  4.185490E-01  9.999973E-01  1.001937E+00  9.973639E-01 6.799E-03 8.687E-02  5.673577E-03-4.920E-10 2.3112E-05 1.8E+02 2.3E+36
 7000    151.911  2.169820E-02  5.825760E-07 -2.412392E-11 -1.533327E-08  2.326660E-04 -1.707228E-09  1.525339E-02  4.264879E-01  9.999982E-01  1.002989E+00  9.980769E-01 6.799E-03 8.813E-02  5.655390E-03 0.000E+00 2.3120E-05 1.8E+02 2.3E+36
 7050    152.995  2.166907E-02  5.575174E-07 -4.082510E-11 -4.901451E-08  2.377472E-04 -1.742370E-09  1.541905E-02  4.342206E-01  9.999998E-01  1.003669E+00  9.973229E-01 6.789E-03 9.001E-02  5.646316E-03-6.787E-11 2.3060E-05 1.8E+02 2.3E+36
 7100    154.079  2.166418E-02  5.592688E-07 -5.301961E-13 -4.555869E-08  2.430039E-04 -1.855254E-09  1.558858E-02  4.412988E-01  1.000004E+00  1.002376E+00  9.969617E-01 6.784E-03 9.111E-02  5.624412E-03 5.769E-10 2.3001E-05 1.8E+02 2.3E+36
 7150    155.161  2.162676E-02  5.401707E-07 -1.391765E-11 -6.000813E-08  2.484888E-04 -1.986134E-09  1.576353E-02  4.495173E-01  9.999959E-01  1.002496E+00  9.961177E-01 6.775E-03 9.231E-02  5.599310E-03-1.866E-10 2.2924E-05 1.8E+02 2.3E+36
 7200    156.242  2.163521E-02  4.417650E-07 -5.301961E-13 -3.786396E-09  2.541178E-04 -2.092735E-09  1.594107E-02  4.573348E-01  1.000003E+00  1.003589E+00  9.947788E-01 6.766E-03 9.257E-02  5.592747E-03-5.599E-10 2.2851E-05 1.8E+02 2.3E+36
 7250    157.324  2.163895E-02  5.492396E-07  8.483138E-12  7.771177E-08  2.599962E-04 -2.185056E-09  1.612440E-02  4.649945E-01  9.999996E-01  1.001874E+00  9.955614E-01 6.773E-03 9.279E-02  5.607567E-03 2.290E-10 2.2895E-05 1.8E+02 2.3E+36
 7300    158.406  2.162224E-02  5.153045E-07  1.298980E-11  8.293063E-08  2.660525E-04 -2.326035E-09  1.631111E-02  4.724120E-01  9.999999E-01  1.002069E+00  9.962271E-01 6.781E-03 9.343E-02  5.614085E-03-1.018E-10 2.2959E-05 1.8E+02 2.3E+36
 7350    159.487  2.161329E-02  5.612803E-07 -4.413883E-11  1.436328E-08  2.722898E-04 -2.511319E-09  1.650121E-02  4.802327E-01  9.999997E-01  1.001833E+00  9.968191E-01 6.787E-03 9.406E-02  5.614572E-03 1.697E-11 2.3017E-05 1.8E+02 2.3E+36
 7400    160.567  2.161099E-02  5.344113E-07  7.687843E-12 -4.334512E-08  2.786174E-04 -2.744761E-09  1.669184E-02  4.876126E-01  9.999967E-01  1.001896E+00  9.970567E-01 6.781E-03 9.417E-02  5.599829E-03-2.375E-10 2.2987E-05 1.8E+02 2.3E+36
 7450    161.648  2.160555E-02  4.824954E-07  2.226824E-11 -1.267381E-08  2.850228E-04 -3.013760E-09  1.688262E-02  4.954298E-01  9.999965E-01  1.002526E+00  9.976034E-01 6.771E-03 9.448E-02  5.594286E-03 5.260E-10 2.2929E-05 1.8E+02 2.3E+36
 7500    162.728  2.159856E-02  5.406577E-07 -1.438157E-11 -4.433500E-08  2.915113E-04 -3.217391E-09  1.707370E-02  5.025640E-01  9.999993E-01  1.002847E+00  9.976121E-01 6.766E-03 9.522E-02  5.588560E-03 2.206E-10 2.2896E-05 1.8E+02 2.3E+36
 7550    163.807  2.158860E-02  4.595202E-07  2.147294E-11 -3.367090E-08  2.979359E-04 -3.395068E-09  1.726082E-02  5.087781E-01  1.000001E+00  1.002545E+00  9.968425E-01 6.755E-03 9.551E-02  5.565637E-03-1.018E-10 2.2815E-05 1.8E+02 2.3E+36
 7600    164.887  2.159346E-02  4.797625E-07 -1.060392E-12  1.332303E-08  3.045168E-04 -3.591087E-09  1.745041E-02  5.171855E-01  1.000003E+00  1.002396E+00  9.964682E-01 6.753E-03 9.569E-02  5.564658E-03 2.375E-10 2.2792E-05 1.8E+02 2.3E+36
 7650    165.967  2.159711E-02  4.871618E-07 -1.212824E-11  7.894739E-08  3.111516E-04 -3.748660E-09  1.763949E-02  5.261042E-01  9.999981E-01  1.001622E+00  9.960563E-01 6.758E-03 9.619E-02  5.555685E-03-4.072E-10 2.2824E-05 1.8E+02 2.3E+36
 7700    167.046  2.158053E-02  5.450688E-07  1.683373E-11  9.248767E-08  3.178154E-04 -3.920051E-09  1.782738E-02  5.382853E-01  9.999993E-01  1.001453E+00  9.958652E-01 6.770E-03 9.624E-02  5.578588E-03-5.938E-10 2.2903E-05 1.8E+02 2.3E+36
 7750    168.125  2.156804E-02  5.383202E-07 -6.030981E-11 -3.797675E-08  3.246538E-04 -4.090304E-09  1.801815E-02  5.516450E-01  9.999998E-01  1.001789E+00  9.966678E-01 6.771E-03 9.633E-02  5.587410E-03 4.072E-10 2.2912E-05 1.8E+02 2.3E+36
 7800    169.203  2.155594E-02  4.921117E-07  6.097256E-12 -6.032943E-08  3.314304E-04 -4.288865E-09  1.820523E-02  5.666346E-01  1.000002E+00  1.001715E+00  9.970402E-01 6.758E-03 9.673E-02  5.555340E-03-1.697E-10 2.2825E-05 1.8E+02 2.3E+36
 7850    170.281  2.154994E-02  4.679037E-07 -8.218040E-12 -8.630374E-08  3.381037E-04 -4.444682E-09  1.838760E-02  5.827765E-01  9.999963E-01  1.002551E+00  9.961279E-01 6.744E-03 9.695E-02  5.532668E-03-3.393E-11 2.2726E-05 1.8E+02 2.3E+36
 7900    171.358  2.152949E-02  4.714234E-07 -3.104961E-11 -1.821383E-08  3.448328E-04 -4.554469E-09  1.856967E-02  5.996902E-01  1.000004E+00  1.003052E+00  9.956146E-01 6.735E-03 9.718E-02  5.540685E-03-1.697E-10 2.2654E-05 1.8E+02 2.3E+36
 7950    172.434  2.151743E-02  5.012413E-07  2.472039E-11  2.204874E-08  3.516693E-04 -4.710635E-09  1.875285E-02  6.162769E-01  1.000001E+00  1.002306E+00  9.956110E-01 6.734E-03 9.775E-02  5.545018E-03 3.902E-10 2.2643E-05 1.8E+02 2.3E+36
 8000    173.509  2.151288E-02  4.388868E-07  3.313726E-12  3.657120E-08  3.585370E-04 -4.908429E-09  1.893507E-02  6.346359E-01  1.000000E+00  1.002520E+00  9.953549E-01 6.736E-03 9.825E-02  5.550102E-03-4.411E-10 2.2652E-05 1.8E+02 2.3E+36
 8050    174.585  2.150521E-02  4.684543E-07 -3.552314E-11  8.089732E-08  3.655371E-04 -5.117879E-09  1.911903E-02  6.546919E-01  9.999980E-01  1.002585E+00  9.956456E-01 6.742E-03 9.800E-02  5.554121E-03-3.054E-10 2.2703E-05 1.8E+02 2.3E+36
 8100    175.660  2.150813E-02  5.142324E-07 -1.139922E-11  2.437199E-08  3.724735E-04 -5.194697E-09  1.929957E-02  6.740634E-01  9.999990E-01  1.001910E+00  9.957099E-01 6.749E-03 9.847E-02  5.554716E-03 4.751E-10 2.2758E-05 1.8E+02 2.3E+36
 8150    176.735  2.149017E-02  5.553009E-07  1.683373E-11 -3.116427E-08  3.795293E-04 -5.273830E-09  1.948151E-02  6.987469E-01  1.000000E+00  1.001855E+00  9.965776E-01 6.744E-03 9.890E-02  5.565679E-03-4.751E-10 2.2740E-05 1.8E+02 2.3E+36
 8200    177.810  2.148886E-02  4.790314E-07  3.578824E-12 -6.968222E-08  3.867383E-04 -5.276079E-09  1.966566E-02  7.248361E-01  1.000001E+00  1.002639E+00  9.973731E-01 6.729E-03 9.937E-02  5.548359E-03-2.375E-10 2.2650E-05 1.8E+02 2.3E+36
 8250    178.884  2.146994E-02  4.685596E-07  1.192941E-12 -3.810659E-08  3.939231E-04 -5.300965E-09  1.984750E-02  7.470025E-01  9.999972E-01  1.002813E+00  9.976110E-01 6.718E-03 1.001E-01  5.526271E-03-2.206E-10 2.2579E-05 1.8E+02 2.3E+36
 8300    179.957  2.146173E-02  4.245713E-07  7.303452E-11  4.746846E-09  4.010912E-04 -5.411159E-09  2.002726E-02  7.697571E-01  9.999988E-01  1.003193E+00  9.972460E-01 6.712E-03 1.010E-01  5.518500E-03-1.697E-11 2.2536E-05 1.8E+02 2.3E+36
 8350    181.030  2.144268E-02  4.886150E-07 -2.253333E-12  2.892313E-08  4.081556E-04 -5.495481E-09  2.020286E-02  7.999722E-01  1.000003E+00  1.002146E+00  9.964148E-01 6.716E-03 1.015E-01  5.531151E-03 8.483E-11 2.2551E-05 1.8E+02 2.3E+36
 8400    182.102  2.143718E-02  4.872814E-07 -3.101647E-11  2.987178E-08  4.153407E-04 -5.470266E-09  2.037991E-02  8.506330E-01  9.999988E-01  1.002128E+00  9.949765E-01 6.719E-03 1.020E-01  5.556684E-03-1.866E-10 2.2559E-05 1.8E+02 2.3E+36
 8450    183.174  2.144250E-02  4.726461E-07 -4.082510E-11  4.831306E-08  4.228413E-04 -5.311834E-09  2.056311E-02  9.078317E-01  1.000001E+00  1.002031E+00  9.956748E-01 6.722E-03 1.023E-01  5.554914E-03 1.697E-11 2.2569E-05 1.8E+02 2.3E+36
 8500    184.246  2.143433E-02  5.294694E-07 -1.166431E-11 -2.897098E-08  4.303271E-04 -5.084488E-09  2.074433E-02  9.602747E-01  9.999986E-01  1.001575E+00  9.954084E-01 6.724E-03 1.030E-01  5.538471E-03 1.527E-10 2.2576E-05 1.8E+02 2.3E+36
 8550    185.318  2.144457E-02  4.424982E-07  3.843922E-12 -6.789850E-08  4.380417E-04 -4.790943E-09  2.092945E-02  1.018590E+00  1.000003E+00  1.002119E+00  9.952334E-01 6.712E-03 1.036E-01  5.540029E-03 3.393E-10 2.2496E-05 1.8E+02 2.3E+36
 8600    186.389  2.143380E-02  4.901646E-07 -6.362353E-12 -7.287863E-08  4.457989E-04 -4.426415E-09  2.111395E-02  1.085275E+00  9.999982E-01  1.002194E+00  9.954072E-01 6.699E-03 1.044E-01  5.543038E-03 5.938E-10 2.2411E-05 1.8E+02 2.3E+36
 8650    187.461  2.142364E-02  4.638850E-07 -2.491922E-11 -2.316612E-08  4.537476E-04 -4.126376E-09  2.130135E-02  1.177421E+00  9.999977E-01  1.003081E+00  9.958923E-01 6.687E-03 1.058E-01  5.527321E-03 3.393E-11 2.2335E-05 1.8E+02 2.3E+36
 8700    188.532  2.140857E-02  4.741946E-07 -2.173804E-11  6.104970E-08  4.618309E-04 -3.897715E-09  2.149025E-02  1.261004E+00  9.999998E-01  1.002863E+00  9.957562E-01 6.687E-03 1.072E-01  5.521400E-03 2.036E-10 2.2342E-05 1.8E+02 2.3E+36
 8750    189.602  2.138574E-02  4.224899E-07 -1.921961E-11  4.528007E-09  4.700980E-04 -3.696159E-09  2.168174E-02  1.327515E+00  1.000002E+00  1.002809E+00  9.958715E-01 6.688E-03 1.087E-01  5.527420E-03 5.938E-10 2.2345E-05 1.8E+02 2.3E+36
 8800    190.671  2.135992E-02  4.620889E-07  1.192941E-11  7.695651E-08  4.785706E-04 -3.608410E-09  2.187626E-02  1.438448E+00  9.999995E-01  1.002338E+00  9.957191E-01 6.692E-03 1.099E-01  5.547924E-03 4.581E-10 2.2373E-05 1.9E+02 2.3E+36
 8850    191.738  2.133456E-02  4.845046E-07 -7.886667E-12  2.712821E-08  4.871711E-04 -3.754098E-09  2.207195E-02  1.561814E+00  9.999993E-01  1.001857E+00  9.958544E-01 6.696E-03 1.111E-01  5.558336E-03-3.393E-11 2.2406E-05 1.9E+02 2.3E+36
 8900    192.804  2.130703E-02  4.990286E-07  2.014745E-11 -1.762239E-08  4.960065E-04 -4.128395E-09  2.227120E-02  1.674485E+00  9.999976E-01  1.001544E+00  9.959158E-01 6.693E-03 1.125E-01  5.536810E-03-1.866E-10 2.2391E-05 1.9E+02 2.3E+36
 8950    193.869  2.129511E-02  5.304348E-07 -1.060392E-11 -7.313233E-08  5.050189E-04 -4.844012E-09  2.247263E-02  1.755996E+00  1.000001E+00  1.002257E+00  9.966726E-01 6.683E-03 1.144E-01  5.519895E-03 6.787E-11 2.2326E-05 1.9E+02 2.3E+36
 9000    194.934  2.127223E-02  4.051301E-07  3.976471E-13 -1.057507E-07  5.135958E-04 -6.121336E-09  2.266265E-02  1.872953E+00  1.000001E+00  1.002121E+00  9.965121E-01 6.661E-03 1.160E-01  5.511112E-03-1.697E-11 2.2187E-05 1.9E+02 2.4E+36
 9050    195.996  2.123554E-02  4.800472E-07 -5.103138E-12  5.095662E-08  5.220747E-04 -8.289549E-09  2.284895E-02  1.922322E+00  1.000003E+00  1.002511E+00  9.966161E-01 6.655E-03 1.160E-01  5.510692E-03 4.751E-10 2.2144E-05 1.9E+02 2.4E+36
 9100    197.057  2.121260E-02  4.351933E-07 -1.776157E-11  5.149954E-08  5.302381E-04 -1.156069E-08  2.302690E-02  2.019606E+00  1.000001E+00  1.002003E+00  9.964836E-01 6.658E-03 1.147E-01  5.519062E-03 1.697E-11 2.2161E-05 1.9E+02 2.4E+36
 9150    198.117  2.118463E-02  5.160181E-07  3.446275E-12  5.271740E-08  5.378884E-04 -1.609338E-08  2.319242E-02  2.146705E+00  1.000000E+00  1.002591E+00  9.946243E-01 6.665E-03 1.129E-01  5.526513E-03 1.357E-10 2.2207E-05 1.9E+02 2.4E+36
 9200    199.176  2.116788E-02  5.247101E-07  2.783530E-11  2.628659E-08  5.453363E-04 -2.140937E-08  2.335244E-02  2.258224E+00  9.999974E-01  1.001602E+00  9.951608E-01 6.668E-03 1.109E-01  5.536899E-03-4.581E-10 2.2217E-05 1.9E+02 2.4E+36
 9250    200.234  2.118288E-02  4.767995E-07  3.406510E-11 -1.461989E-08  5.527228E-04 -2.644642E-08  2.351006E-02  2.362093E+00  9.999965E-01  1.002542E+00  9.950309E-01 6.664E-03 1.098E-01  5.543199E-03 1.357E-10 2.2183E-05 1.9E+02 2.4E+36
 9300    201.293  2.119523E-02  5.089316E-07  1.895451E-11 -1.486034E-08  5.597503E-04 -2.984221E-08  2.365904E-02  2.461131E+00  9.999964E-01  1.002383E+00  9.946848E-01 6.658E-03 1.084E-01  5.523001E-03 6.278E-10 2.2147E-05 1.9E+02 2.4E+36
 9350    202.353  2.121229E-02  4.584942E-07  1.988235E-11 -9.640689E-08  5.663494E-04 -3.116694E-08  2.379810E-02  2.543899E+00  1.000004E+00  1.002170E+00  9.942603E-01 6.642E-03 1.073E-01  5.485428E-03 1.188E-10 2.2043E-05 1.9E+02 2.4E+36
 9400    203.413  2.120973E-02  4.426165E-07  1.458039E-11 -5.276803E-08  5.724815E-04 -3.152558E-08  2.392659E-02  2.585629E+00  9.999989E-01  1.002790E+00  9.943156E-01 6.626E-03 1.066E-01  5.471026E-03 2.036E-10 2.1930E-05 1.9E+02 2.4E+36
 9450    204.473  2.121577E-02  3.954846E-07  9.278432E-12  3.653502E-08  5.784750E-04 -3.208301E-08  2.405151E-02  2.563432E+00  9.999965E-01  1.002558E+00  9.954740E-01 6.620E-03 1.048E-01  5.484871E-03 1.018E-10 2.1891E-05 1.9E+02 2.4E+36
 9500    205.533  2.121189E-02  4.774164E-07  1.378510E-11  1.037928E-07  5.839529E-04 -3.302402E-08  2.416512E-02  2.477044E+00  9.999996E-01  1.002059E+00  9.950145E-01 6.628E-03 1.041E-01  5.499605E-03 1.697E-11 2.1938E-05 1.9E+02 2.4E+36
 9550    206.594  2.123358E-02  5.032926E-07 -1.898765E-11  6.913088E-08  5.894114E-04 -3.471968E-08  2.427780E-02  2.482057E+00  1.000001E+00  1.001591E+00  9.945904E-01 6.636E-03 1.011E-01  5.513091E-03-3.563E-10 2.1996E-05 1.9E+02 2.4E+36
 9600    207.656  2.125375E-02  4.659526E-07 -2.385882E-11 -2.930898E-08  5.947987E-04 -3.733834E-08  2.438849E-02  2.574702E+00  1.000001E+00  1.002527E+00  9.948784E-01 6.634E-03 1.000E-01  5.506401E-03 6.787E-11 2.1976E-05 1.9E+02 2.4E+36
 9650    208.719  2.124967E-02  4.561950E-07 -2.916079E-12 -2.377505E-08  6.003377E-04 -4.145414E-08  2.450179E-02  2.971446E+00  1.000002E+00  1.002151E+00  9.947528E-01 6.624E-03 1.068E-01  5.482239E-03 1.357E-10 2.1917E-05 1.9E+02 2.4E+36
 9700    209.782  2.126371E-02  5.101060E-07 -1.776157E-11 -2.153180E-08  6.065591E-04 -4.788271E-08  2.462842E-02  2.850760E+00  9.999976E-01  1.001566E+00  9.957858E-01 6.616E-03 1.078E-01  5.468201E-03-1.697E-11 2.1872E-05 1.9E+02 2.4E+36
 9750    210.844  2.125166E-02  4.300623E-07 -2.995608E-11 -4.360518E-08  6.130650E-04 -5.606342E-08  2.476015E-02  2.531296E+00  1.000005E+00  1.002186E+00  9.966445E-01 6.603E-03 1.125E-01  5.449397E-03 6.108E-10 2.1798E-05 1.9E+02 2.4E+36
 9800    211.906  2.122593E-02  4.085786E-07  2.690745E-11 -2.172691E-08  6.196084E-04 -6.524267E-08  2.489193E-02  2.861245E+00  9.999951E-01  1.002901E+00  9.971852E-01 6.590E-03 1.122E-01  5.429753E-03 5.090E-11 2.1719E-05 1.9E+02 2.4E+36
 9850    212.967  2.122853E-02  4.183559E-07  9.278432E-13  2.892087E-08  6.258736E-04 -6.857720E-08  2.501746E-02  2.669272E+00  1.000000E+00  1.002812E+00  9.963562E-01 6.586E-03 1.020E-01  5.428687E-03 1.697E-11 2.1694E-05 1.9E+02 2.4E+36
 9900    214.028  2.120135E-02  4.774856E-07 -2.120784E-11  8.566697E-08  6.315441E-04 -6.398633E-08  2.513054E-02  2.569550E+00  9.999986E-01  1.002483E+00  9.963170E-01 6.592E-03 9.859E-02  5.450159E-03 5.090E-11 2.1727E-05 1.9E+02 2.4E+36
 9950    215.087  2.119078E-02  5.274802E-07 -1.192941E-11  3.829341E-08  6.368603E-04 -5.810063E-08  2.523609E-02  2.501900E+00  9.999956E-01  1.002261E+00  9.959474E-01 6.599E-03 9.856E-02  5.469405E-03-3.393E-11 2.1767E-05 1.9E+02 2.4E+36
10000    216.146  2.118659E-02  4.480476E-07 -2.916079E-12 -3.632162E-08  6.419937E-04 -5.271151E-08  2.533760E-02  2.251816E+00  1.000007E+00  1.001850E+00  9.960021E-01 6.594E-03 9.814E-02  5.451110E-03 6.278E-10 2.1726E-05 1.9E+02 2.4E+36
10050    217.206  2.119376E-02  4.285647E-07 -1.590588E-11 -4.398255E-08  6.476414E-04 -5.113942E-08  2.544880E-02  2.065255E+00  9.999982E-01  1.002334E+00  9.956252E-01 6.582E-03 9.819E-02  5.424702E-03 5.090E-10 2.1645E-05 1.9E+02 2.4E+36
10100    218.266  2.117593E-02  4.606679E-07  5.036863E-12 -5.382604E-08  6.530880E-04 -4.920231E-08  2.555559E-02  2.111023E+00  9.999999E-01  1.002030E+00  9.954624E-01 6.571E-03 9.811E-02  5.399058E-03-2.715E-10 2.1565E-05 1.9E+02 2.4E+36
10150    219.325  2.120133E-02  4.573082E-07  1.192941E-11 -2.991631E-08  6.580084E-04 -4.741912E-08  2.565167E-02  1.928704E+00  1.000004E+00  1.002936E+00  9.957628E-01 6.559E-03 9.797E-02  5.376650E-03 3.393E-11 2.1487E-05 1.9E+02 2.4E+36
10200    220.385  2.121815E-02  4.293415E-07  1.829177E-11  8.923996E-09  6.623425E-04 -4.700778E-08  2.573602E-02  1.907805E+00  9.999970E-01  1.002684E+00  9.959073E-01 6.549E-03 1.025E-01  5.381822E-03 0.000E+00 2.1431E-05 1.9E+02 2.4E+36
10250    221.447  2.125489E-02  3.794733E-07 -3.313726E-12  4.217008E-08  6.666074E-04 -4.492851E-08  2.581874E-02  1.865215E+00  9.999999E-01  1.002134E+00  9.964464E-01 6.548E-03 1.034E-01  5.382949E-03 1.357E-10 2.1419E-05 1.9E+02 2.4E+36
10300    222.511  2.127244E-02  4.524599E-07  6.892549E-12  8.350602E-08  6.710474E-04 -3.839628E-08  2.590458E-02  1.887217E+00  9.999992E-01  1.001947E+00  9.962074E-01 6.556E-03 9.727E-02  5.382514E-03-3.563E-10 2.1471E-05 1.9E+02 2.4E+36
10350    223.574  2.128637E-02  4.961695E-07 -3.565569E-11  1.694547E-08  6.761088E-04 -3.083399E-08  2.600209E-02  1.921291E+00  9.999979E-01  1.001699E+00  9.959967E-01 6.560E-03 9.717E-02  5.392392E-03 1.866E-10 2.1499E-05 1.8E+02 2.4E+36
10400    224.640  2.133485E-02  5.094926E-07 -6.693726E-12 -4.190094E-08  6.815787E-04 -2.270078E-08  2.610706E-02  1.842704E+00  9.999985E-01  1.001398E+00  9.960557E-01 6.553E-03 9.648E-02  5.389334E-03 1.697E-10 2.1454E-05 1.8E+02 2.3E+36
10450    225.707  2.135756E-02  4.368551E-07 -9.874903E-12 -5.718443E-08  6.872925E-04 -1.449818E-08  2.621626E-02  1.836066E+00  1.000000E+00  1.001772E+00  9.965862E-01 6.538E-03 9.652E-02  5.362949E-03-2.036E-10 2.1360E-05 1.8E+02 2.3E+36
10500    226.776  2.139144E-02  4.028564E-07  6.627451E-13 -6.457285E-08  6.930055E-04 -7.584518E-09  2.632500E-02  1.754719E+00  9.999996E-01  1.002332E+00  9.964654E-01 6.522E-03 9.656E-02  5.322422E-03-1.527E-10 2.1255E-05 1.8E+02 2.3E+36
10550    227.847  2.143385E-02  4.399417E-07 -9.410981E-12  1.601060E-08  6.988299E-04 -8.672704E-10  2.643539E-02  1.705097E+00  1.000005E+00  1.002314E+00  9.970608E-01 6.513E-03 9.604E-02  5.299117E-03-2.375E-10 2.1206E-05 1.8E+02 2.3E+36
10600    228.919  2.145066E-02  4.136952E-07  1.338745E-11  1.041623E-08  7.050918E-04  7.190936E-09  2.655357E-02  1.835710E+00  9.999976E-01  1.002501E+00  9.968300E-01 6.509E-03 9.647E-02  5.299472E-03-3.393E-11 2.1177E-05 1.8E+02 2.3E+36
10650    229.992  2.144869E-02  4.352390E-07  4.586196E-11  7.845524E-08  7.115576E-04  1.732247E-08  2.667504E-02  1.965401E+00  1.000003E+00  1.002249E+00  9.967465E-01 6.511E-03 9.818E-02  5.312070E-03 4.751E-10 2.1197E-05 1.8E+02 2.3E+36
10700    231.064  2.146505E-02  5.288159E-07  1.497804E-11  5.566758E-08  7.176113E-04  3.104816E-08  2.678827E-02  2.117238E+00  9.999967E-01  1.001724E+00  9.969456E-01 6.519E-03 1.050E-01  5.333941E-03-2.375E-10 2.1249E-05 1.9E+02 2.3E+36
10750    232.137  2.143805E-02  4.754213E-07  1.935216E-11 -4.421809E-08  7.229827E-04  4.624063E-08  2.688834E-02  2.162739E+00  1.000001E+00  1.001419E+00  9.964228E-01 6.515E-03 1.075E-01  5.322687E-03-1.357E-10 2.1212E-05 1.9E+02 2.3E+36
10800    233.205  2.135224E-02  4.973510E-07  1.511059E-11 -6.163159E-08  7.280093E-04  5.784310E-08  2.698165E-02  2.080661E+00  9.999956E-01  1.001890E+00  9.950694E-01 6.502E-03 1.125E-01  5.291357E-03 1.697E-11 2.1121E-05 1.8E+02 2.3E+36
10850    234.273  2.134086E-02  3.677751E-07 -1.729765E-11 -7.726124E-08  7.327587E-04  6.715432E-08  2.706951E-02  2.126251E+00  1.000001E+00  1.003842E+00  9.949163E-01 6.480E-03 1.125E-01  5.267970E-03 0.000E+00 2.0975E-05 1.8E+02 2.3E+36
10900    235.341  2.138765E-02  4.397078E-07 -1.272471E-11  1.659832E-08  7.370404E-04  7.581493E-08  2.714849E-02  2.392933E+00  1.000000E+00  1.002859E+00  9.946373E-01 6.472E-03 1.077E-01  5.242579E-03 8.483E-11 2.0921E-05 1.8E+02 2.3E+36
10950    236.411  2.138132E-02  4.837760E-07  1.371882E-11  2.070084E-08  7.407775E-04  7.761017E-08  2.721723E-02  2.392312E+00  1.000001E+00  1.002662E+00  9.945914E-01 6.468E-03 1.068E-01  5.213267E-03-6.956E-10 2.0902E-05 1.8E+02 2.3E+36
11000    237.480  2.137401E-02  4.004344E-07  9.013333E-12  4.363647E-08  7.441543E-04  6.990316E-08  2.727919E-02  2.431584E+00  9.999992E-01  1.002144E+00  9.944936E-01 6.463E-03 1.079E-01  5.211688E-03 8.483E-10 2.0874E-05 1.9E+02 2.3E+36
11050    238.548  2.135976E-02  4.909409E-07 -3.101647E-11  7.397780E-08  7.475918E-04  5.843982E-08  2.734212E-02  2.373953E+00  1.000002E+00  1.001728E+00  9.953272E-01 6.468E-03 1.066E-01  5.234027E-03 5.090E-11 2.0914E-05 1.9E+02 2.3E+36
11100    239.616  2.134072E-02  4.124799E-07  1.895451E-11  5.348208E-08  7.509725E-04  4.390450E-08  2.740388E-02  2.193542E+00  9.999995E-01  1.002016E+00  9.954377E-01 6.469E-03 1.054E-01  5.234207E-03 9.671E-10 2.0919E-05 1.8E+02 2.3E+36
11150    240.684  2.133608E-02  5.212129E-07 -4.745255E-11 -3.415894E-08  7.550655E-04  3.432882E-08  2.747846E-02  2.294230E+00  1.000003E+00  1.001264E+00  9.953206E-01 6.467E-03 1.077E-01  5.240466E-03 2.715E-10 2.0906E-05 1.8E+02 2.3E+36
11200    241.751  2.137019E-02  4.344100E-07  3.737883E-11 -1.012918E-07  7.597712E-04  3.077308E-08  2.756395E-02  2.174934E+00  1.000001E+00  1.001737E+00  9.955443E-01 6.448E-03 1.036E-01  5.230015E-03-2.545E-10 2.0774E-05 1.8E+02 2.3E+36
11250    242.819  2.134713E-02  4.346314E-07 -2.127412E-11 -2.166693E-08  7.647825E-04  3.091037E-08  2.765470E-02  2.110285E+00  9.999966E-01  1.002187E+00  9.955700E-01 6.429E-03 1.018E-01  5.185489E-03 3.393E-10 2.0654E-05 1.8E+02 2.3E+36
11300    243.886  2.134397E-02  4.319774E-07  1.153177E-11  3.169738E-08  7.699581E-04  3.256734E-08  2.774812E-02  2.113142E+00  9.999990E-01  1.002234E+00  9.954288E-01 6.422E-03 9.831E-02  5.152771E-03-3.054E-10 2.0612E-05 1.8E+02 2.3E+36
11350    244.953  2.132966E-02  4.175308E-07 -2.041255E-11  3.357321E-08  7.761148E-04  3.212309E-08  2.785884E-02  1.871050E+00  1.000001E+00  1.002206E+00  9.953892E-01 6.420E-03 9.593E-02  5.161711E-03-4.157E-10 2.0599E-05 1.8E+02 2.3E+36
11400    246.020  2.133126E-02  4.705622E-07 -2.783529E-12  2.452899E-08  7.826487E-04  2.778314E-08  2.797586E-02  1.880921E+00  9.999989E-01  1.001819E+00  9.958503E-01 6.421E-03 9.611E-02  5.162905E-03 3.563E-10 2.0607E-05 1.8E+02 2.3E+36
11450    247.087  2.135281E-02  3.909163E-07  2.783529E-12  3.587612E-08  7.890021E-04  2.665517E-08  2.808918E-02  2.172433E+00  1.000002E+00  1.002089E+00  9.957359E-01 6.418E-03 9.423E-02  5.161656E-03 1.866E-10 2.0590E-05 1.8E+02 2.3E+36
11500    248.154  2.133962E-02  4.814257E-07 -5.593569E-11  4.114421E-08  7.956156E-04  2.631351E-08  2.820666E-02  2.260191E+00  1.000000E+00  1.001606E+00  9.955267E-01 6.421E-03 9.489E-02  5.172100E-03 4.072E-10 2.0605E-05 1.8E+02 2.3E+36
11550    249.222  2.137663E-02  4.457495E-07  2.319608E-11 -4.397645E-08  8.026111E-04  2.426522E-08  2.833039E-02  2.147016E+00  9.999992E-01  1.001467E+00  9.945516E-01 6.413E-03 9.790E-02  5.164511E-03 2.715E-10 2.0551E-05 1.8E+02 2.3E+36
11600    250.291  2.139227E-02  4.453718E-07 -4.904314E-12 -9.755449E-08  8.098421E-04  2.345423E-08  2.845772E-02  2.441013E+00  9.999973E-01  1.002154E+00  9.942151E-01 6.395E-03 1.028E-01  5.149024E-03 6.787E-11 2.0436E-05 1.8E+02 2.3E+36
11650    251.361  2.141824E-02  4.136462E-07 -5.964706E-12 -5.064625E-08  8.174190E-04  2.146040E-08  2.859054E-02  2.120329E+00  9.999989E-01  1.002518E+00  9.937783E-01 6.375E-03 1.035E-01  5.119943E-03-4.411E-10 2.0309E-05 1.8E+02 2.3E+36
11700    252.431  2.134248E-02  3.878017E-07 -3.181177E-12  4.636578E-08  8.252984E-04  2.197765E-08  2.872801E-02  1.950342E+00  9.999976E-01  1.002836E+00  9.940485E-01 6.368E-03 1.043E-01  5.098754E-03-4.072E-10 2.0267E-05 1.8E+02 2.3E+36
11750    253.496  2.129715E-02  4.303626E-07  2.041255E-11  8.751444E-08  8.335721E-04  2.149939E-08  2.887165E-02  1.992965E+00  1.000003E+00  1.002160E+00  9.947983E-01 6.373E-03 1.058E-01  5.083251E-03 1.697E-10 2.0301E-05 1.8E+02 2.3E+36
11800    254.564  2.136893E-02  4.433725E-07  0.000000E+00  4.499191E-08  8.421554E-04  2.134049E-08  2.901991E-02  2.193339E+00  1.000002E+00  1.001559E+00  9.945992E-01 6.377E-03 1.056E-01  5.083482E-03 7.126E-10 2.0327E-05 1.9E+02 2.3E+36
11850    255.632  2.134937E-02  4.438221E-07 -1.603843E-11 -5.702392E-09  8.513824E-04  2.095419E-08  2.917846E-02  2.180732E+00  1.000003E+00  1.002038E+00  9.941766E-01 6.374E-03 1.068E-01  5.110491E-03 4.411E-10 2.0309E-05 1.8E+02 2.3E+36
11900    256.699  2.132713E-02  4.342841E-07  3.194432E-11 -2.847418E-09  8.616235E-04  2.454680E-08  2.935342E-02  2.251684E+00  1.000001E+00  1.002348E+00  9.946402E-01 6.367E-03 1.098E-01  5.124146E-03 2.715E-10 2.0265E-05 1.9E+02 2.3E+36
11950    257.765  2.129634E-02  4.549339E-07 -2.253333E-11 -5.808842E-08  8.724144E-04  3.144035E-08  2.953666E-02  2.168475E+00  9.999959E-01  1.001688E+00  9.950634E-01 6.357E-03 1.091E-01  5.098198E-03 3.224E-10 2.0198E-05 1.9E+02 2.3E+36
12000    258.829  2.128290E-02  3.599546E-07  1.829177E-11 -5.993125E-08  8.836504E-04  3.810835E-08  2.972626E-02  2.224236E+00  9.999986E-01  1.002375E+00  9.934274E-01 6.337E-03 1.101E-01  5.076852E-03 3.224E-10 2.0071E-05 1.9E+02 2.4E+36
12050    259.893  2.126850E-02  4.149483E-07  2.704000E-11 -1.126932E-08  8.958766E-04  4.805138E-08  2.993120E-02  2.144732E+00  1.000002E+00  1.002236E+00  9.944339E-01 6.326E-03 1.148E-01  5.061133E-03-2.545E-10 1.9998E-05 1.9E+02 2.4E+36
12100    260.955  2.119473E-02  3.688290E-07  1.564079E-11  6.413583E-08  9.082402E-04  6.006474E-08  3.013702E-02  2.133200E+00  1.000004E+00  1.002534E+00  9.943417E-01 6.322E-03 1.112E-01  5.029465E-03 5.260E-10 1.9973E-05 1.9E+02 2.4E+36
12150    262.014  2.115853E-02  4.610723E-07  2.120784E-11  7.681189E-08  9.204443E-04  7.060395E-08  3.033883E-02  2.090012E+00  9.999986E-01  1.002630E+00  9.951975E-01 6.331E-03 1.095E-01  5.033182E-03-1.697E-11 2.0034E-05 1.8E+02 2.4E+36
12200    263.070  2.113789E-02  4.483158E-07  4.771765E-12 -5.874308E-09  9.325604E-04  8.449616E-08  3.053785E-02  2.069094E+00  9.999946E-01  1.001686E+00  9.961952E-01 6.332E-03 1.108E-01  5.044013E-03-3.733E-10 2.0040E-05 1.9E+02 2.4E+36
12250    264.128  2.116612E-02  4.120380E-07 -8.218040E-12 -9.673959E-09  9.445735E-04  1.053409E-07  3.073392E-02  2.053875E+00  1.000003E+00  1.002003E+00  9.963139E-01 6.323E-03 1.136E-01  5.040493E-03-2.884E-10 1.9981E-05 1.9E+02 2.4E+36
12300    265.189  2.123418E-02  4.765444E-07 -6.627451E-12 -3.900573E-08  9.576337E-04  1.239895E-07  3.094566E-02  2.089307E+00  9.999961E-01  1.001545E+00  9.958301E-01 6.315E-03 1.173E-01  5.052804E-03-2.884E-10 1.9929E-05 1.9E+02 2.4E+36
12350    266.251  2.123820E-02  3.691290E-07  2.916079E-12 -4.032592E-08  9.735097E-04  1.346939E-07  3.120112E-02  2.711011E+00  1.000000E+00  1.002679E+00  9.951007E-01 6.299E-03 1.218E-01  5.048314E-03-1.357E-10 1.9821E-05 1.9E+02 2.4E+36
12400    267.313  2.122618E-02  4.696620E-07 -8.416864E-12 -5.764729E-08  9.916372E-04  1.373146E-07  3.149027E-02  3.372158E+00  9.999986E-01  1.002425E+00  9.948508E-01 6.288E-03 1.221E-01  5.025391E-03-3.054E-10 1.9753E-05 1.9E+02 2.4E+36
12450    268.374  2.125717E-02  3.786431E-07  1.484549E-11  8.807883E-09  1.008238E-03  1.399602E-07  3.175277E-02  3.651537E+00  9.999984E-01  1.003342E+00  9.944916E-01 6.276E-03 1.218E-01  5.004956E-03 2.545E-10 1.9678E-05 1.9E+02 2.4E+36
12500    269.441  2.134453E-02  4.117186E-07 -2.969098E-11  9.439214E-08  1.022072E-03  1.426702E-07  3.196986E-02  3.328518E+00  9.999976E-01  1.002593E+00  9.946045E-01 6.279E-03 1.251E-01  4.989581E-03 5.090E-11 1.9699E-05 1.9E+02 2.3E+36
12550    270.508  2.131505E-02  4.961629E-07  1.802667E-11  4.837774E-08  1.037560E-03  1.445458E-07  3.221118E-02  3.107456E+00  9.999989E-01  1.001804E+00  9.945760E-01 6.287E-03 1.339E-01  4.994352E-03-1.018E-10 1.9753E-05 1.9E+02 2.3E+36
12600    271.569  2.113960E-02  4.075693E-07  1.325490E-11  1.163595E-08  1.055396E-03  1.735640E-07  3.248686E-02  3.532216E+00  9.999970E-01  1.002130E+00  9.960095E-01 6.281E-03 1.456E-01  4.994215E-03-3.393E-10 1.9722E-05 1.9E+02 2.4E+36
12650    272.618  2.071234E-02  4.448320E-07  1.285726E-11 -3.426220E-08  1.076881E-03  1.835551E-07  3.281586E-02  3.072126E+00  1.000001E+00  1.002832E+00  9.964136E-01 6.275E-03 1.495E-01  4.978040E-03-6.787E-11 1.9682E-05 1.9E+02 2.4E+36
12700    273.637  1.970935E-02  4.184325E-07 -1.855686E-12 -2.488144E-08  1.105805E-03  1.986882E-07  3.325364E-02  3.741385E+00  9.999983E-01  1.002275E+00  9.965037E-01 6.264E-03 1.950E-01  4.981925E-03-2.884E-10 1.9615E-05 2.0E+02 2.5E+36
12750    274.601  1.891192E-02  4.576290E-07 -1.245961E-11 -3.669010E-08  1.145758E-03  3.089629E-07  3.384904E-02  5.169436E+00  1.000001E+00  1.003356E+00  9.955019E-01 6.257E-03 2.416E-01  4.979583E-03 5.514E-10 1.9572E-05 2.0E+02 2.6E+36
12800    275.528  1.842234E-02  4.117654E-07  4.506667E-12 -4.538850E-08  1.204104E-03  5.179180E-07  3.470021E-02  6.324245E+00  9.999964E-01  1.005785E+00  9.928377E-01 6.248E-03 2.753E-01  4.957489E-03-6.447E-10 1.9515E-05 2.1E+02 2.7E+36
12850    276.420  1.720905E-02  3.754101E-07 -3.976471E-12 -2.687962E-08  1.292561E-03  7.906051E-07  3.595220E-02  8.829285E+00  1.000004E+00  1.007803E+00  9.843717E-01 6.242E-03 3.668E-01  4.942136E-03 2.036E-10 1.9476E-05 2.3E+02 2.9E+36
12900    277.300  1.857484E-02  4.151242E-07  4.506667E-12  8.589495E-08  1.366318E-03  8.591475E-07  3.696375E-02  8.242877E+00  9.999997E-01  1.004468E+00  9.894984E-01 6.246E-03 2.879E-01  4.938581E-03 2.375E-10 1.9501E-05 2.1E+02 2.7E+36
12950    278.223  1.868585E-02  4.163291E-07 -3.393255E-11  9.156209E-08  1.476116E-03  4.465220E-07  3.842025E-02  7.867493E+00  1.000002E+00  1.007919E+00  9.897721E-01 6.259E-03 2.814E-01  4.939348E-03 6.108E-10 1.9579E-05 2.1E+02 2.7E+36
13000    279.122  1.751856E-02  5.600970E-07  1.656863E-12  5.095324E-08  1.762367E-03 -5.424545E-07  4.198055E-02  1.394727E+01  9.999973E-01  1.032434E+00  9.750041E-01 6.280E-03 5.342E-01  4.942139E-03 1.357E-10 1.9710E-05 2.2E+02 2.9E+36
  Time step has become too short: dt =    6.50230447E-07

 Simulation finished after        13040  time-steps

 Writing final snapshot at time t =   279.41766808708496     

 Wall clock time [hours] =   4.67     (+/-  2.78E-10)
 Wall clock time/timestep/meshpoint [microsec] = 3.842E-02

350840.428u 291.276s 4:40:31.44 2086.1%	0+0k 1496+257374208io 179pf+0w
Sat  3 Mar 17:13:06 GMT 2018
Done
