/var/spool/slurmd/job19340781/slurm_script: line 18: gcc/11.3.0: No such file or directory
/var/spool/slurmd/job19340781/slurm_script: line 20: intel-oneapi-mkl/2022.1.0: No such file or directory
/var/spool/slurmd/job19340781/slurm_script: line 22: openmpi/4.1.4: No such file or directory
/var/spool/slurmd/job19340781/slurm_script: line 24: csc-tools: command not found
/var/spool/slurmd/job19340781/slurm_script: line 26: StdEnv: command not found
/var/spool/slurmd/job19340781/slurm_script: line 27: cuda/11.7.0: No such file or directory
2 CPUs
HOSTNAME = r07c01.bullx
USER = purotouk
Running under MPI
Simple Linux Utility for Resource Management (SLURM) job
SLURM_NODELIST = r07c01
SLURM_TASKS_PER_NODE = 2
Puhti - CSC, Kajaani, Finland
Running job: 19340781
GETCONF:multi_op=
datadir = data
-- DEBUG CONFIG --
$mpi            =  <1>
$ncpus          =  <2>
$npops          =  <-n 2>
$local_disc     =  <0>
$one_local_disc =  <0>
$remote_top     =  <0>
$local_binary   =  <0>
$datadir        =  <data>
$SCRATCH_DIR    =  </scratch/pencil-3544617>
$hn             =  <r07c01.bullx>
$masterhost     =  <>
$mpirun         =  <srun>
$mpirunops      =  <>
$mpirunops2     =  <>
$x_ops          =  <>
$NODELIST       =  <r07c01>
$SSH            =  <ssh>
$SCP            =  <scp>
$PARENT_PID     =  <3544617>
$copysnapshots  =  <copy-snapshots>
$particles      =  <0>
$pointmasses    =  <0>
--
Revision: 42b943b5b
 M src/Makefile.parent
 M src/bfield.f90
 M src/border_profiles.f90
 M src/boundcond.f90
 M src/boundcond_alt.f90
 M src/cdata.f90
 M src/chemistry.f90
 M src/chemistry_simple.f90
 M src/copyin.inc
 M src/density.f90
 M src/deriv_2nd.f90
 M src/diagnostics.f90
 M src/dustdensity.f90
 M src/dustvelocity.f90
 M src/entropy.f90
 M src/equ.f90
 M src/experimental/entropy_anelastic.f90
 M src/experimental/forcing_cont_sample.f90
 M src/experimental/hydro_ffreeMHDrel.f90
 M src/experimental/magnetic_shearboxJ.f90
 M src/experimental/neutralvelocity_matchiontemp.f90
 M src/experimental/shock_perp.f90
 M src/experimental/test_chemistry.f90
 M src/farray_alloc.f90
 M src/forcing.f90
 M src/general.f90
 M src/gpu_astaroth.f90
 M src/hdf5_io_parallel.f90
 M src/hydro.f90
 M src/hydro_kinematic.f90
 M src/hydro_potential.f90
 M src/magnetic.f90
 M src/magnetic/maxwell.f90
 M src/messages.f90
 M src/mpicomm.h
 M src/neutralvelocity.f90
 M src/nochemistry.f90
 M src/nodustdensity.f90
 M src/nodustvelocity.f90
 M src/noenergy.f90
 M src/noentropy.f90
 M src/nofarray_alloc.f90
 M src/noforcing.f90
 M src/nogpu.f90
 M src/nogravity.f90
 M src/nohydro.f90
 M src/nomagnetic.f90
 M src/noneutralvelocity.f90
 M src/noselfgravity.f90
 M src/noviscosity.f90
 M src/register.f90
 M src/selfgravity.f90
 M src/selfgravity_logspirals.f90
 M src/shared_variables.f90
 M src/solid_cells_ogrid_chemistry.f90
 M src/special.f90
 M src/special.h
 M src/special/1D_loop.f90
 M src/special/NS_polecap.f90
 M src/special/advective_gauge.f90
 M src/special/alphadisk.f90
 M src/special/atmosphere.f90
 M src/special/axionSU2back.f90
 M src/special/backreact_infl.f90
 M src/special/baroclinic_run.f90
 M src/special/bc_strat.f90
 M src/special/boussinesq.f90
 M src/special/chem_stream.f90
 M src/special/chiral_mhd.f90
 M src/special/collapse.f90
 M src/special/coronae.f90
 M src/special/disp_current.f90
 M src/special/dynamical_resistivity.f90
 M src/special/flowaroundsphere.f90
 M src/special/flux_limdiff.f90
 M src/special/footpoints.f90
 M src/special/gravitational_waves.f90
 M src/special/gravitational_waves_hTXk.f90
 M src/special/gravitational_waves_hij6.f90
 M src/special/gross_pitaevskii.f90
 M src/special/internal_flow.f90
 M src/special/jet.f90
 M src/special/lorenz_gauge.f90
 M src/special/lucky_droplet.f90
 M src/special/magneticspiral.f90
 M src/special/meanfield_alpm.f90
 M src/special/meanfield_alpm_alternate.f90
 M src/special/meanfield_alpm_etat.f90
 M src/special/meanfield_dynamo_z.f90
 M src/special/meanfield_e_tensor.f90
 M src/special/multisp_drag_eq.f90
 M src/special/neutron_star.f90
 M src/special/newton_cooling.f90
 M src/special/oscillation_0D.f90
 M src/special/oscillation_0D_Lorenz.f90
 M src/special/param_instab.f90
 M src/special/planet_atmosphere.f90
 M src/special/pressure_bump.f90
 M src/special/radial_dist_func.f90
 M src/special/reaction_0D.f90
 M src/special/rtime_phiavg.f90
 M src/special/set_gravity.f90
 M src/special/shallow_water.f90
 M src/special/shell.f90
 M src/special/solar_corona.f90
 M src/special/stellartide.f90
 M src/special/streamfunction.f90
 M src/special/streamfunction_dimensional.f90
 M src/special/streamfunction_direct.f90
 M src/special/streamfunction_fullmultigrid.f90
 M src/special/streamfunction_multigrid.f90
 M src/special/symbreak.f90
 M src/special/turbpotential.f90
 M src/special/twist_inject.f90
 M src/special/twist_inject_delta.f90
 M src/special/van_der_pol.f90
 M src/sub.f90
 M src/temperature_idealgas.f90
 M src/temperature_ionization.f90
 M src/thermal_energy.f90
 M src/visc_smagorinsky.f90
 M src/viscosity.f90
 M src/weno_transport.f90
 M src/yinyang.f90
Fri 10 Nov 19:39:04 EET 2023
srun  -n 2  src/run.x 
 Pencil1: iapp, nprocs, ncpus=           0           2           2
 
 =====================================================================
 WARNING: using SINGLE PRECISION, you'd better know what you're doing!
 =====================================================================
 
SVN: -------            v.         (                   ) $Id$
 FATAL ERROR: parallel_read: file "data/param.nml" not found!!!
Note: The following floating-point exceptions are signalling: IEEE_INVALID_FLAG IEEE_DIVIDE_BY_ZERO
STOP 2
srun: error: r07c01: task 0: Exited with exit code 2
srun: launch/slurm: _step_signal: Terminating StepId=19340781.0
slurmstepd: error: *** STEP 19340781.0 ON r07c01 CANCELLED AT 2023-11-10T19:39:14 ***
srun: error: r07c01: task 1: Terminated
srun: Force Terminated StepId=19340781.0
0.009u 0.014s 0:10.03 0.0%	0+0k 8+8io 0pf+0w
Fri 10 Nov 19:39:14 EET 2023
Done
Found ERROR file from run.x
