#--it----t------dt-----dtv-----uxmax--------uymax--------uzmax-------dbxmax-------dbymax-------dbzmax-----divbmax-
    0  0.000 3.10E-02 0.26 9.951847E-04 9.951847E-04 3.980739E-03 9.951847E-04 9.951847E-04 3.980739E-03 0.000000
    1  0.031 3.10E-02 0.26 9.716280E-04 9.716280E-04 3.886612E-03 9.716569E-04 9.716569E-04 3.886630E-03 0.000000
    2  0.062 3.10E-02 0.26 9.453288E-04 9.453288E-04 3.782294E-03 9.456101E-04 9.456101E-04 3.782442E-03 0.000000
    3  0.093 3.10E-02 0.26 9.166166E-04 9.166166E-04 3.668788E-03 9.172830E-04 9.172830E-04 3.669128E-03 0.000000
    4  0.124 3.10E-02 0.26 8.918019E-04 8.918019E-04 3.569291E-03 8.924002E-04 8.924002E-04 3.569600E-03 0.000000
    5  0.155 3.10E-02 0.26 8.687228E-04 8.687228E-04 3.478455E-03 8.697461E-04 8.697461E-04 3.478975E-03 0.000000
    6  0.186 3.10E-02 0.26 8.435220E-04 8.435220E-04 3.378969E-03 8.449243E-04 8.449243E-04 3.379676E-03 0.000000
    7  0.217 3.10E-02 0.26 8.178322E-04 8.178322E-04 3.275635E-03 8.190698E-04 8.190698E-04 3.276261E-03 0.000000
    8  0.248 3.10E-02 0.26 7.979187E-04 7.979187E-04 3.196983E-03 7.994455E-04 7.994455E-04 3.197749E-03 0.000000
    9  0.279 3.10E-02 0.26 7.760705E-04 7.760705E-04 3.110163E-03 7.777637E-04 7.777637E-04 3.111006E-03 0.000000
   10  0.310 3.10E-02 0.26 7.524899E-04 7.524899E-04 3.015962E-03 7.542208E-04 7.542208E-04 3.016818E-03 0.000000
   11  0.341 3.10E-02 0.26 7.327915E-04 7.327915E-04 2.936551E-03 7.343457E-04 7.343457E-04 2.937319E-03 0.000000
   12  0.372 3.10E-02 0.26 7.139572E-04 7.139572E-04 2.861068E-03 7.154728E-04 7.154728E-04 2.861810E-03 0.000000
   13  0.403 3.10E-02 0.26 6.934374E-04 6.934374E-04 2.778546E-03 6.948296E-04 6.948296E-04 2.779220E-03 0.000000
   14  0.434 3.10E-02 0.26 6.728647E-04 6.728647E-04 2.695718E-03 6.741032E-04 6.741032E-04 2.696316E-03 0.000000
   15  0.465 3.10E-02 0.26 6.566328E-04 6.566328E-04 2.630317E-03 6.577391E-04 6.577391E-04 2.630843E-03 0.000000
   16  0.496 3.10E-02 0.26 6.387455E-04 6.387455E-04 2.558205E-03 6.396939E-04 6.396939E-04 2.558648E-03 0.000000
   17  0.527 3.10E-02 0.26 6.193403E-04 6.193403E-04 2.480018E-03 6.201294E-04 6.201294E-04 2.480378E-03 0.000000
   18  0.558 3.10E-02 0.26 6.035516E-04 6.035516E-04 2.416602E-03 6.042660E-04 6.042660E-04 2.416926E-03 0.000000
   19  0.589 3.10E-02 0.26 5.879369E-04 5.879369E-04 2.353765E-03 5.885451E-04 5.885451E-04 2.354033E-03 0.000000
   20  0.620 3.10E-02 0.26 5.708539E-04 5.708539E-04 2.285135E-03 5.713784E-04 5.713784E-04 2.285361E-03 0.000000
   21  0.651 3.10E-02 0.26 5.543037E-04 5.543037E-04 2.218739E-03 5.547724E-04 5.547724E-04 2.218938E-03 0.000000
   22  0.682 3.10E-02 0.26 5.406926E-04 5.406926E-04 2.164176E-03 5.411281E-04 5.411281E-04 2.164359E-03 0.000000
   23  0.713 3.10E-02 0.26 5.256887E-04 5.256887E-04 2.104112E-03 5.261102E-04 5.261102E-04 2.104289E-03 0.000000
   24  0.744 3.10E-02 0.26 5.094303E-04 5.094303E-04 2.039083E-03 5.098521E-04 5.098521E-04 2.039262E-03 0.000000
   25  0.775 3.10E-02 0.26 4.968148E-04 4.968148E-04 1.988495E-03 4.972008E-04 4.972008E-04 1.988658E-03 0.000000
   26  0.806 3.10E-02 0.26 4.836998E-04 4.836998E-04 1.936113E-03 4.841063E-04 4.841063E-04 1.936289E-03 0.000000
   27  0.837 3.10E-02 0.26 4.694064E-04 4.694064E-04 1.879013E-03 4.698312E-04 4.698312E-04 1.879201E-03 0.000000
   28  0.868 3.10E-02 0.26 4.561530E-04 4.561530E-04 1.825848E-03 4.565345E-04 4.565345E-04 1.826015E-03 0.000000
   29  0.899 3.10E-02 0.26 4.447563E-04 4.447563E-04 1.780348E-03 4.451592E-04 4.451592E-04 1.780529E-03 0.000000
   30  0.930 3.10E-02 0.26 4.322502E-04 4.322502E-04 1.730370E-03 4.326623E-04 4.326623E-04 1.730559E-03 0.000000
   31  0.961 3.10E-02 0.26 4.187461E-04 4.187461E-04 1.676354E-03 4.191536E-04 4.191536E-04 1.676543E-03 0.000000
   32  0.992 3.10E-02 0.26 4.087020E-04 4.087020E-04 1.636048E-03 4.090727E-04 4.090727E-04 1.636221E-03 0.000000
