#--it-----t-------dt-----urms-------brms-------jrms-------jmax--------abm--------jbm--------bmz----
    0    0.000   0.051 1.00E+00  1.3569E-03   2.90E-02   8.28E-02  -1.67E-09  -3.37E-07   2.36E-05
   10    0.514   0.051 1.00E+00  4.0613E-05   4.90E-04   1.38E-03  -1.36E-12   7.63E-11   3.54E-06
   20    1.028   0.051 1.00E+00  1.8509E-05   9.34E-05   2.40E-04  -3.03E-12  -7.42E-12   2.27E-06
   30    1.542   0.051 1.00E+00  1.2226E-05   4.04E-05   1.14E-04  -1.57E-12  -1.36E-11   1.95E-06
   40    2.056   0.051 1.00E+00  9.2556E-06   2.60E-05   8.03E-05  -3.33E-13  -9.53E-12   1.83E-06
   50    2.570   0.051 1.00E+00  7.5896E-06   1.92E-05   5.83E-05   2.08E-13  -5.69E-13   1.67E-06
   60    3.084   0.051 1.00E+00  6.5506E-06   1.55E-05   4.72E-05  -1.28E-13   6.07E-12   1.54E-06
   70    3.598   0.051 1.00E+00  5.8609E-06   1.30E-05   4.09E-05  -8.27E-13   6.75E-12   1.45E-06
   80    4.112   0.051 1.00E+00  5.4367E-06   1.11E-05   3.42E-05  -1.43E-12   5.00E-12   1.48E-06
   90    4.626   0.051 1.00E+00  5.1955E-06   9.85E-06   2.73E-05  -1.87E-12   3.64E-12   1.59E-06
  100    5.140   0.051 1.00E+00  5.0604E-06   9.10E-06   2.44E-05  -2.21E-12   3.16E-12   1.72E-06
  110    5.654   0.051 1.00E+00  4.9898E-06   8.66E-06   2.24E-05  -2.54E-12   3.20E-12   1.83E-06
  120    6.168   0.051 1.00E+00  4.9649E-06   8.41E-06   2.19E-05  -2.88E-12   3.34E-12   1.95E-06
  130    6.682   0.051 1.00E+00  4.9765E-06   8.30E-06   2.11E-05  -3.22E-12   3.40E-12   2.06E-06
  140    7.196   0.051 1.00E+00  5.0163E-06   8.32E-06   2.04E-05  -3.57E-12   3.46E-12   2.17E-06
  150    7.711   0.051 1.00E+00  5.0763E-06   8.46E-06   1.98E-05  -3.94E-12   3.60E-12   2.29E-06
  160    8.225   0.051 1.00E+00  5.1514E-06   8.66E-06   2.10E-05  -4.32E-12   3.85E-12   2.41E-06
  170    8.739   0.051 1.00E+00  5.2411E-06   8.92E-06   2.17E-05  -4.73E-12   4.21E-12   2.53E-06
  180    9.253   0.051 1.00E+00  5.3471E-06   9.22E-06   2.21E-05  -5.19E-12   4.64E-12   2.66E-06
  190    9.767   0.051 1.00E+00  5.4710E-06   9.55E-06   2.22E-05  -5.69E-12   5.14E-12   2.80E-06
  200   10.281   0.051 1.00E+00  5.6138E-06   9.93E-06   2.29E-05  -6.25E-12   5.70E-12   2.94E-06
  210   10.795   0.051 1.00E+00  5.7760E-06   1.03E-05   2.40E-05  -6.86E-12   6.33E-12   3.10E-06
  220   11.309   0.051 1.00E+00  5.9579E-06   1.08E-05   2.52E-05  -7.55E-12   7.04E-12   3.26E-06
  230   11.823   0.051 1.00E+00  6.1603E-06   1.13E-05   2.63E-05  -8.32E-12   7.82E-12   3.42E-06
  240   12.337   0.051 1.00E+00  6.3839E-06   1.18E-05   2.76E-05  -9.16E-12   8.70E-12   3.60E-06
  250   12.851   0.051 1.00E+00  6.6292E-06   1.23E-05   2.87E-05  -1.01E-11   9.67E-12   3.79E-06
  260   13.365   0.051 1.00E+00  6.8970E-06   1.29E-05   2.97E-05  -1.12E-11   1.08E-11   3.99E-06
  270   13.879   0.051 1.00E+00  7.1877E-06   1.36E-05   3.06E-05  -1.23E-11   1.20E-11   4.20E-06
  280   14.393   0.051 1.00E+00  7.5020E-06   1.42E-05   3.14E-05  -1.36E-11   1.33E-11   4.42E-06
  290   14.907   0.051 1.00E+00  7.8406E-06   1.49E-05   3.30E-05  -1.51E-11   1.48E-11   4.65E-06
  300   15.421   0.051 1.00E+00  8.2041E-06   1.57E-05   3.48E-05  -1.67E-11   1.64E-11   4.90E-06
  310   15.935   0.051 1.00E+00  8.5932E-06   1.65E-05   3.65E-05  -1.85E-11   1.83E-11   5.16E-06
  320   16.449   0.051 1.00E+00  9.0087E-06   1.73E-05   3.82E-05  -2.04E-11   2.03E-11   5.43E-06
  330   16.963   0.051 1.00E+00  9.4514E-06   1.82E-05   3.98E-05  -2.26E-11   2.25E-11   5.72E-06
  340   17.477   0.051 1.00E+00  9.9222E-06   1.91E-05   4.14E-05  -2.51E-11   2.50E-11   6.02E-06
  350   17.991   0.051 1.00E+00  1.0422E-05   2.01E-05   4.30E-05  -2.78E-11   2.77E-11   6.34E-06
  360   18.505   0.051 1.00E+00  1.0952E-05   2.12E-05   4.47E-05  -3.08E-11   3.08E-11   6.67E-06
  370   19.019   0.051 1.00E+00  1.1513E-05   2.23E-05   4.70E-05  -3.41E-11   3.41E-11   7.03E-06
  380   19.533   0.051 1.00E+00  1.2107E-05   2.34E-05   4.95E-05  -3.78E-11   3.79E-11   7.40E-06
  390   20.047   0.051 1.00E+00  1.2735E-05   2.47E-05   5.19E-05  -4.19E-11   4.20E-11   7.79E-06
  400   20.561   0.051 1.00E+00  1.3398E-05   2.59E-05   5.45E-05  -4.65E-11   4.66E-11   8.21E-06
  410   21.075   0.051 1.00E+00  1.4098E-05   2.73E-05   5.71E-05  -5.15E-11   5.17E-11   8.64E-06
  420   21.590   0.051 1.00E+00  1.4837E-05   2.87E-05   5.99E-05  -5.71E-11   5.73E-11   9.10E-06
  430   22.104   0.051 1.00E+00  1.5617E-05   3.03E-05   6.30E-05  -6.33E-11   6.36E-11   9.58E-06
  440   22.618   0.051 1.00E+00  1.6439E-05   3.19E-05   6.63E-05  -7.02E-11   7.05E-11   1.01E-05
  450   23.132   0.051 1.00E+00  1.7305E-05   3.35E-05   6.98E-05  -7.79E-11   7.82E-11   1.06E-05
  460   23.646   0.051 1.00E+00  1.8218E-05   3.53E-05   7.34E-05  -8.63E-11   8.67E-11   1.12E-05
  470   24.160   0.051 1.00E+00  1.9181E-05   3.72E-05   7.72E-05  -9.57E-11   9.62E-11   1.18E-05
  480   24.674   0.051 1.00E+00  2.0195E-05   3.92E-05   8.11E-05  -1.06E-10   1.07E-10   1.24E-05
  490   25.188   0.051 1.00E+00  2.1263E-05   4.12E-05   8.51E-05  -1.18E-10   1.18E-10   1.31E-05
  500   25.702   0.051 1.00E+00  2.2388E-05   4.34E-05   8.94E-05  -1.31E-10   1.31E-10   1.38E-05
  510   26.216   0.051 1.00E+00  2.3574E-05   4.57E-05   9.40E-05  -1.45E-10   1.45E-10   1.45E-05
  520   26.730   0.051 1.00E+00  2.4822E-05   4.81E-05   9.90E-05  -1.60E-10   1.61E-10   1.53E-05
  530   27.244   0.051 1.00E+00  2.6137E-05   5.07E-05   1.04E-04  -1.78E-10   1.79E-10   1.61E-05
  540   27.758   0.051 1.00E+00  2.7522E-05   5.34E-05   1.10E-04  -1.97E-10   1.98E-10   1.69E-05
  550   28.272   0.051 1.00E+00  2.8980E-05   5.62E-05   1.15E-04  -2.19E-10   2.20E-10   1.78E-05
  560   28.786   0.051 1.00E+00  3.0516E-05   5.92E-05   1.21E-04  -2.43E-10   2.44E-10   1.88E-05
  570   29.300   0.051 1.00E+00  3.2134E-05   6.23E-05   1.28E-04  -2.69E-10   2.70E-10   1.98E-05
  580   29.814   0.051 1.00E+00  3.3837E-05   6.56E-05   1.34E-04  -2.98E-10   3.00E-10   2.08E-05
  590   30.328   0.051 1.00E+00  3.5631E-05   6.91E-05   1.41E-04  -3.31E-10   3.32E-10   2.19E-05
  600   30.842   0.051 1.00E+00  3.7519E-05   7.28E-05   1.49E-04  -3.67E-10   3.69E-10   2.31E-05
  610   31.356   0.051 1.00E+00  3.9509E-05   7.66E-05   1.56E-04  -4.07E-10   4.09E-10   2.43E-05
  620   31.870   0.051 1.00E+00  4.1603E-05   8.07E-05   1.65E-04  -4.51E-10   4.53E-10   2.56E-05
  630   32.384   0.051 1.00E+00  4.3809E-05   8.50E-05   1.73E-04  -5.00E-10   5.02E-10   2.69E-05
  640   32.898   0.051 1.00E+00  4.6131E-05   8.95E-05   1.82E-04  -5.54E-10   5.57E-10   2.84E-05
  650   33.412   0.051 1.00E+00  4.8577E-05   9.42E-05   1.92E-04  -6.15E-10   6.18E-10   2.99E-05
  660   33.926   0.051 1.00E+00  5.1153E-05   9.92E-05   2.02E-04  -6.82E-10   6.85E-10   3.14E-05
  670   34.440   0.051 1.00E+00  5.3865E-05   1.04E-04   2.13E-04  -7.56E-10   7.60E-10   3.31E-05
  680   34.955   0.051 1.00E+00  5.6721E-05   1.10E-04   2.24E-04  -8.38E-10   8.42E-10   3.49E-05
  690   35.469   0.051 1.00E+00  5.9728E-05   1.16E-04   2.36E-04  -9.30E-10   9.34E-10   3.67E-05
  700   35.983   0.051 1.00E+00  6.2895E-05   1.22E-04   2.49E-04  -1.03E-09   1.04E-09   3.87E-05
  710   36.497   0.051 1.00E+00  6.6230E-05   1.28E-04   2.62E-04  -1.14E-09   1.15E-09   4.07E-05
  720   37.011   0.051 1.00E+00  6.9741E-05   1.35E-04   2.75E-04  -1.27E-09   1.27E-09   4.29E-05
  730   37.525   0.051 1.00E+00  7.3439E-05   1.42E-04   2.90E-04  -1.41E-09   1.41E-09   4.51E-05
  740   38.039   0.051 1.00E+00  7.7333E-05   1.50E-04   3.05E-04  -1.56E-09   1.57E-09   4.75E-05
  750   38.553   0.051 1.00E+00  8.1433E-05   1.58E-04   3.22E-04  -1.73E-09   1.74E-09   5.01E-05
  760   39.067   0.051 1.00E+00  8.5751E-05   1.66E-04   3.39E-04  -1.92E-09   1.93E-09   5.27E-05
  770   39.581   0.051 1.00E+00  9.0297E-05   1.75E-04   3.56E-04  -2.12E-09   2.13E-09   5.55E-05
  780   40.095   0.051 1.00E+00  9.5085E-05   1.84E-04   3.75E-04  -2.36E-09   2.37E-09   5.84E-05
  790   40.609   0.051 1.00E+00  1.0013E-04   1.94E-04   3.95E-04  -2.61E-09   2.62E-09   6.15E-05
  800   41.123   0.051 1.00E+00  1.0544E-04   2.05E-04   4.16E-04  -2.90E-09   2.91E-09   6.48E-05
  810   41.637   0.051 1.00E+00  1.1103E-04   2.15E-04   4.38E-04  -3.21E-09   3.23E-09   6.82E-05
  820   42.151   0.051 1.00E+00  1.1691E-04   2.27E-04   4.61E-04  -3.56E-09   3.58E-09   7.19E-05
  830   42.666   0.051 1.00E+00  1.2311E-04   2.39E-04   4.86E-04  -3.95E-09   3.97E-09   7.57E-05
  840   43.180   0.051 1.00E+00  1.2964E-04   2.51E-04   5.11E-04  -4.38E-09   4.40E-09   7.97E-05
  850   43.694   0.051 1.00E+00  1.3651E-04   2.65E-04   5.39E-04  -4.86E-09   4.88E-09   8.39E-05
  860   44.208   0.051 1.00E+00  1.4375E-04   2.79E-04   5.67E-04  -5.38E-09   5.41E-09   8.84E-05
  870   44.722   0.051 1.00E+00  1.5137E-04   2.94E-04   5.97E-04  -5.97E-09   6.00E-09   9.30E-05
  880   45.236   0.051 1.00E+00  1.5940E-04   3.09E-04   6.29E-04  -6.62E-09   6.65E-09   9.80E-05
  890   45.750   0.051 1.00E+00  1.6785E-04   3.26E-04   6.62E-04  -7.34E-09   7.38E-09   1.03E-04
  900   46.264   0.051 1.00E+00  1.7675E-04   3.43E-04   6.97E-04  -8.14E-09   8.18E-09   1.09E-04
  910   46.778   0.051 1.00E+00  1.8612E-04   3.61E-04   7.34E-04  -9.03E-09   9.07E-09   1.14E-04
  920   47.292   0.051 1.00E+00  1.9599E-04   3.80E-04   7.73E-04  -1.00E-08   1.01E-08   1.20E-04
  930   47.806   0.051 1.00E+00  2.0638E-04   4.00E-04   8.14E-04  -1.11E-08   1.12E-08   1.27E-04
  940   48.320   0.051 1.00E+00  2.1732E-04   4.22E-04   8.57E-04  -1.23E-08   1.24E-08   1.34E-04
  950   48.834   0.051 1.00E+00  2.2885E-04   4.44E-04   9.03E-04  -1.36E-08   1.37E-08   1.41E-04
  960   49.348   0.051 1.00E+00  2.4098E-04   4.67E-04   9.50E-04  -1.51E-08   1.52E-08   1.48E-04
  970   49.863   0.051 1.00E+00  2.5376E-04   4.92E-04   1.00E-03  -1.68E-08   1.69E-08   1.56E-04
  980   50.377   0.051 1.00E+00  2.6721E-04   5.18E-04   1.05E-03  -1.86E-08   1.87E-08   1.64E-04
  990   50.891   0.051 1.00E+00  2.8138E-04   5.46E-04   1.11E-03  -2.06E-08   2.07E-08   1.73E-04
