#--it-----t-------dt-----urms-------brms-------jrms-------jmax--------abm--------jbm--------bmz----
    0    0.000   0.051 1.00E+00  1.3463E-03   2.89E-02   7.92E-02   3.19E-10   2.74E-08   2.50E-05
   10    0.514   0.051 1.00E+00  4.0648E-05   5.82E-04   1.90E-03   5.70E-12   1.34E-10   4.80E-06
   20    1.028   0.051 1.00E+00  1.8638E-05   1.08E-04   2.94E-04  -2.91E-12   2.78E-11   2.11E-06
   30    1.542   0.051 1.00E+00  1.2472E-05   4.17E-05   1.29E-04  -3.36E-12  -2.23E-13   2.10E-06
   40    2.056   0.051 1.00E+00  9.6909E-06   2.72E-05   7.45E-05  -3.87E-12   9.03E-12   2.20E-06
   50    2.570   0.051 1.00E+00  8.0554E-06   2.10E-05   5.59E-05  -4.71E-12   5.61E-12   2.08E-06
   60    3.084   0.051 1.00E+00  6.9750E-06   1.72E-05   4.64E-05  -4.97E-12   2.23E-13   2.09E-06
   70    3.598   0.051 1.00E+00  6.2401E-06   1.47E-05   4.08E-05  -4.94E-12   6.32E-14   2.19E-06
   80    4.112   0.051 1.00E+00  5.7566E-06   1.30E-05   3.75E-05  -5.07E-12   2.53E-12   2.29E-06
   90    4.626   0.051 1.00E+00  5.4809E-06   1.19E-05   3.56E-05  -5.44E-12   4.33E-12   2.39E-06
  100    5.140   0.051 1.00E+00  5.3635E-06   1.13E-05   3.42E-05  -5.91E-12   4.61E-12   2.50E-06
  110    5.654   0.051 1.00E+00  5.3512E-06   1.10E-05   3.31E-05  -6.36E-12   4.26E-12   2.63E-06
  120    6.168   0.051 1.00E+00  5.4052E-06   1.09E-05   3.28E-05  -6.79E-12   4.18E-12   2.76E-06
  130    6.682   0.051 1.00E+00  5.5041E-06   1.10E-05   3.30E-05  -7.24E-12   4.57E-12   2.90E-06
  140    7.196   0.051 1.00E+00  5.6384E-06   1.12E-05   3.31E-05  -7.74E-12   5.22E-12   3.04E-06
  150    7.711   0.051 1.00E+00  5.8038E-06   1.15E-05   3.34E-05  -8.32E-12   5.97E-12   3.20E-06
  160    8.225   0.051 1.00E+00  5.9973E-06   1.19E-05   3.38E-05  -8.97E-12   6.78E-12   3.36E-06
  170    8.739   0.051 1.00E+00  6.2165E-06   1.23E-05   3.40E-05  -9.71E-12   7.66E-12   3.53E-06
  180    9.253   0.051 1.00E+00  6.4599E-06   1.27E-05   3.43E-05  -1.06E-11   8.65E-12   3.72E-06
  190    9.767   0.051 1.00E+00  6.7273E-06   1.32E-05   3.45E-05  -1.15E-11   9.73E-12   3.91E-06
  200   10.281   0.051 1.00E+00  7.0185E-06   1.38E-05   3.50E-05  -1.26E-11   1.09E-11   4.11E-06
  210   10.795   0.051 1.00E+00  7.3331E-06   1.44E-05   3.54E-05  -1.37E-11   1.22E-11   4.33E-06
  220   11.309   0.051 1.00E+00  7.6711E-06   1.50E-05   3.72E-05  -1.51E-11   1.37E-11   4.56E-06
  230   11.823   0.051 1.00E+00  8.0327E-06   1.57E-05   3.88E-05  -1.66E-11   1.53E-11   4.80E-06
  240   12.337   0.051 1.00E+00  8.4185E-06   1.64E-05   4.03E-05  -1.82E-11   1.71E-11   5.05E-06
  250   12.851   0.051 1.00E+00  8.8293E-06   1.72E-05   4.19E-05  -2.01E-11   1.91E-11   5.32E-06
  260   13.365   0.051 1.00E+00  9.2660E-06   1.81E-05   4.35E-05  -2.22E-11   2.13E-11   5.60E-06
  270   13.879   0.051 1.00E+00  9.7298E-06   1.89E-05   4.50E-05  -2.45E-11   2.37E-11   5.90E-06
  280   14.393   0.051 1.00E+00  1.0221E-05   1.99E-05   4.65E-05  -2.70E-11   2.63E-11   6.21E-06
  290   14.907   0.051 1.00E+00  1.0742E-05   2.09E-05   4.80E-05  -2.99E-11   2.93E-11   6.54E-06
  300   15.421   0.051 1.00E+00  1.1293E-05   2.20E-05   4.97E-05  -3.31E-11   3.25E-11   6.89E-06
  310   15.935   0.051 1.00E+00  1.1875E-05   2.31E-05   5.16E-05  -3.66E-11   3.61E-11   7.25E-06
  320   16.449   0.051 1.00E+00  1.2491E-05   2.43E-05   5.34E-05  -4.05E-11   4.01E-11   7.64E-06
  330   16.963   0.051 1.00E+00  1.3141E-05   2.55E-05   5.61E-05  -4.49E-11   4.46E-11   8.04E-06
  340   17.477   0.051 1.00E+00  1.3827E-05   2.68E-05   5.90E-05  -4.97E-11   4.95E-11   8.47E-06
  350   17.991   0.051 1.00E+00  1.4550E-05   2.82E-05   6.19E-05  -5.51E-11   5.49E-11   8.92E-06
  360   18.505   0.051 1.00E+00  1.5313E-05   2.97E-05   6.49E-05  -6.10E-11   6.09E-11   9.39E-06
  370   19.019   0.051 1.00E+00  1.6118E-05   3.13E-05   6.81E-05  -6.76E-11   6.76E-11   9.89E-06
  380   19.533   0.051 1.00E+00  1.6967E-05   3.29E-05   7.13E-05  -7.49E-11   7.50E-11   1.04E-05
  390   20.047   0.051 1.00E+00  1.7861E-05   3.47E-05   7.46E-05  -8.31E-11   8.31E-11   1.10E-05
  400   20.561   0.051 1.00E+00  1.8803E-05   3.65E-05   7.80E-05  -9.21E-11   9.22E-11   1.15E-05
  410   21.075   0.051 1.00E+00  1.9796E-05   3.84E-05   8.16E-05  -1.02E-10   1.02E-10   1.22E-05
  420   21.590   0.051 1.00E+00  2.0842E-05   4.04E-05   8.53E-05  -1.13E-10   1.13E-10   1.28E-05
  430   22.104   0.051 1.00E+00  2.1944E-05   4.26E-05   8.92E-05  -1.25E-10   1.26E-10   1.35E-05
  440   22.618   0.051 1.00E+00  2.3105E-05   4.48E-05   9.37E-05  -1.39E-10   1.40E-10   1.42E-05
  450   23.132   0.051 1.00E+00  2.4328E-05   4.72E-05   9.87E-05  -1.54E-10   1.55E-10   1.49E-05
  460   23.646   0.051 1.00E+00  2.5616E-05   4.97E-05   1.04E-04  -1.71E-10   1.72E-10   1.57E-05
  470   24.160   0.051 1.00E+00  2.6973E-05   5.23E-05   1.09E-04  -1.90E-10   1.90E-10   1.66E-05
  480   24.674   0.051 1.00E+00  2.8401E-05   5.51E-05   1.15E-04  -2.10E-10   2.11E-10   1.75E-05
  490   25.188   0.051 1.00E+00  2.9906E-05   5.80E-05   1.21E-04  -2.33E-10   2.34E-10   1.84E-05
  500   25.702   0.051 1.00E+00  3.1490E-05   6.11E-05   1.27E-04  -2.58E-10   2.59E-10   1.94E-05
  510   26.216   0.051 1.00E+00  3.3159E-05   6.43E-05   1.33E-04  -2.86E-10   2.88E-10   2.04E-05
  520   26.730   0.051 1.00E+00  3.4916E-05   6.77E-05   1.40E-04  -3.18E-10   3.19E-10   2.15E-05
  530   27.244   0.051 1.00E+00  3.6767E-05   7.13E-05   1.47E-04  -3.52E-10   3.54E-10   2.26E-05
  540   27.758   0.051 1.00E+00  3.8716E-05   7.51E-05   1.54E-04  -3.91E-10   3.92E-10   2.38E-05
  550   28.272   0.051 1.00E+00  4.0768E-05   7.91E-05   1.62E-04  -4.33E-10   4.35E-10   2.51E-05
  560   28.786   0.051 1.00E+00  4.2929E-05   8.33E-05   1.71E-04  -4.80E-10   4.82E-10   2.64E-05
  570   29.300   0.051 1.00E+00  4.5205E-05   8.77E-05   1.80E-04  -5.32E-10   5.35E-10   2.78E-05
  580   29.814   0.051 1.00E+00  4.7601E-05   9.23E-05   1.89E-04  -5.90E-10   5.93E-10   2.93E-05
  590   30.328   0.051 1.00E+00  5.0125E-05   9.72E-05   1.99E-04  -6.55E-10   6.58E-10   3.08E-05
  600   30.842   0.051 1.00E+00  5.2782E-05   1.02E-04   2.10E-04  -7.26E-10   7.29E-10   3.24E-05
  610   31.356   0.051 1.00E+00  5.5580E-05   1.08E-04   2.21E-04  -8.05E-10   8.09E-10   3.42E-05
  620   31.870   0.051 1.00E+00  5.8527E-05   1.14E-04   2.32E-04  -8.93E-10   8.97E-10   3.60E-05
  630   32.384   0.051 1.00E+00  6.1630E-05   1.20E-04   2.44E-04  -9.90E-10   9.94E-10   3.79E-05
  640   32.898   0.051 1.00E+00  6.4898E-05   1.26E-04   2.57E-04  -1.10E-09   1.10E-09   3.99E-05
  650   33.412   0.051 1.00E+00  6.8339E-05   1.33E-04   2.71E-04  -1.22E-09   1.22E-09   4.20E-05
  660   33.926   0.051 1.00E+00  7.1962E-05   1.40E-04   2.85E-04  -1.35E-09   1.36E-09   4.42E-05
  670   34.440   0.051 1.00E+00  7.5777E-05   1.47E-04   3.00E-04  -1.50E-09   1.50E-09   4.66E-05
  680   34.955   0.051 1.00E+00  7.9795E-05   1.55E-04   3.16E-04  -1.66E-09   1.67E-09   4.90E-05
  690   35.469   0.051 1.00E+00  8.4026E-05   1.63E-04   3.32E-04  -1.84E-09   1.85E-09   5.16E-05
  700   35.983   0.051 1.00E+00  8.8481E-05   1.72E-04   3.50E-04  -2.04E-09   2.05E-09   5.44E-05
  710   36.497   0.051 1.00E+00  9.3172E-05   1.81E-04   3.68E-04  -2.26E-09   2.27E-09   5.73E-05
  720   37.011   0.051 1.00E+00  9.8112E-05   1.90E-04   3.88E-04  -2.51E-09   2.52E-09   6.03E-05
  730   37.525   0.051 1.00E+00  1.0331E-04   2.00E-04   4.08E-04  -2.78E-09   2.79E-09   6.35E-05
  740   38.039   0.051 1.00E+00  1.0879E-04   2.11E-04   4.30E-04  -3.08E-09   3.10E-09   6.69E-05
  750   38.553   0.051 1.00E+00  1.1456E-04   2.22E-04   4.52E-04  -3.42E-09   3.44E-09   7.04E-05
  760   39.067   0.051 1.00E+00  1.2063E-04   2.34E-04   4.76E-04  -3.79E-09   3.81E-09   7.42E-05
  770   39.581   0.051 1.00E+00  1.2703E-04   2.46E-04   5.01E-04  -4.20E-09   4.22E-09   7.81E-05
  780   40.095   0.051 1.00E+00  1.3377E-04   2.59E-04   5.28E-04  -4.66E-09   4.68E-09   8.22E-05
  790   40.609   0.051 1.00E+00  1.4086E-04   2.73E-04   5.56E-04  -5.17E-09   5.19E-09   8.66E-05
  800   41.123   0.051 1.00E+00  1.4833E-04   2.88E-04   5.85E-04  -5.73E-09   5.76E-09   9.12E-05
  810   41.637   0.051 1.00E+00  1.5619E-04   3.03E-04   6.16E-04  -6.36E-09   6.39E-09   9.60E-05
  820   42.151   0.051 1.00E+00  1.6447E-04   3.19E-04   6.49E-04  -7.05E-09   7.08E-09   1.01E-04
  830   42.666   0.051 1.00E+00  1.7319E-04   3.36E-04   6.83E-04  -7.82E-09   7.85E-09   1.06E-04
  840   43.180   0.051 1.00E+00  1.8238E-04   3.54E-04   7.20E-04  -8.67E-09   8.71E-09   1.12E-04
  850   43.694   0.051 1.00E+00  1.9205E-04   3.72E-04   7.58E-04  -9.61E-09   9.66E-09   1.18E-04
  860   44.208   0.051 1.00E+00  2.0223E-04   3.92E-04   7.98E-04  -1.07E-08   1.07E-08   1.24E-04
  870   44.722   0.051 1.00E+00  2.1295E-04   4.13E-04   8.40E-04  -1.18E-08   1.19E-08   1.31E-04
  880   45.236   0.051 1.00E+00  2.2424E-04   4.35E-04   8.84E-04  -1.31E-08   1.32E-08   1.38E-04
  890   45.750   0.051 1.00E+00  2.3613E-04   4.58E-04   9.31E-04  -1.45E-08   1.46E-08   1.45E-04
  900   46.264   0.051 1.00E+00  2.4865E-04   4.82E-04   9.81E-04  -1.61E-08   1.62E-08   1.53E-04
  910   46.778   0.051 1.00E+00  2.6184E-04   5.08E-04   1.03E-03  -1.79E-08   1.79E-08   1.61E-04
  920   47.292   0.051 1.00E+00  2.7572E-04   5.35E-04   1.09E-03  -1.98E-08   1.99E-08   1.69E-04
  930   47.806   0.051 1.00E+00  2.9034E-04   5.63E-04   1.14E-03  -2.20E-08   2.21E-08   1.78E-04
  940   48.320   0.051 1.00E+00  3.0573E-04   5.93E-04   1.21E-03  -2.44E-08   2.45E-08   1.88E-04
  950   48.834   0.051 1.00E+00  3.2194E-04   6.24E-04   1.27E-03  -2.70E-08   2.71E-08   1.98E-04
  960   49.348   0.051 1.00E+00  3.3901E-04   6.58E-04   1.34E-03  -2.99E-08   3.01E-08   2.08E-04
  970   49.863   0.051 1.00E+00  3.5699E-04   6.92E-04   1.41E-03  -3.32E-08   3.34E-08   2.19E-04
  980   50.377   0.051 1.00E+00  3.7591E-04   7.29E-04   1.48E-03  -3.68E-08   3.70E-08   2.31E-04
  990   50.891   0.051 1.00E+00  3.9584E-04   7.68E-04   1.56E-03  -4.08E-08   4.10E-08   2.43E-04
