
Lmod is automatically replacing "craype-accel-amd-gfx90a" with
"craype-accel-host".


Lmod is automatically replacing "craype-accel-host" with
"craype-accel-amd-gfx90a".

The following modules were not unloaded:
  (Use "module --force purge" to unload all):

  1) craype-x86-rome                         6) CrayEnv
  2) craype-accel-host                       7) init-lumi/0.2
  3) libfabric/1.15.2.0                      8) lumi-tools/23.04
  4) craype-network-ofi                      9) ModuleLabel/label
  5) xpmem/2.5.2-2.4_3.47__gd0f7936.shasta

Lmod is automatically replacing "craype-accel-host" with
"craype-accel-amd-gfx90a".

Unmatched '"'.
/pfs/lustrep2/users/purotouk/pencil-code/samples/conv-slab-noequi
1 CPUs
HOSTNAME = nid007956
USER = purotouk
masterhost=lumi
Simple Linux Utility for Resource Management (SLURM) job
SLURM_NODELIST = nid007956
SLURM_TASKS_PER_NODE = 1
Lumi - CSC, Kajaani, Finland
Running job: 4406769
touch: cannot touch '/pfs/lustrep2/users/purotouk/pencil-code/samples/conv-slab-noequi/data/jobid.dat': No such file or directory
/pfs/lustrep2/users/purotouk/pencil-code/samples/conv-slab-noequi/data/jobid.dat: No such file or directory.
Creating default datadir: 'data'
procdirs: Undefined variable.
Unmatched '"'.
1 CPUs
HOSTNAME = nid007956
USER = purotouk
masterhost=lumi
Simple Linux Utility for Resource Management (SLURM) job
SLURM_NODELIST = nid007956
SLURM_TASKS_PER_NODE = 1
Lumi - CSC, Kajaani, Finland
Running job: 4406769
Non-MPI version
datadir = data
-- DEBUG CONFIG --
$mpi            =  <0>
$ncpus          =  <1>
$npops          =  <>
$local_disc     =  <0>
$one_local_disc =  <0>
$remote_top     =  <0>
$local_binary   =  <0>
$datadir        =  <data>
$SCRATCH_DIR    =  </scratch/pencil-119557>
$hn             =  <nid007956>
$masterhost     =  <lumi>
$mpirun         =  <>
$mpirunops      =  <>
$mpirunops2     =  <>
$x_ops          =  <>
$NODELIST       =  <nid007956>
$SSH            =  <ssh>
$SCP            =  <scp>
$PARENT_PID     =  <119557>
$copysnapshots  =  <copy-snapshots>
$particles      =  <0>
$pointmasses    =  <0>
--
Revision: 7b0afa7f2
 M samples/gputest/src/Makefile.local
 M src/astaroth/gpu_astaroth.cc
 M src/cdata.f90
 M src/diagnostics.f90
 M src/equ.f90
 M src/mpicomm.f90
 M src/run.f90
 M src/solid_cells.f90
Fri 25 Aug 20:15:39 EEST 2023
    src/run.x 
SVN: -------            v.         (                   ) $Id$
 FATAL ERROR: parallel_read: file "data/param.nml" not found!!!
 STOP 2
0.014u 0.388s 0:01.01 38.6%	0+0k 81590+8io 197pf+0w
Fri 25 Aug 20:15:40 EEST 2023
Done
Found ERROR file from run.x
