
Lmod is automatically replacing "craype-accel-amd-gfx90a" with
"craype-accel-host".


Lmod is automatically replacing "craype-accel-host" with
"craype-accel-amd-gfx90a".

The following modules were not unloaded:
  (Use "module --force purge" to unload all):

  1) craype-x86-rome                         6) CrayEnv
  2) craype-accel-host                       7) init-lumi/0.2
  3) libfabric/1.15.2.0                      8) lumi-tools/23.04
  4) craype-network-ofi                      9) ModuleLabel/label
  5) xpmem/2.5.2-2.4_3.47__gd0f7936.shasta

Lmod is automatically replacing "craype-accel-host" with
"craype-accel-amd-gfx90a".

Unmatched '"'.
1 CPUs
HOSTNAME = nid007956
USER = purotouk
masterhost=lumi
Simple Linux Utility for Resource Management (SLURM) job
SLURM_NODELIST = nid007956
SLURM_TASKS_PER_NODE = 1
Lumi - CSC, Kajaani, Finland
Running job: 4406778
Non-MPI version
datadir = data
-- DEBUG CONFIG --
$mpi            =  <0>
$ncpus          =  <1>
$npops          =  <>
$local_disc     =  <0>
$one_local_disc =  <0>
$remote_top     =  <0>
$local_binary   =  <0>
$datadir        =  <data>
$SCRATCH_DIR    =  </scratch/pencil-130091>
$hn             =  <nid007956>
$masterhost     =  <lumi>
$mpirun         =  <>
$mpirunops      =  <>
$mpirunops2     =  <>
$x_ops          =  <>
$NODELIST       =  <nid007956>
$SSH            =  <ssh>
$SCP            =  <scp>
$PARENT_PID     =  <130091>
$copysnapshots  =  <copy-snapshots>
$particles      =  <0>
$pointmasses    =  <0>
--
Revision: 7b0afa7f2
 M samples/gputest/src/Makefile.local
 M src/astaroth/gpu_astaroth.cc
 M src/cdata.f90
 M src/diagnostics.f90
 M src/equ.f90
 M src/mpicomm.f90
 M src/run.f90
 M src/solid_cells.f90
Fri 25 Aug 20:27:21 EEST 2023
    src/run.x 
SVN: -------            v.         (                   ) $Id$
SVN: -------            v.         (                   ) $Id$               
SVN: -------            v.         (                   ) $Id$               
SVN: -------            v.         (                   ) $Id$
SVN: -------            v.         (                   ) $Id$
SVN: -------            v.         (                   ) $Id$
SVN: -------            v.         (                   ) $Id$
SVN: -------            v.         (                   ) $Id$
SVN: -------            v.         (                   ) $Id$
SVN: -------            v.         (                   ) $Id$
SVN: -------            v.         (                   ) $Id$
SVN: -------            v.         (                   ) $Id$
SVN: -------            v.         (                   ) $Id$
SVN: -------            v.         (                   ) $Id$
SVN: -------            v.         (                   ) $Id$
SVN: -------            v.         (                   ) $Id$
SVN: -------            v.         (                   ) $Id$
SVN: -------            v.         (                   ) $Id$
SVN: -------            v.         (                   ) $Id$
SVN: -------            v.         (                   ) $Id$
SVN: -------            v.         (                   ) $Id$
SVN: -------            v.         (                   ) $Id$
SVN: -------            v.         (                   ) $Id$
SVN: -------            v.         (                   ) $Id$
SVN: -------            v.         (                   ) $Id$
SVN: -------            v.         (                   ) $Id$
SVN: -------            v.         (                   ) $Id$
SVN: -------            v.         (                   ) $Id$
SVN: -------            v.         (                   ) $Id$
SVN: -------            v.         (                   ) $Id$
SVN: -------            v.         (                   ) $Id$
SVN: -------            v.         (                   ) $Id$
 The verbose level is ip= 14  (ldebug= F )
 This is a 3-D run
 nxgrid, nygrid, nzgrid= 3*32
 Lx, Ly, Lz= 2*1.,  2.
       Vbox= 2.
 setup_slices: slice_position = p
 setup_slices: ix_loc,iy_loc,iz_loc,iz2_loc, (video files) = 4 4 4 35                                                                        
 run.f90 after initialize_time: dt,dt0 2*0.
 units_general: unit_velocity= 1.
 units_general: unit_density= 1.
 units_general: unit_length= 1.
 units_general: unit_magnetic= 3.544907808303833
 units_eos: unit_temperature= 4.81088802356948079E-9
 units_eos: cp, lnTT0, cs0, pp0, Rgas= 1.,  -0.693148017,  0.57735002,  0.199999824,  0.399999976
 initialize_gravity: no x-gravity
 initialize_gravity: no y-gravity
 initialize_gravity: constant gravz= -1.
 diffusion: nothing (i.e. no mass diffusion)
 initialize_density: no need to read initial stratification for lanti_shockdiffusion=F.
 select_eos_variable: Using lnrho and ss
 initialize_energy: cs2top,cs2cool,cs2cool2= 0.333333045,  0.333332986,  0.
 initialize_energy: now set cs2top=(cool*cs2cool + cool2*cs2cool2)/(cool+cool2)
 initialize_energy: Calculated Fbot =  1.000000071E-2
 initialize_energy: nheatc_max,iheatcond= 4 K-profile                               nothing                                 nothing                                 nothing                                 
 heat conduction: K-profile
 viscous force: nu*(del2u+graddivu/3+2S.glnrho)
 pencil_consistency_check: checking pencil case
 pencil_consistency_check: checking requested pencils
 pencil_consistency_check: performing small pencil check
 pencil_consistency_check: the small pencil check reported no problems
 pencil_consistency_check: performing full pencil check (takes a while)
 pencil_consistency_check: possible overcalculation... pencil lnrho (   6) is requested, but does not appear to be required!
 pencil_consistency_check: possible overcalculation... pencil ee (  47) is requested, but does not appear to be required!
 pencil_consistency_check: possible overcalculation... pencil cp1 (  52) is requested, but does not appear to be required!
 pencil_consistency_check: possible overcalculation... pencil cv (  64) is requested, but does not appear to be required!
 pencil_consistency_check: possible overcalculation... pencil z_mn (  87) is requested, but does not appear to be required!
 pencil_consistency_check: checking dependence on pencil initialization
 pencil_consistency_check: results are independent of pencil initialization
 pencil_consistency_check: checking diagnostics pencils
 pencil_consistency_check: performing small pencil check
 pencil_consistency_check: the small pencil check reported no problems
 pencil_consistency_check: performing full pencil check (takes a while)
 pencil_consistency_check: set lpencil_check_diagnos_opti=T in run.in to report
 pencil_consistency_check: optimisation possibilities for diagnostics pencils
 pencil_consistency_check: checking dependence on pencil initialization
 pencil_consistency_check: diagnostics are independent of pencil initialization
 pencil_consistency_check: all tests passed
 pde: ENTER
SVN: -------            v.         (                   ) $Id$
 duu_dt: SOLVE
Bcs for         ux,  x: <       p>, y: <       p>,  z: <       s>
Bcs for         uy,  x: <       p>, y: <       p>,  z: <       s>
Bcs for         uz,  x: <       p>, y: <       p>,  z: <       a>
 coriolis_cartesian: add Coriolis force; Omega= 0.100000001
 duu_dt: max(advec_uu) = 0.
 dlnrho_dt: SOLVE
Bcs for      lnrho,  x: <       p>, y: <       p>,  z: <      a2>
 dlnrho_dt: max(diffus_diffrho ) = 0.
 dlnrho_dt: max(diffus_diffrho3) = 0.
 denergy_dt: SOLVE denergy_dt
Bcs for         ss,  x: <       p>, y: <       p>,  z: <   c1:cT>
 denergy_dt: lnTT,cs2,cp1= 0.777028561,  1.44999969,  1.
 denergy_dt: max(advec_cs2) = 3050.53711
 calc_heatcond: hcond0= 8.00000038E-3
 calc_heatcond: lgravz= T
 calc_heatcond: Fbot,Ftop= 1.000000071E-2,  0.
 calc_heatcond: added thdiff
 calc_heat_cool: lgravz, lgravr, lgravx, lspherical_coords= T,  3*F
 cooling_profile,z2,wcool,cs2cool=gaussian                                 1.,  0.200000003,  0.333332986
 
 --it-----t-------dt------urms----umax----rhom----ssm----dtc---dtu---dtnu-dtchi-
    0    0.00 7.097E-03  0.0053  0.0995 11.0770 -0.4380 0.980 0.019 0.269 0.448
   10    0.07 7.097E-03  0.0047  0.0731 11.0771 -0.4385 0.980 0.015 0.269 0.448
   20    0.14 7.098E-03  0.0046  0.0458 11.0771 -0.4390 0.980 0.017 0.269 0.448
   30    0.21 7.098E-03  0.0051  0.0399 11.0771 -0.4396 0.980 0.016 0.269 0.448
   40    0.28 7.098E-03  0.0056  0.0455 11.0770 -0.4400 0.980 0.013 0.269 0.448
 
 Simulation finished after  41  time-steps
 
 Writing final snapshot at time t = 0.29100458393804729
 
 Wall clock time [hours] =  5.760E-04 (+/-  2.2756E-09)
 Wall clock time/timestep/meshpoint [microsec] =  1.543542    
 Maximum used memory per cpu [MBytes] =    47.051
 Maximum used memory [MBytes] =       47.051
 
11.054u 0.412s 0:12.02 95.3%	0+0k 84048+2416io 1029pf+0w
Fri 25 Aug 20:27:33 EEST 2023
Done
