#---it-------t---------dt-------urms-------epsK-------bx2pm------by2pm------bz2pm---
      0      0.000  2.27E-02  0.000E+00   0.00E+00   2.14E-01   4.46E-01   3.03E-01
      1      0.023  2.23E-02  1.202E-02   4.19E-06   2.14E-01   4.46E-01   3.03E-01
      2      0.045  2.20E-02  1.693E-02   8.31E-06   2.14E-01   4.46E-01   3.03E-01
      3      0.067  2.20E-02  2.066E-02   1.24E-05   2.14E-01   4.46E-01   3.03E-01
      4      0.089  2.17E-02  2.380E-02   1.64E-05   2.13E-01   4.45E-01   3.03E-01
      5      0.111  2.16E-02  2.653E-02   1.99E-05   2.13E-01   4.45E-01   3.03E-01
      6      0.132  2.15E-02  2.899E-02   2.34E-05   2.13E-01   4.45E-01   3.03E-01
      7      0.154  2.12E-02  3.125E-02   2.75E-05   2.12E-01   4.44E-01   3.03E-01
      8      0.175  2.10E-02  3.332E-02   3.14E-05   2.12E-01   4.44E-01   3.02E-01
      9      0.196  2.10E-02  3.525E-02   3.52E-05   2.11E-01   4.44E-01   3.02E-01
     10      0.217  2.10E-02  3.708E-02   3.86E-05   2.11E-01   4.43E-01   3.02E-01
     11      0.238  2.09E-02  3.882E-02   4.25E-05   2.11E-01   4.43E-01   3.01E-01
     12      0.259  2.07E-02  4.047E-02   4.59E-05   2.10E-01   4.43E-01   3.00E-01
     13      0.280  2.07E-02  4.205E-02   4.87E-05   2.10E-01   4.42E-01   3.00E-01
     14      0.300  2.04E-02  4.512E-02   5.65E-05   2.10E-01   4.42E-01   2.99E-01
     15      0.321  2.04E-02  4.652E-02   5.98E-05   2.10E-01   4.42E-01   2.99E-01
     16      0.341  2.03E-02  4.787E-02   6.31E-05   2.10E-01   4.42E-01   2.98E-01
     17      0.361  2.01E-02  4.917E-02   6.63E-05   2.10E-01   4.42E-01   2.97E-01
     18      0.381  2.01E-02  5.043E-02   6.96E-05   2.10E-01   4.42E-01   2.97E-01
     19      0.402  2.00E-02  5.166E-02   7.33E-05   2.10E-01   4.42E-01   2.96E-01
