#---it--------t---------dt-------urms-------umax-------epsK-------rhom-------rho2m-----rhomin-----rhomax----shockmax-----vprms------vpmax-------apm-------ap2m-------apmin------apmax---
       0  0.000E+00 4.762E-01  0.000E+00  0.000E+00  0.000E+00  4.933E+01  2.433E+03  4.933E+01  4.933E+01  0.000E+00  0.000E+00  0.000E+00  1.000E-23  1.000E-46  1.000E-23  1.000E-23
      20  9.524E+00 4.762E-01  0.000E+00  0.000E+00  0.000E+00  4.933E+01  2.433E+03  4.933E+01  4.933E+01  0.000E+00  0.000E+00  0.000E+00  3.020E-23  9.121E-46  3.020E-23  3.020E-23
      40  1.905E+01 4.762E-01  0.000E+00  0.000E+00  0.000E+00  4.933E+01  2.433E+03  4.933E+01  4.933E+01  0.000E+00  0.000E+00  0.000E+00  5.286E-23  2.794E-45  5.286E-23  5.286E-23
      60  2.857E+01 4.762E-01  0.000E+00  0.000E+00  0.000E+00  4.933E+01  2.433E+03  4.933E+01  4.933E+01  0.000E+00  0.000E+00  0.000E+00  7.551E-23  5.702E-45  7.551E-23  7.551E-23
      80  3.809E+01 4.762E-01  0.000E+00  0.000E+00  0.000E+00  4.933E+01  2.433E+03  4.933E+01  4.933E+01  0.000E+00  0.000E+00  0.000E+00  9.817E-23  9.637E-45  9.817E-23  9.817E-23
     100  4.762E+01 4.762E-01  0.000E+00  0.000E+00  0.000E+00  4.933E+01  2.433E+03  4.933E+01  4.933E+01  0.000E+00  0.000E+00  0.000E+00  1.208E-22  1.460E-44  1.208E-22  1.208E-22
     120  5.714E+01 4.762E-01  0.000E+00  0.000E+00  0.000E+00  4.933E+01  2.433E+03  4.933E+01  4.933E+01  0.000E+00  0.000E+00  0.000E+00  1.435E-22  2.059E-44  1.435E-22  1.435E-22
     140  6.667E+01 4.762E-01  0.000E+00  0.000E+00  0.000E+00  4.933E+01  2.433E+03  4.933E+01  4.933E+01  0.000E+00  0.000E+00  0.000E+00  1.661E-22  2.760E-44  1.661E-22  1.661E-22
     160  7.619E+01 4.762E-01  0.000E+00  0.000E+00  0.000E+00  4.933E+01  2.433E+03  4.933E+01  4.933E+01  0.000E+00  0.000E+00  0.000E+00  1.888E-22  3.564E-44  1.888E-22  1.888E-22
     180  8.571E+01 4.762E-01  0.000E+00  0.000E+00  0.000E+00  4.933E+01  2.433E+03  4.933E+01  4.933E+01  0.000E+00  0.000E+00  0.000E+00  2.114E-22  4.471E-44  2.114E-22  2.114E-22
     200  9.524E+01 4.762E-01  0.000E+00  0.000E+00  0.000E+00  4.933E+01  2.433E+03  4.933E+01  4.933E+01  0.000E+00  0.000E+00  0.000E+00  2.341E-22  5.480E-44  2.341E-22  2.341E-22
     220  1.048E+02 4.762E-01  0.000E+00  0.000E+00  0.000E+00  4.933E+01  2.433E+03  4.933E+01  4.933E+01  0.000E+00  0.000E+00  0.000E+00  2.568E-22  6.592E-44  2.568E-22  2.568E-22
     240  1.143E+02 4.762E-01  0.000E+00  0.000E+00  0.000E+00  4.933E+01  2.433E+03  4.933E+01  4.933E+01  0.000E+00  0.000E+00  0.000E+00  2.794E-22  7.807E-44  2.794E-22  2.794E-22
     260  1.238E+02 4.762E-01  0.000E+00  0.000E+00  0.000E+00  4.933E+01  2.433E+03  4.933E+01  4.933E+01  0.000E+00  0.000E+00  0.000E+00  3.021E-22  9.125E-44  3.021E-22  3.021E-22
     280  1.333E+02 4.762E-01  0.000E+00  0.000E+00  0.000E+00  4.933E+01  2.433E+03  4.933E+01  4.933E+01  0.000E+00  0.000E+00  0.000E+00  3.247E-22  1.054E-43  3.247E-22  3.247E-22
     300  1.429E+02 4.762E-01  0.000E+00  0.000E+00  0.000E+00  4.933E+01  2.433E+03  4.933E+01  4.933E+01  0.000E+00  0.000E+00  0.000E+00  3.474E-22  1.207E-43  3.474E-22  3.474E-22
     320  1.524E+02 4.762E-01  0.000E+00  0.000E+00  0.000E+00  4.933E+01  2.433E+03  4.933E+01  4.933E+01  0.000E+00  0.000E+00  0.000E+00  3.700E-22  1.369E-43  3.700E-22  3.700E-22
     340  1.619E+02 4.762E-01  0.000E+00  0.000E+00  0.000E+00  4.933E+01  2.433E+03  4.933E+01  4.933E+01  0.000E+00  0.000E+00  0.000E+00  3.927E-22  1.542E-43  3.927E-22  3.927E-22
     360  1.714E+02 4.762E-01  0.000E+00  0.000E+00  0.000E+00  4.933E+01  2.433E+03  4.933E+01  4.933E+01  0.000E+00  0.000E+00  0.000E+00  4.153E-22  1.725E-43  4.153E-22  4.153E-22
     380  1.810E+02 4.762E-01  0.000E+00  0.000E+00  0.000E+00  4.933E+01  2.433E+03  4.933E+01  4.933E+01  0.000E+00  0.000E+00  0.000E+00  4.380E-22  1.918E-43  4.380E-22  4.380E-22
     400  1.905E+02 4.762E-01  0.000E+00  0.000E+00  0.000E+00  4.933E+01  2.433E+03  4.933E+01  4.933E+01  0.000E+00  0.000E+00  0.000E+00  4.607E-22  2.122E-43  4.607E-22  4.607E-22
     420  2.000E+02 4.762E-01  0.000E+00  0.000E+00  0.000E+00  4.933E+01  2.433E+03  4.933E+01  4.933E+01  0.000E+00  0.000E+00  0.000E+00  4.833E-22  2.336E-43  4.833E-22  4.833E-22
     440  2.095E+02 4.762E-01  0.000E+00  0.000E+00  0.000E+00  4.933E+01  2.433E+03  4.933E+01  4.933E+01  0.000E+00  0.000E+00  0.000E+00  5.060E-22  2.560E-43  5.060E-22  5.060E-22
     460  2.190E+02 4.762E-01  0.000E+00  0.000E+00  0.000E+00  4.933E+01  2.433E+03  4.933E+01  4.933E+01  0.000E+00  0.000E+00  0.000E+00  5.286E-22  2.794E-43  5.286E-22  5.286E-22
     480  2.286E+02 4.762E-01  0.000E+00  0.000E+00  0.000E+00  4.933E+01  2.433E+03  4.933E+01  4.933E+01  0.000E+00  0.000E+00  0.000E+00  5.513E-22  3.039E-43  5.513E-22  5.513E-22
