#---it--------t---------dt-------brms------bx2m------by2m------bz2m-----jxmax-----jymax-----jzmax-----emfrms---emfcoefrms-emfdiffmax-emfxdiffmax-emfydiffmax-emfzdiffmax-dtemf_ave-dtemf_dif---dteta---alphaxmax-alphaymax-alphazmax--emfxmax---emfymax---emfzmax--
       0      0.000 8.456E-03 2.038E-06 9.487E-14 1.958E-12 2.100E-12 1.565E-04 2.282E-03 2.256E-03  2.187E-07  2.187E-07  0.000E+00  0.000E+00  0.000E+00  0.000E+00 1.867E-01 9.878E-01 2.548E-02 6.818E-08 7.838E-08 9.122E-08 8.208E-07 1.442E-06 1.279E-06
       1      0.008 8.456E-03 1.843E-06 7.886E-14 1.540E-12 1.779E-12 1.525E-04 2.044E-03 1.781E-03  1.676E-07  1.676E-07  0.000E+00  0.000E+00  0.000E+00  0.000E+00 1.867E-01 9.878E-01 2.548E-02 5.730E-08 7.002E-08 7.813E-08 7.289E-07 4.793E-07 8.038E-07
       2      0.017 8.456E-03 1.687E-06 6.785E-14 1.248E-12 1.530E-12 1.487E-04 1.831E-03 1.610E-03  1.342E-07  1.342E-07  0.000E+00  0.000E+00  0.000E+00  0.000E+00 1.867E-01 9.878E-01 2.548E-02 4.849E-08 6.262E-08 6.767E-08 6.467E-07 3.061E-07 5.169E-07
       3      0.025 8.456E-03 1.558E-06 5.979E-14 1.036E-12 1.331E-12 1.449E-04 1.712E-03 1.460E-03  1.108E-07  1.108E-07  0.000E+00  0.000E+00  0.000E+00  0.000E+00 1.867E-01 9.878E-01 2.548E-02 4.462E-08 5.606E-08 6.234E-08 5.733E-07 2.231E-07 3.420E-07
       4      0.034 8.456E-03 1.449E-06 5.360E-14 8.758E-13 1.170E-12 1.413E-04 1.654E-03 1.346E-03  9.384E-08  9.384E-08  0.000E+00  0.000E+00  0.000E+00  0.000E+00 1.867E-01 9.878E-01 2.548E-02 4.113E-08 5.024E-08 5.999E-08 5.210E-07 1.899E-07 2.401E-07
       5      0.042 8.456E-03 1.356E-06 4.868E-14 7.520E-13 1.037E-12 1.377E-04 1.598E-03 1.310E-03  8.106E-08  8.106E-08  0.000E+00  0.000E+00  0.000E+00  0.000E+00 1.867E-01 9.878E-01 2.548E-02 3.796E-08 4.507E-08 5.732E-08 4.782E-07 1.649E-07 1.954E-07
       6      0.051 8.456E-03 1.275E-06 4.466E-14 6.539E-13 9.261E-13 1.343E-04 1.545E-03 1.275E-03  7.115E-08  7.115E-08  0.000E+00  0.000E+00  0.000E+00  0.000E+00 1.867E-01 9.878E-01 2.548E-02 3.509E-08 4.049E-08 5.449E-08 4.385E-07 1.440E-07 1.613E-07
       7      0.059 8.456E-03 1.203E-06 4.129E-14 5.746E-13 8.324E-13 1.309E-04 1.493E-03 1.242E-03  6.328E-08  6.328E-08  0.000E+00  0.000E+00  0.000E+00  0.000E+00 1.867E-01 9.878E-01 2.548E-02 3.399E-08 3.641E-08 5.160E-08 4.212E-07 1.268E-07 1.338E-07
       8      0.068 8.456E-03 1.140E-06 3.843E-14 5.094E-13 7.526E-13 1.277E-04 1.443E-03 1.210E-03  5.689E-08  5.689E-08  0.000E+00  0.000E+00  0.000E+00  0.000E+00 1.867E-01 9.878E-01 2.548E-02 3.384E-08 3.279E-08 4.872E-08 4.041E-07 1.219E-07 1.154E-07
       9      0.076 8.456E-03 1.084E-06 3.597E-14 4.551E-13 6.841E-13 1.245E-04 1.395E-03 1.179E-03  5.161E-08  5.161E-08  0.000E+00  0.000E+00  0.000E+00  0.000E+00 1.867E-01 9.878E-01 2.548E-02 3.369E-08 2.957E-08 4.592E-08 3.873E-07 1.164E-07 1.061E-07
      10      0.085 8.456E-03 1.033E-06 3.381E-14 4.094E-13 6.247E-13 1.214E-04 1.349E-03 1.150E-03  4.718E-08  4.718E-08  0.000E+00  0.000E+00  0.000E+00  0.000E+00 1.867E-01 9.878E-01 2.548E-02 3.351E-08 2.670E-08 4.321E-08 3.707E-07 1.107E-07 9.768E-08
      11      0.093 8.456E-03 9.875E-07 3.191E-14 3.704E-13 5.730E-13 1.184E-04 1.304E-03 1.121E-03  4.341E-08  4.341E-08  0.000E+00  0.000E+00  0.000E+00  0.000E+00 1.867E-01 9.878E-01 2.548E-02 3.332E-08 2.464E-08 4.062E-08 3.544E-07 1.050E-07 9.012E-08
      12      0.101 8.456E-03 9.459E-07 3.022E-14 3.369E-13 5.276E-13 1.178E-04 1.261E-03 1.093E-03  4.017E-08  4.017E-08  0.000E+00  0.000E+00  0.000E+00  0.000E+00 1.867E-01 9.878E-01 2.548E-02 3.309E-08 2.319E-08 3.816E-08 3.385E-07 9.946E-08 8.330E-08
      13      0.110 8.456E-03 9.078E-07 2.870E-14 3.079E-13 4.876E-13 1.180E-04 1.220E-03 1.067E-03  3.735E-08  3.735E-08  0.000E+00  0.000E+00  0.000E+00  0.000E+00 1.867E-01 9.878E-01 2.548E-02 3.284E-08 2.182E-08 3.699E-08 3.229E-07 9.411E-08 7.714E-08
      14      0.118 8.456E-03 8.729E-07 2.733E-14 2.826E-13 4.521E-13 1.182E-04 1.180E-03 1.041E-03  3.488E-08  3.488E-08  0.000E+00  0.000E+00  0.000E+00  0.000E+00 1.867E-01 9.878E-01 2.548E-02 3.256E-08 2.052E-08 3.603E-08 3.077E-07 8.904E-08 7.156E-08
      15      0.127 8.456E-03 8.408E-07 2.609E-14 2.603E-13 4.205E-13 1.182E-04 1.141E-03 1.016E-03  3.270E-08  3.270E-08  0.000E+00  0.000E+00  0.000E+00  0.000E+00 1.867E-01 9.878E-01 2.548E-02 3.225E-08 1.928E-08 3.507E-08 2.930E-07 8.428E-08 6.649E-08
      16      0.135 8.456E-03 8.111E-07 2.496E-14 2.407E-13 3.922E-13 1.182E-04 1.104E-03 9.923E-04  3.077E-08  3.077E-08  0.000E+00  0.000E+00  0.000E+00  0.000E+00 1.867E-01 9.878E-01 2.548E-02 3.191E-08 1.810E-08 3.411E-08 2.787E-07 8.160E-08 6.189E-08
      17      0.144 8.456E-03 7.836E-07 2.392E-14 2.233E-13 3.668E-13 1.186E-04 1.068E-03 9.692E-04  2.904E-08  2.904E-08  0.000E+00  0.000E+00  0.000E+00  0.000E+00 1.867E-01 9.878E-01 2.548E-02 3.155E-08 1.754E-08 3.317E-08 2.649E-07 8.088E-08 5.771E-08
      18      0.152 8.456E-03 7.580E-07 2.296E-14 2.078E-13 3.438E-13 1.212E-04 1.033E-03 9.469E-04  2.749E-08  2.749E-08  0.000E+00  0.000E+00  0.000E+00  0.000E+00 1.867E-01 9.878E-01 2.548E-02 3.116E-08 1.703E-08 3.223E-08 2.515E-07 8.003E-08 5.389E-08
      19      0.161 8.456E-03 7.342E-07 2.208E-14 1.938E-13 3.231E-13 1.237E-04 1.000E-03 9.253E-04  2.608E-08  2.608E-08  0.000E+00  0.000E+00  0.000E+00  0.000E+00 1.867E-01 9.878E-01 2.548E-02 3.076E-08 1.655E-08 3.132E-08 2.387E-07 7.908E-08 5.041E-08
