#---it------t--------dt--------urms------umax------rhom------ssm-------dtc----
      0     0.00  1.975E-02   0.00220   0.09133    1.0000  -0.00698  3.16E-01
     50     0.99  1.975E-02   0.00188   0.04870    1.0001  -0.00707  3.16E-01
    100     1.97  1.975E-02   0.00186   0.04859    1.0001  -0.00708  3.16E-01
    150     2.96  1.975E-02   0.00205   0.04746    1.0001  -0.00709  3.16E-01
#---it------t--------dt--------urms------umax------rhom------ssm-------dtc----
      0     3.95  1.975E-02   0.00243   0.05270    1.0001  -0.00710  3.16E-01
#---it------t--------dt--------urms------umax------rhom------ssm-------dtc----
      0     3.95  1.975E-02   0.00243   0.05270    1.0001  -0.00710  3.16E-01
      5     4.05  1.975E-02   0.00248   0.05343    1.0001  -0.00710  3.16E-01
     10     4.15  1.975E-02   0.00253   0.05397    1.0001  -0.00709  3.16E-01
     15     4.25  1.975E-02   0.00259   0.05434    1.0001  -0.00708  3.16E-01
#---it------t--------dt--------urms------umax------rhom------ssm-------dtc----
      0     4.34  1.975E-02   0.00264   0.05502    1.0000  -0.00707  3.16E-01
     10     4.54  1.975E-02   0.00276   0.05598    1.0001  -0.00709  3.16E-01
     20     4.74  1.975E-02   0.00289   0.05748    1.0001  -0.00710  3.16E-01
     30     4.94  1.974E-02   0.00302   0.05915    1.0001  -0.00710  3.16E-01
     40     5.13  1.975E-02   0.00317   0.06103    1.0001  -0.00710  3.16E-01
#---it------t--------dt--------urms------umax------rhom------ssm-------dtc----
      0     5.33  1.975E-02   0.00332   0.06394    1.0001  -0.00710  3.16E-01
      5     5.43  1.975E-02   0.00339   0.06558    1.0001  -0.00710  3.16E-01
     10     5.53  1.975E-02   0.00347   0.06713    1.0001  -0.00710  3.16E-01
     15     5.63  1.975E-02   0.00356   0.06835    1.0001  -0.00709  3.16E-01
