#---it----------t-------------dt------------urms-----------umax---------rhomin------rhomax--------TTmin-----------TTm-----------TTmax---------taucmin--------tauhmin--------taufmin---------Hmax-----------brms-----------bmax------
      0  0.000000000000 1.00000000E-09 0.00000000E+00 0.00000000E+00 1.00000E+00 1.00000E+00 2.72946763E+02 5.54669062E+02 5.33242831E+04  3.6499568E-06 -6.5912795E-04  3.9085000E+37 -1.5171561E+03 6.63332867E-02 2.27559865E-01
     25  0.000000631173 2.43256618E-08 7.55763387E-02 8.61607738E-01 9.99905E-01 1.00001E+00 2.72685846E+02 5.46734476E+02 5.32567625E+04  3.6806078E-06 -6.6078708E-04  1.0195511E-03 -1.5133468E+03 6.19712544E-02 2.11844594E-01
     50  0.000001357943 2.81667751E-08 1.63123705E-01 1.85441396E+00 9.99560E-01 1.00004E+00 2.72386528E+02 5.38265982E+02 5.31701637E+04  3.6685585E-06 -6.6269864E-04  3.1933420E-04 -1.5089815E+03 5.75482387E-02 1.95525378E-01
     75  0.000002126757 3.05522908E-08 2.56421563E-01 2.90540510E+00 9.98922E-01 1.00011E+00 2.72071189E+02 5.30020403E+02 5.30678762E+04  3.7397088E-06 -6.6472212E-04  1.4119531E-04 -1.5043880E+03 5.34657878E-02 1.80084029E-01
    100  0.000002931447 3.14217655E-08 3.54863938E-01 4.00622088E+00 9.97954E-01 1.00024E+00 2.71742551E+02 5.22182816E+02 5.29487165E+04  3.6882161E-06 -6.6684148E-04  1.1509255E-04 -1.4996068E+03 4.97479525E-02 1.65674679E-01
    125  0.000003763111 3.31008239E-08 4.57467370E-01 5.14477637E+00 9.96635E-01 1.00044E+00 2.71404408E+02 5.14821485E+02 5.28122571E+04  3.7660719E-06 -6.6903346E-04  7.5766352E-05 -1.4946936E+03 4.64076360E-02 1.52422195E-01
    150  0.000004657644 3.91073134E-08 5.68805415E-01 6.37028952E+00 9.94859E-01 1.00071E+00 2.71042406E+02 5.07599106E+02 5.26501137E+04  3.8445369E-06 -6.7139292E-04  6.1025573E-05 -1.4894408E+03 4.32919601E-02 1.39781240E-01
    175  0.000005587515 3.39198270E-08 6.85598315E-01 7.64514305E+00 9.92627E-01 1.00112E+00 2.70667959E+02 5.00679868E+02 5.24644657E+04  3.7230373E-06 -6.7384757E-04  5.1214140E-05 -1.4840151E+03 4.04902808E-02 1.28171947E-01
    200  0.000006564042 2.96356143E-08 8.09265290E-01 8.98480028E+00 9.89870E-01 1.00165E+00 2.70276744E+02 4.93998847E+02 5.22506105E+04  3.6880114E-06 -6.7642754E-04  3.9240827E-05 -1.4783549E+03 3.79459055E-02 1.17640439E-01
    225  0.000007553575 4.26914819E-08 9.35138807E-01 1.03414781E+01 9.86656E-01 1.00232E+00 2.69882413E+02 4.87752244E+02 5.20141621E+04  3.7325558E-06 -6.7904414E-04  3.1824932E-05 -1.4726583E+03 3.57121716E-02 1.10561585E-01
    250  0.000008659636 4.41516461E-08 1.07556123E+00 1.18585615E+01 9.82584E-01 1.00323E+00 2.69444118E+02 4.81372311E+02 5.17265218E+04  3.7747130E-06 -6.8197157E-04  2.3842816E-05 -1.4663368E+03 3.35537016E-02 1.03412428E-01
    275  0.000009774853 2.20231339E-08 1.21582012E+00 1.33995540E+01 9.77990E-01 1.00418E+00 2.69004814E+02 6.15337678E+02 5.33068174E+04  3.6612958E-06 -6.8492611E-04  1.9893167E-05 -1.4600115E+03 3.16746792E-02 9.69163725E-02
    300  0.000010759400 4.75121720E-08 1.34128824E+00 1.47570370E+01 9.73548E-01 1.00501E+00 2.68619150E+02 6.04324971E+02 5.31960746E+04  3.7214424E-06 -6.8753688E-04  1.7867825E-05 -1.4544674E+03 3.02210876E-02 9.17029271E-02
    325  0.000011891972 4.81380194E-08 1.48882192E+00 1.63029812E+01 9.68021E-01 1.00603E+00 2.68177991E+02 5.92570989E+02 5.30466331E+04  3.6418514E-06 -6.9054297E-04  1.6295792E-05 -1.4481358E+03 2.87469818E-02 8.66386148E-02
    350  0.000013166226 6.40691628E-08 1.65734180E+00 1.80013690E+01 9.61308E-01 1.00726E+00 2.67684798E+02 5.80455575E+02 5.28490646E+04  3.6339060E-06 -6.9392870E-04  1.5587296E-05 -1.4410702E+03 2.72988993E-02 8.26057501E-02
    375  0.000014492512 6.82370852E-08 1.83456133E+00 1.97683813E+01 9.53816E-01 1.00840E+00 2.67174975E+02 5.68758916E+02 5.26092798E+04  3.9446666E-06 -6.9745675E-04  1.5411477E-05 -1.4337807E+03 2.59861466E-02 7.88305496E-02
    400  0.000015885329 2.46830656E-08 2.02203774E+00 2.20424245E+01 9.45449E-01 1.00944E+00 2.66643386E+02 5.57193756E+02 5.23192425E+04  3.6165023E-06 -7.0116624E-04  1.5319844E-05 -1.4261953E+03 2.47821606E-02 7.52623371E-02
    425  0.000017396690 2.13584499E-08 2.22596647E+00 2.46576332E+01 9.35858E-01 1.01036E+00 2.66070914E+02 5.45535335E+02 5.19599756E+04  3.6382471E-06 -7.0519668E-04  1.5823966E-05 -1.4180441E+03 2.36409180E-02 7.17835857E-02
    450  0.000019085533 7.04540872E-08 2.45223257E+00 2.76210519E+01 9.24583E-01 1.01148E+00 2.65436518E+02 5.33542654E+02 5.15042778E+04  3.8972666E-06 -7.0970685E-04  1.6270076E-05 -1.4090325E+03 2.25307663E-02 6.83095329E-02
    475  0.000020855422 7.67335082E-08 2.68547079E+00 3.07007850E+01 9.12212E-01 1.01275E+00 2.64777603E+02 5.21408169E+02 5.09673443E+04  3.6511577E-06 -7.1444076E-04  1.7003759E-05 -1.3996962E+03 2.15183973E-02 6.50671346E-02
