#----it--------t--------dt-------urms------umax----polytrm--
        0      0.000 5.55E-02 0.000E+00 0.000E+00 1.000E-04
        2      0.110 5.40E-02 1.895E-02 2.896E-02 3.131E-01
        4      0.217 5.25E-02 2.756E-02 5.819E-02 5.872E-01
        6      0.322 5.14E-02 3.373E-02 8.033E-02 8.284E-01
        8      0.424 5.04E-02 3.831E-02 1.010E-01 1.042E+00
       10      0.525 4.97E-02 4.365E-02 1.181E-01 1.232E+00
       12      0.624 5.00E-02 4.649E-02 1.156E-01 1.402E+00
       14      0.724 4.98E-02 4.695E-02 1.222E-01 1.557E+00
       16      0.824 4.94E-02 4.871E-02 1.278E-01 1.697E+00
       18      0.922 4.87E-02 5.179E-02 1.423E-01 1.822E+00
       20      1.020 4.91E-02 5.359E-02 1.341E-01 1.935E+00
       22      1.118 4.86E-02 5.608E-02 1.428E-01 2.038E+00
       24      1.216 4.93E-02 5.799E-02 1.486E-01 2.131E+00
       26      1.314 4.93E-02 5.638E-02 1.358E-01 2.216E+00
       28      1.413 4.88E-02 5.852E-02 1.571E-01 2.292E+00
       30      1.511 4.94E-02 5.694E-02 1.432E-01 2.361E+00
       32      1.609 4.89E-02 5.765E-02 1.667E-01 2.424E+00
       34      1.707 4.82E-02 5.920E-02 1.632E-01 2.480E+00
       36      1.804 4.88E-02 5.837E-02 1.596E-01 2.531E+00
       38      1.901 4.81E-02 5.611E-02 1.860E-01 2.577E+00
       40      1.997 4.82E-02 5.711E-02 1.663E-01 2.618E+00
       42      2.094 4.93E-02 5.900E-02 1.540E-01 2.656E+00
       44      2.192 4.86E-02 6.072E-02 1.430E-01 2.691E+00
       46      2.290 4.99E-02 5.932E-02 1.339E-01 2.723E+00
       48      2.389 4.92E-02 6.168E-02 1.297E-01 2.751E+00
