#----it--------t--------dt-------urms------umax-----ux2m-------uy2m-------uz2m-------orms------divu2m------rhom--------brms--------bmax-------jrms----
        0     0.000 1.122E-01   0.000000  0.0000  0.000E+00  0.000E+00  0.000E+00    0.00000  0.000E+00  1.000000  1.351537E-11  4.114E-11  2.844E-10
        1     0.112 1.117E-01   0.003363  0.0047  1.128E-06  5.672E-06  4.513E-06    0.00752  2.824E-15  1.000000  1.248021E-11  3.714E-11  2.563E-10
        2     0.224 1.114E-01   0.004751  0.0079  7.702E-06  6.609E-06  8.263E-06    0.01062  4.578E-13  1.000000  1.153885E-11  3.359E-11  2.312E-10
        3     0.335 1.112E-01   0.005814  0.0115  9.274E-06  1.010E-05  1.443E-05    0.01343  2.429E-11  1.000000  1.069553E-11  3.082E-11  2.090E-10
        4     0.447 1.109E-01   0.006709  0.0149  2.018E-05  1.034E-05  1.449E-05    0.01537  8.501E-11  1.000000  9.942642E-12  2.835E-11  1.895E-10
        5     0.557 1.104E-01   0.008645  0.0188  3.279E-05  2.048E-05  2.147E-05    0.02036  2.083E-10  1.000000  9.269896E-12  2.614E-11  1.723E-10
        6     0.668 1.102E-01   0.009550  0.0204  4.333E-05  2.532E-05  2.257E-05    0.02266  5.612E-10  1.000000  8.664110E-12  2.417E-11  1.571E-10
        7     0.778 1.100E-01   0.010115  0.0238  5.226E-05  2.666E-05  2.340E-05    0.02409  1.149E-09  1.000000  8.120969E-12  2.262E-11  1.437E-10
        8     0.888 1.101E-01   0.010649  0.0233  5.551E-05  3.124E-05  2.666E-05    0.02454  1.827E-09  1.000000  7.634614E-12  2.150E-11  1.319E-10
        9     0.998 1.099E-01   0.011158  0.0239  5.755E-05  3.673E-05  3.022E-05    0.02586  2.464E-09  1.000000  7.197002E-12  2.055E-11  1.214E-10
       10     1.108 1.098E-01   0.011644  0.0255  5.796E-05  4.741E-05  3.022E-05    0.02671  3.087E-09  1.000000  6.803655E-12  1.991E-11  1.121E-10
       11     1.218 1.094E-01   0.012110  0.0278  6.011E-05  5.417E-05  3.237E-05    0.02712  4.518E-09  1.000000  6.449226E-12  1.929E-11  1.038E-10
       12     1.327 1.093E-01   0.012555  0.0306  6.756E-05  5.586E-05  3.422E-05    0.02811  6.395E-09  1.000000  6.130164E-12  1.872E-11  9.650E-11
       13     1.437 1.091E-01   0.012986  0.0311  6.882E-05  5.645E-05  4.336E-05    0.02926  8.113E-09  1.000000  5.841117E-12  1.818E-11  8.997E-11
       14     1.546 1.091E-01   0.013403  0.0334  7.694E-05  5.846E-05  4.423E-05    0.03019  9.428E-09  1.000000  5.578819E-12  1.767E-11  8.413E-11
       15     1.655 1.089E-01   0.013806  0.0340  7.723E-05  5.875E-05  5.461E-05    0.03055  1.050E-08  1.000000  5.339997E-12  1.717E-11  7.888E-11
       16     1.764 1.090E-01   0.014158  0.0329  7.889E-05  6.030E-05  6.125E-05    0.03134  1.146E-08  1.000000  5.122455E-12  1.670E-11  7.417E-11
       17     1.873 1.085E-01   0.014540  0.0374  8.706E-05  6.235E-05  6.201E-05    0.03221  1.232E-08  1.000000  4.923347E-12  1.625E-11  6.991E-11
       18     1.981 1.085E-01   0.015416  0.0389  9.276E-05  6.806E-05  7.682E-05    0.03301  1.328E-08  1.000000  4.741746E-12  1.582E-11  6.609E-11
       19     2.090 1.082E-01   0.015765  0.0412  9.710E-05  6.807E-05  8.337E-05    0.03318  1.578E-08  1.000000  4.574482E-12  1.541E-11  6.261E-11
