 0.00000E+00
  6.18950E-006 -1.15150E-005  8.00340E-006  2.56771E-005 -1.43267E-005 -1.59885E-005  1.46001E-005 -3.13033E-006
 -7.56841E-006  2.31697E-006  2.35206E-006 -1.22090E-005  7.08926E-006  2.30884E-006 -1.65056E-005  2.88022E-005
  1.69043E-005 -3.58057E-005  1.68244E-005  7.03645E-006 -2.14078E-005  1.75000E-005 -1.24642E-005 -1.41403E-005
  1.07237E-006  1.38014E-005  3.34017E-006 -1.28037E-005  5.86101E-006  9.21907E-006 -9.96379E-006 -1.06941E-006
 -1.02369E-005  2.18419E-005  1.05381E-005 -2.01436E-005  3.19875E-006 -2.39189E-006 -1.46006E-005 -1.89125E-005
  1.99148E-005  1.43360E-005 -2.35493E-005  1.63999E-006  2.84180E-005 -1.41485E-005 -2.49275E-005  9.45481E-006
  8.11792E-006  3.76527E-006  1.48077E-005 -2.79105E-005  1.13680E-005  1.68183E-005 -2.70448E-005  3.40065E-005
 -1.78676E-005 -1.34141E-005  3.47519E-005 -4.38693E-005 -4.89124E-006  4.24019E-005 -7.99687E-006 -3.47424E-006
  5.94633E-005 -3.16719E-004  4.10833E-004 -1.60915E-004 -6.97567E-006  4.74406E-005  6.11530E-005 -4.55965E-005
 -2.74165E-004  3.19925E-004 -1.69102E-005 -1.85898E-004 -2.53109E-005  3.71449E-004 -2.74194E-004 -6.09994E-006
 -7.36642E-006  3.70898E-005 -9.45270E-005  4.17095E-004 -7.19289E-004  6.75436E-004 -3.55616E-004 -8.64391E-005
  4.74213E-004 -5.08214E-004  1.59649E-004  4.35733E-004 -7.41982E-004  3.52686E-004  3.24455E-005 -2.83917E-005
 -3.61739E-005 -9.11021E-005  2.55548E-004 -1.22923E-004 -2.01892E-004  1.80033E-004  6.22280E-005 -1.91235E-004
  1.48734E-004 -7.00718E-005  6.74258E-005 -1.75332E-004  3.22604E-004 -3.61279E-004  2.34742E-004  1.22723E-004
 -2.28235E-004 -1.85345E-004  5.80168E-004 -6.44271E-004  4.27295E-004 -1.44473E-004 -8.10997E-005  5.76715E-005
  7.86593E-005  3.26587E-005 -1.22774E-004 -7.19102E-006  1.54058E-004 -1.26205E-004 -2.56478E-005  9.07015E-005
 8.00000E-02
  5.72665E-006 -1.10074E-005  8.15603E-006  2.48403E-005 -1.38717E-005 -1.54887E-005  1.39377E-005 -2.90022E-006
 -7.39077E-006  2.10693E-006  2.14098E-006 -1.17124E-005  6.79099E-006  2.11164E-006 -1.56540E-005  2.80898E-005
  1.63428E-005 -3.44540E-005  1.59764E-005  6.77409E-006 -2.05432E-005  1.66536E-005 -1.19791E-005 -1.40809E-005
  1.06177E-006  1.35600E-005  3.20285E-006 -1.23268E-005  5.74612E-006  8.89226E-006 -9.64334E-006 -1.05819E-006
 -9.63753E-006  2.14000E-005  1.02603E-005 -1.95523E-005  2.85411E-006 -2.31713E-006 -1.46508E-005 -1.84324E-005
  1.93523E-005  1.40059E-005 -2.27028E-005  1.62459E-006  2.75378E-005 -1.37685E-005 -2.43879E-005  9.01959E-006
  8.04124E-006  3.99524E-006  1.41483E-005 -2.67759E-005  1.08338E-005  1.61826E-005 -2.55289E-005  3.23006E-005
 -1.70663E-005 -1.26959E-005  3.29408E-005 -4.23377E-005 -4.74052E-006  4.11231E-005 -7.25391E-006 -3.77175E-006
  5.14115E-005 -3.00650E-004  3.93507E-004 -1.50327E-004 -1.06487E-005  4.83294E-005  6.06631E-005 -4.87030E-005
 -2.62861E-004  3.06546E-004 -1.29305E-005 -1.82874E-004 -2.13692E-005  3.57454E-004 -2.61769E-004 -1.07350E-005
 -5.18880E-006  3.26845E-005 -8.41970E-005  3.93572E-004 -6.83011E-004  6.39711E-004 -3.35542E-004 -8.28817E-005
  4.52033E-004 -4.85311E-004  1.55550E-004  4.14651E-004 -7.10677E-004  3.32903E-004  3.70589E-005 -2.63986E-005
 -3.62968E-005 -8.34686E-005  2.44920E-004 -1.19897E-004 -1.94774E-004  1.73400E-004  5.97995E-005 -1.82221E-004
  1.39621E-004 -6.42102E-005  6.17671E-005 -1.64315E-004  3.05542E-004 -3.43196E-004  2.24352E-004  1.20890E-004
 -2.24895E-004 -1.74123E-004  5.52330E-004 -6.12315E-004  4.03966E-004 -1.33691E-004 -8.22300E-005  5.60974E-005
  7.91809E-005  3.02072E-005 -1.19156E-004 -6.00076E-006  1.48198E-004 -1.22088E-004 -2.47409E-005  8.73474E-005
 1.60000E-01
  5.31465E-006 -1.05964E-005  8.07748E-006  2.41764E-005 -1.31458E-005 -1.51896E-005  1.31786E-005 -2.44059E-006
 -7.30180E-006  1.85708E-006  1.99295E-006 -1.14484E-005  6.64671E-006  2.05287E-006 -1.50262E-005  2.75056E-005
  1.58750E-005 -3.32971E-005  1.50551E-005  6.54105E-006 -1.94647E-005  1.59026E-005 -1.16680E-005 -1.40732E-005
  9.72691E-007  1.32699E-005  3.05956E-006 -1.16671E-005  5.80670E-006  8.40105E-006 -9.37298E-006 -9.94181E-007
 -9.02319E-006  2.11952E-005  9.93761E-006 -1.91141E-005  2.64361E-006 -2.16101E-006 -1.47566E-005 -1.80967E-005
  1.88168E-005  1.37781E-005 -2.19874E-005  1.69936E-006  2.68654E-005 -1.35698E-005 -2.40814E-005  8.75818E-006
  7.97200E-006  4.09577E-006  1.37665E-005 -2.55992E-005  1.00694E-005  1.55611E-005 -2.40468E-005  3.05885E-005
 -1.60852E-005 -1.19425E-005  3.10436E-005 -4.09156E-005 -4.54617E-006  3.99452E-005 -6.58814E-006 -4.22252E-006
  4.10997E-005 -2.84111E-004  3.77996E-004 -1.40643E-004 -1.57105E-005  5.09431E-005  5.97058E-005 -5.06149E-005
 -2.54179E-004  2.95191E-004 -9.24615E-006 -1.81327E-004 -1.67973E-005  3.46054E-004 -2.51507E-004 -1.64635E-005
 -7.42157E-007  2.69698E-005 -7.56933E-005  3.73763E-004 -6.48156E-004  6.03603E-004 -3.14897E-004 -8.02521E-005
  4.29302E-004 -4.60679E-004  1.50873E-004  3.94324E-004 -6.81443E-004  3.14730E-004  4.15805E-005 -2.36727E-005
 -3.55256E-005 -7.80698E-005  2.35596E-004 -1.14797E-004 -1.88955E-004  1.64253E-004  6.06400E-005 -1.73895E-004
  1.28806E-004 -5.64075E-005  5.48442E-005 -1.54148E-004  2.92353E-004 -3.29096E-004  2.15158E-004  1.20518E-004
 -2.23272E-004 -1.63545E-004  5.26029E-004 -5.80794E-004  3.82623E-004 -1.25963E-004 -8.25896E-005  5.45466E-005
  7.95632E-005  2.81796E-005 -1.15422E-004 -3.30803E-006  1.40658E-004 -1.19082E-004 -2.19422E-005  8.30449E-005
 2.40000E-01
  4.94648E-006 -1.01401E-005  7.91596E-006  2.35464E-005 -1.22983E-005 -1.50601E-005  1.24700E-005 -1.86261E-006
 -7.36586E-006  1.64567E-006  1.97887E-006 -1.13747E-005  6.49590E-006  2.25289E-006 -1.45270E-005  2.67737E-005
  1.54896E-005 -3.21290E-005  1.40346E-005  6.45644E-006 -1.84073E-005  1.51300E-005 -1.13537E-005 -1.41140E-005
  1.02446E-006  1.28659E-005  2.89292E-006 -1.08862E-005  5.71593E-006  7.99512E-006 -9.01246E-006 -1.09952E-006
 -8.36838E-006  2.09012E-005  9.59891E-006 -1.86036E-005  2.40424E-006 -1.94164E-006 -1.48235E-005 -1.78745E-005
  1.84022E-005  1.35520E-005 -2.14541E-005  1.87086E-006  2.63725E-005 -1.35759E-005 -2.38496E-005  8.59481E-006
  7.84569E-006  4.20617E-006  1.35506E-005 -2.44988E-005  9.29701E-006  1.49812E-005 -2.27212E-005  2.89422E-005
 -1.51675E-005 -1.11199E-005  2.93018E-005 -3.97981E-005 -4.30297E-006  3.90291E-005 -6.08597E-006 -4.66514E-006
  3.22753E-005 -2.68057E-004  3.62385E-004 -1.31587E-004 -1.94327E-005  5.15401E-005  6.10143E-005 -5.36654E-005
 -2.46122E-004  2.85428E-004 -5.73744E-006 -1.81869E-004 -1.07527E-005  3.36254E-004 -2.43777E-004 -2.10930E-005
  3.71361E-006  2.06796E-005 -6.77947E-005  3.56433E-004 -6.16201E-004  5.70079E-004 -2.95366E-004 -7.81417E-005
  4.07905E-004 -4.38461E-004  1.48134E-004  3.75598E-004 -6.56601E-004  2.99209E-004  4.67346E-005 -2.27241E-005
 -3.31489E-005 -7.42028E-005  2.26826E-004 -1.09305E-004 -1.82917E-004  1.52670E-004  6.55950E-005 -1.69152E-004
  1.19494E-004 -4.86365E-005  4.86516E-005 -1.47219E-004  2.83902E-004 -3.17661E-004  2.05552E-004  1.20277E-004
 -2.19923E-004 -1.55189E-004  5.01155E-004 -5.48824E-004  3.59585E-004 -1.16652E-004 -8.43625E-005  5.41311E-005
  8.01783E-005  2.39835E-005 -1.08843E-004 -2.37924E-006  1.32879E-004 -1.14048E-004 -2.11531E-005  7.87339E-005
 3.20000E-01
  4.63855E-006 -9.69492E-006  7.59664E-006  2.30202E-005 -1.14025E-005 -1.48849E-005  1.17575E-005 -1.43101E-006
 -7.29182E-006  1.46167E-006  1.86504E-006 -1.12578E-005  6.32786E-006  2.41346E-006 -1.39699E-005  2.59881E-005
  1.50762E-005 -3.09582E-005  1.31146E-005  6.39333E-006 -1.74895E-005  1.43660E-005 -1.10254E-005 -1.40795E-005
  1.12175E-006  1.23598E-005  2.66943E-006 -1.00265E-005  5.61320E-006  7.57984E-006 -8.60156E-006 -1.24960E-006
 -7.73716E-006  2.06321E-005  9.24180E-006 -1.81016E-005  2.24049E-006 -1.73705E-006 -1.49729E-005 -1.76177E-005
  1.80094E-005  1.32532E-005 -2.08644E-005  2.05347E-006  2.58219E-005 -1.35152E-005 -2.35677E-005  8.29149E-006
  7.77933E-006  4.40073E-006  1.32881E-005 -2.34660E-005  8.62558E-006  1.44229E-005 -2.15225E-005  2.73483E-005
 -1.42607E-005 -1.02934E-005  2.75989E-005 -3.87439E-005 -4.04273E-006  3.82194E-005 -5.63752E-006 -5.14666E-006
  2.36201E-005 -2.52564E-004  3.47652E-004 -1.23523E-004 -2.28075E-005  5.25388E-005  6.24716E-005 -5.77863E-005
 -2.36906E-004  2.75212E-004 -2.75625E-006 -1.81549E-004 -5.05572E-006  3.25826E-004 -2.35229E-004 -2.50809E-005
  5.96857E-006  1.63392E-005 -6.07558E-005  3.40112E-004 -5.86594E-004  5.39552E-004 -2.77655E-004 -7.55622E-005
  3.86425E-004 -4.16267E-004  1.45192E-004  3.57845E-004 -6.33399E-004  2.84637E-004  5.22133E-005 -2.21155E-005
 -2.95274E-005 -7.22143E-005  2.18844E-004 -1.02543E-004 -1.78421E-004  1.42526E-004  6.85840E-005 -1.63471E-004
  1.11451E-004 -4.29466E-005  4.34963E-005 -1.40270E-004  2.75017E-004 -3.05947E-004  1.96385E-004  1.18747E-004
 -2.15121E-004 -1.47932E-004  4.78166E-004 -5.19456E-004  3.37839E-004 -1.07498E-004 -8.57696E-005  5.38512E-005
  8.03361E-005  1.90114E-005 -1.01119E-004 -1.48370E-006  1.24478E-004 -1.08394E-004 -2.05499E-005  7.39307E-005
