top - 17:56:47 up 204 days,  9:44,  0 users,  load average: 24.02, 24.06, 22.04
Tasks: 886 total,  25 running, 861 sleeping,   0 stopped,   0 zombie
Cpu(s): 66.9%us,  2.0%sy,  0.0%ni, 31.0%id,  0.1%wa,  0.0%hi,  0.0%si,  0.0%st
Mem:  132170692k total, 41202688k used, 90968004k free,   226444k buffers
Swap:  9775548k total,     8848k used,  9766700k free, 29034344k cached

  PID USER      PR  NI  VIRT  RES  SHR S %CPU %MEM    TIME+  COMMAND            
30029 fagent    20   0 1398m  54m  37m R 101.7  0.0  38:23.08 run.x             
30033 fagent    20   0 1398m  53m  37m R 99.8  0.0  38:26.61 run.x              
30037 fagent    20   0 1398m  53m  37m R 99.8  0.0  38:25.07 run.x              
30039 fagent    20   0 1398m  53m  37m R 99.8  0.0  38:22.24 run.x              
30040 fagent    20   0 1398m  53m  37m R 99.8  0.0  38:20.67 run.x              
30042 fagent    20   0 1398m  53m  37m R 99.8  0.0  38:18.44 run.x              
30045 fagent    20   0 1398m  53m  37m R 99.8  0.0  38:24.48 run.x              
30047 fagent    20   0 1398m  53m  37m R 99.8  0.0  38:20.98 run.x              
30051 fagent    20   0 1398m  53m  37m R 99.8  0.0  38:18.60 run.x              
30030 fagent    20   0 1398m  53m  37m R 97.9  0.0  38:22.44 run.x              
30031 fagent    20   0 1398m  53m  37m R 97.9  0.0  38:21.81 run.x              
30032 fagent    20   0 1398m  53m  37m R 97.9  0.0  38:19.79 run.x              
30034 fagent    20   0 1398m  53m  37m R 97.9  0.0  38:22.46 run.x              
30035 fagent    20   0 1398m  53m  37m R 97.9  0.0  38:21.44 run.x              
30038 fagent    20   0 1398m  53m  37m R 97.9  0.0  38:22.45 run.x              
30041 fagent    20   0 1398m  53m  37m R 97.9  0.0  38:22.01 run.x              
30043 fagent    20   0 1398m  53m  37m R 97.9  0.0  38:19.20 run.x              
30044 fagent    20   0 1398m  53m  37m R 97.9  0.0  38:18.38 run.x              
30046 fagent    20   0 1398m  53m  37m R 97.9  0.0  38:21.26 run.x              
30048 fagent    20   0 1398m  53m  37m R 97.9  0.0  38:19.03 run.x              
30049 fagent    20   0 1398m  54m  38m R 97.9  0.0  38:20.37 run.x              
30050 fagent    20   0 1398m  53m  37m R 97.9  0.0  38:19.75 run.x              
30052 fagent    20   0 1398m  54m  37m R 97.9  0.0  38:17.83 run.x              
30036 fagent    20   0 1398m  53m  37m R 96.0  0.0  38:19.21 run.x              
   44 root      20   0     0    0    0 S  1.9  0.0   1:14.16 ksoftirqd/13       
31688 fagent    20   0 17052 2524 1588 R  1.9  0.0   0:00.01 top                
    1 root      20   0 21404 1096  868 S  0.0  0.0   6:21.77 init               
    2 root      20   0     0    0    0 S  0.0  0.0   6:33.41 kthreadd           
    3 root      RT   0     0    0    0 S  0.0  0.0  58:11.61 migration/0        
    4 root      20   0     0    0    0 S  0.0  0.0   2:51.32 ksoftirqd/0        
    5 root      RT   0     0    0    0 S  0.0  0.0   0:00.00 stopper/0          
    6 root      RT   0     0    0    0 S  0.0  0.0  53:48.17 migration/1        
    7 root      RT   0     0    0    0 S  0.0  0.0   0:00.00 stopper/1          
    8 root      20   0     0    0    0 S  0.0  0.0   3:33.35 ksoftirqd/1        
    9 root      RT   0     0    0    0 S  0.0  0.0  29:09.07 migration/2        
   10 root      RT   0     0    0    0 S  0.0  0.0   0:00.00 stopper/2          
   11 root      20   0     0    0    0 S  0.0  0.0   2:15.35 ksoftirqd/2        
   12 root      RT   0     0    0    0 S  0.0  0.0  23:00.96 migration/3        
   13 root      RT   0     0    0    0 S  0.0  0.0   0:00.00 stopper/3          
   14 root      20   0     0    0    0 S  0.0  0.0   1:09.53 ksoftirqd/3        
   15 root      RT   0     0    0    0 S  0.0  0.0  20:03.75 migration/4        
   16 root      RT   0     0    0    0 S  0.0  0.0   0:00.00 stopper/4          
   17 root      20   0     0    0    0 S  0.0  0.0   0:35.52 ksoftirqd/4        
   18 root      RT   0     0    0    0 S  0.0  0.0  21:17.68 migration/5        
   19 root      RT   0     0    0    0 S  0.0  0.0   0:00.00 stopper/5          
   20 root      20   0     0    0    0 S  0.0  0.0   1:40.69 ksoftirqd/5        
   21 root      RT   0     0    0    0 S  0.0  0.0  39:59.24 migration/6        
   22 root      RT   0     0    0    0 S  0.0  0.0   0:00.00 stopper/6          
   23 root      20   0     0    0    0 S  0.0  0.0   1:16.33 ksoftirqd/6        
   24 root      RT   0     0    0    0 S  0.0  0.0  28:14.53 migration/7        
   25 root      RT   0     0    0    0 S  0.0  0.0   0:00.00 stopper/7          
   26 root      20   0     0    0    0 S  0.0  0.0   0:55.99 ksoftirqd/7        
   27 root      RT   0     0    0    0 S  0.0  0.0  19:18.67 migration/8        
   28 root      RT   0     0    0    0 S  0.0  0.0   0:00.00 stopper/8          
   29 root      20   0     0    0    0 S  0.0  0.0   0:51.65 ksoftirqd/8        
   30 root      RT   0     0    0    0 S  0.0  0.0  22:19.02 migration/9        
   31 root      RT   0     0    0    0 S  0.0  0.0   0:00.00 stopper/9          
   32 root      20   0     0    0    0 S  0.0  0.0   0:48.66 ksoftirqd/9        
   33 root      RT   0     0    0    0 S  0.0  0.0  58:59.13 migration/10       
   34 root      RT   0     0    0    0 S  0.0  0.0   0:00.00 stopper/10         
   35 root      20   0     0    0    0 S  0.0  0.0   0:35.94 ksoftirqd/10       
   36 root      RT   0     0    0    0 S  0.0  0.0  40:14.97 migration/11       
   37 root      RT   0     0    0    0 S  0.0  0.0   0:00.00 stopper/11         
   38 root      20   0     0    0    0 S  0.0  0.0   0:22.99 ksoftirqd/11       
   39 root      RT   0     0    0    0 S  0.0  0.0  25:47.20 migration/12       
   40 root      RT   0     0    0    0 S  0.0  0.0   0:00.00 stopper/12         
   41 root      20   0     0    0    0 S  0.0  0.0   1:19.25 ksoftirqd/12       
   42 root      RT   0     0    0    0 S  0.0  0.0  16:46.25 migration/13       
   43 root      RT   0     0    0    0 S  0.0  0.0   0:00.00 stopper/13         
   45 root      RT   0     0    0    0 S  0.0  0.0  14:08.97 migration/14       
   46 root      RT   0     0    0    0 S  0.0  0.0   0:00.00 stopper/14         
   47 root      20   0     0    0    0 S  0.0  0.0   0:58.08 ksoftirqd/14       
   48 root      RT   0     0    0    0 S  0.0  0.0  14:15.90 migration/15       
   49 root      RT   0     0    0    0 S  0.0  0.0   0:00.00 stopper/15         
   50 root      20   0     0    0    0 S  0.0  0.0   0:44.91 ksoftirqd/15       
   51 root      RT   0     0    0    0 S  0.0  0.0  11:07.69 migration/16       
   52 root      RT   0     0    0    0 S  0.0  0.0   0:00.00 stopper/16         
   53 root      20   0     0    0    0 S  0.0  0.0   0:36.36 ksoftirqd/16       
   54 root      RT   0     0    0    0 S  0.0  0.0   9:18.13 migration/17       
   55 root      RT   0     0    0    0 S  0.0  0.0   0:00.00 stopper/17         
   56 root      20   0     0    0    0 S  0.0  0.0   0:29.78 ksoftirqd/17       
   57 root      RT   0     0    0    0 S  0.0  0.0  59:13.10 migration/18       
   58 root      RT   0     0    0    0 S  0.0  0.0   0:00.00 stopper/18         
   59 root      20   0     0    0    0 S  0.0  0.0   1:15.75 ksoftirqd/18       
   60 root      RT   0     0    0    0 S  0.0  0.0  50:04.29 migration/19       
   61 root      RT   0     0    0    0 S  0.0  0.0   0:00.00 stopper/19         
   62 root      20   0     0    0    0 S  0.0  0.0   0:45.68 ksoftirqd/19       
   63 root      RT   0     0    0    0 S  0.0  0.0  17:47.98 migration/20       
   64 root      RT   0     0    0    0 S  0.0  0.0   0:00.00 stopper/20         
   65 root      20   0     0    0    0 S  0.0  0.0   0:31.10 ksoftirqd/20       
   66 root      RT   0     0    0    0 S  0.0  0.0  21:58.69 migration/21       
   67 root      RT   0     0    0    0 S  0.0  0.0   0:00.00 stopper/21         
   68 root      20   0     0    0    0 S  0.0  0.0   1:40.75 ksoftirqd/21       
   69 root      RT   0     0    0    0 S  0.0  0.0  18:02.56 migration/22       
   70 root      RT   0     0    0    0 S  0.0  0.0   0:00.00 stopper/22         
   71 root      20   0     0    0    0 S  0.0  0.0   1:13.62 ksoftirqd/22       
   72 root      RT   0     0    0    0 S  0.0  0.0  17:10.73 migration/23       
   73 root      RT   0     0    0    0 S  0.0  0.0   0:00.00 stopper/23         
   74 root      20   0     0    0    0 S  0.0  0.0   0:46.41 ksoftirqd/23       
   75 root      20   0     0    0    0 S  0.0  0.0  68:14.84 events/0           
   76 root      20   0     0    0    0 S  0.0  0.0  26:01.84 events/1           
   77 root      20   0     0    0    0 S  0.0  0.0  36:23.22 events/2           
   78 root      20   0     0    0    0 S  0.0  0.0  32:33.90 events/3           
   79 root      20   0     0    0    0 S  0.0  0.0  22:05.25 events/4           
   80 root      20   0     0    0    0 S  0.0  0.0  35:36.81 events/5           
   81 root      20   0     0    0    0 S  0.0  0.0  25:36.32 events/6           
   82 root      20   0     0    0    0 S  0.0  0.0  24:14.68 events/7           
   83 root      20   0     0    0    0 S  0.0  0.0  24:30.63 events/8           
   84 root      20   0     0    0    0 S  0.0  0.0  24:09.85 events/9           
   85 root      20   0     0    0    0 S  0.0  0.0  32:39.51 events/10          
   86 root      20   0     0    0    0 S  0.0  0.0  20:22.09 events/11          
   87 root      20   0     0    0    0 S  0.0  0.0  32:27.18 events/12          
   88 root      20   0     0    0    0 S  0.0  0.0  26:59.03 events/13          
   89 root      20   0     0    0    0 S  0.0  0.0  19:21.47 events/14          
   90 root      20   0     0    0    0 S  0.0  0.0  19:04.78 events/15          
   91 root      20   0     0    0    0 S  0.0  0.0  20:40.42 events/16          
   92 root      20   0     0    0    0 S  0.0  0.0  19:13.10 events/17          
   93 root      20   0     0    0    0 S  0.0  0.0  45:06.93 events/18          
   94 root      20   0     0    0    0 S  0.0  0.0  23:21.73 events/19          
   95 root      20   0     0    0    0 S  0.0  0.0  16:43.24 events/20          
   96 root      20   0     0    0    0 S  0.0  0.0  25:00.36 events/21          
   97 root      20   0     0    0    0 S  0.0  0.0  32:19.36 events/22          
   98 root      20   0     0    0    0 S  0.0  0.0  26:00.34 events/23          
   99 root      20   0     0    0    0 S  0.0  0.0   0:00.00 events/0           
  100 root      20   0     0    0    0 S  0.0  0.0   0:00.00 events/1           
  101 root      20   0     0    0    0 S  0.0  0.0   0:00.00 events/2           
  102 root      20   0     0    0    0 S  0.0  0.0   0:00.00 events/3           
  103 root      20   0     0    0    0 S  0.0  0.0   0:00.00 events/4           
  104 root      20   0     0    0    0 S  0.0  0.0   0:00.00 events/5           
  105 root      20   0     0    0    0 S  0.0  0.0   0:00.00 events/6           
  106 root      20   0     0    0    0 S  0.0  0.0   0:00.00 events/7           
  107 root      20   0     0    0    0 S  0.0  0.0   0:00.00 events/8           
  108 root      20   0     0    0    0 S  0.0  0.0   0:00.00 events/9           
  109 root      20   0     0    0    0 S  0.0  0.0   0:00.00 events/10          
  110 root      20   0     0    0    0 S  0.0  0.0   0:00.00 events/11          
  111 root      20   0     0    0    0 S  0.0  0.0   0:00.00 events/12          
  112 root      20   0     0    0    0 S  0.0  0.0   0:00.00 events/13          
  113 root      20   0     0    0    0 S  0.0  0.0   0:00.00 events/14          
  114 root      20   0     0    0    0 S  0.0  0.0   0:00.00 events/15          
  115 root      20   0     0    0    0 S  0.0  0.0   0:00.00 events/16          
  116 root      20   0     0    0    0 S  0.0  0.0   0:00.00 events/17          
  117 root      20   0     0    0    0 S  0.0  0.0   0:00.00 events/18          
  118 root      20   0     0    0    0 S  0.0  0.0   0:00.00 events/19          
  119 root      20   0     0    0    0 S  0.0  0.0   0:00.00 events/20          
  120 root      20   0     0    0    0 S  0.0  0.0   0:00.00 events/21          
  121 root      20   0     0    0    0 S  0.0  0.0   0:00.00 events/22          
  122 root      20   0     0    0    0 S  0.0  0.0   0:00.00 events/23          
  123 root      20   0     0    0    0 S  0.0  0.0   0:00.00 events_long/0      
  124 root      20   0     0    0    0 S  0.0  0.0   0:00.00 events_long/1      
  125 root      20   0     0    0    0 S  0.0  0.0   0:00.00 events_long/2      
  126 root      20   0     0    0    0 S  0.0  0.0   0:00.00 events_long/3      
  127 root      20   0     0    0    0 S  0.0  0.0   0:00.00 events_long/4      
  128 root      20   0     0    0    0 S  0.0  0.0   0:00.00 events_long/5      
  129 root      20   0     0    0    0 S  0.0  0.0   0:00.00 events_long/6      
  130 root      20   0     0    0    0 S  0.0  0.0   0:00.00 events_long/7      
  131 root      20   0     0    0    0 S  0.0  0.0   0:00.00 events_long/8      
  132 root      20   0     0    0    0 S  0.0  0.0   0:00.00 events_long/9      
  133 root      20   0     0    0    0 S  0.0  0.0   0:00.00 events_long/10     
  134 root      20   0     0    0    0 S  0.0  0.0   0:00.00 events_long/11     
  135 root      20   0     0    0    0 S  0.0  0.0   0:00.00 events_long/12     
  136 root      20   0     0    0    0 S  0.0  0.0   0:00.00 events_long/13     
  137 root      20   0     0    0    0 S  0.0  0.0   0:00.00 events_long/14     
  138 root      20   0     0    0    0 S  0.0  0.0   0:00.00 events_long/15     
  139 root      20   0     0    0    0 S  0.0  0.0   0:00.00 events_long/16     
  140 root      20   0     0    0    0 S  0.0  0.0   0:00.00 events_long/17     
  141 root      20   0     0    0    0 S  0.0  0.0   0:00.00 events_long/18     
  142 root      20   0     0    0    0 S  0.0  0.0   0:00.00 events_long/19     
  143 root      20   0     0    0    0 S  0.0  0.0   0:00.00 events_long/20     
  144 root      20   0     0    0    0 S  0.0  0.0   0:00.00 events_long/21     
  145 root      20   0     0    0    0 S  0.0  0.0   0:00.00 events_long/22     
  146 root      20   0     0    0    0 S  0.0  0.0   0:00.00 events_long/23     
  147 root      20   0     0    0    0 S  0.0  0.0   0:00.00 events_power_ef    
  148 root      20   0     0    0    0 S  0.0  0.0   0:00.00 events_power_ef    
  149 root      20   0     0    0    0 S  0.0  0.0   0:00.00 events_power_ef    
  150 root      20   0     0    0    0 S  0.0  0.0   0:00.00 events_power_ef    
  151 root      20   0     0    0    0 S  0.0  0.0   0:00.00 events_power_ef    
  152 root      20   0     0    0    0 S  0.0  0.0   0:00.00 events_power_ef    
  153 root      20   0     0    0    0 S  0.0  0.0   0:00.00 events_power_ef    
  154 root      20   0     0    0    0 S  0.0  0.0   0:00.00 events_power_ef    
  155 root      20   0     0    0    0 S  0.0  0.0   0:00.00 events_power_ef    
  156 root      20   0     0    0    0 S  0.0  0.0   0:00.00 events_power_ef    
  157 root      20   0     0    0    0 S  0.0  0.0   0:00.00 events_power_ef    
  158 root      20   0     0    0    0 S  0.0  0.0   0:00.00 events_power_ef    
  159 root      20   0     0    0    0 S  0.0  0.0   0:00.00 events_power_ef    
  160 root      20   0     0    0    0 S  0.0  0.0   0:00.00 events_power_ef    
  161 root      20   0     0    0    0 S  0.0  0.0   0:00.00 events_power_ef    
  162 root      20   0     0    0    0 S  0.0  0.0   0:00.00 events_power_ef    
  163 root      20   0     0    0    0 S  0.0  0.0   0:00.00 events_power_ef    
  164 root      20   0     0    0    0 S  0.0  0.0   0:00.00 events_power_ef    
  165 root      20   0     0    0    0 S  0.0  0.0   0:00.00 events_power_ef    
  166 root      20   0     0    0    0 S  0.0  0.0   0:00.00 events_power_ef    
  167 root      20   0     0    0    0 S  0.0  0.0   0:00.00 events_power_ef    
  168 root      20   0     0    0    0 S  0.0  0.0   0:00.00 events_power_ef    
  169 root      20   0     0    0    0 S  0.0  0.0   0:00.00 events_power_ef    
  170 root      20   0     0    0    0 S  0.0  0.0   0:00.00 events_power_ef    
  171 root      20   0     0    0    0 S  0.0  0.0   0:20.54 cgroup             
  172 root      20   0     0    0    0 S  0.0  0.0   0:02.83 khelper            
  173 root      20   0     0    0    0 S  0.0  0.0   0:00.00 netns              
  174 root      20   0     0    0    0 S  0.0  0.0   0:00.00 async/mgr          
  175 root      20   0     0    0    0 S  0.0  0.0   0:00.00 pm                 
  176 root      20   0     0    0    0 S  0.0  0.0   1:16.20 sync_supers        
  177 root      20   0     0    0    0 S  0.0  0.0   1:15.80 bdi-default        
  178 root      20   0     0    0    0 S  0.0  0.0   0:00.00 kintegrityd/0      
  179 root      20   0     0    0    0 S  0.0  0.0   0:00.00 kintegrityd/1      
  180 root      20   0     0    0    0 S  0.0  0.0   0:00.00 kintegrityd/2      
  181 root      20   0     0    0    0 S  0.0  0.0   0:00.00 kintegrityd/3      
  182 root      20   0     0    0    0 S  0.0  0.0   0:00.00 kintegrityd/4      
  183 root      20   0     0    0    0 S  0.0  0.0   0:00.00 kintegrityd/5      
  184 root      20   0     0    0    0 S  0.0  0.0   0:00.00 kintegrityd/6      
  185 root      20   0     0    0    0 S  0.0  0.0   0:00.00 kintegrityd/7      
  186 root      20   0     0    0    0 S  0.0  0.0   0:00.00 kintegrityd/8      
  187 root      20   0     0    0    0 S  0.0  0.0   0:00.00 kintegrityd/9      
  188 root      20   0     0    0    0 S  0.0  0.0   0:00.00 kintegrityd/10     
  189 root      20   0     0    0    0 S  0.0  0.0   0:00.00 kintegrityd/11     
  190 root      20   0     0    0    0 S  0.0  0.0   0:00.00 kintegrityd/12     
  191 root      20   0     0    0    0 S  0.0  0.0   0:00.00 kintegrityd/13     
  192 root      20   0     0    0    0 S  0.0  0.0   0:00.00 kintegrityd/14     
  193 root      20   0     0    0    0 S  0.0  0.0   0:00.00 kintegrityd/15     
  194 root      20   0     0    0    0 S  0.0  0.0   0:00.00 kintegrityd/16     
  195 root      20   0     0    0    0 S  0.0  0.0   0:00.00 kintegrityd/17     
  196 root      20   0     0    0    0 S  0.0  0.0   0:00.00 kintegrityd/18     
  197 root      20   0     0    0    0 S  0.0  0.0   0:00.00 kintegrityd/19     
  198 root      20   0     0    0    0 S  0.0  0.0   0:00.00 kintegrityd/20     
  199 root      20   0     0    0    0 S  0.0  0.0   0:00.00 kintegrityd/21     
  200 root      20   0     0    0    0 S  0.0  0.0   0:00.00 kintegrityd/22     
  201 root      20   0     0    0    0 S  0.0  0.0   0:00.00 kintegrityd/23     
  202 root      20   0     0    0    0 S  0.0  0.0   0:02.96 kblockd/0          
  203 root      20   0     0    0    0 S  0.0  0.0   0:01.28 kblockd/1          
  204 root      20   0     0    0    0 S  0.0  0.0   0:00.74 kblockd/2          
  205 root      20   0     0    0    0 S  0.0  0.0   0:00.48 kblockd/3          
  206 root      20   0     0    0    0 S  0.0  0.0   0:00.98 kblockd/4          
  207 root      20   0     0    0    0 S  0.0  0.0   0:01.08 kblockd/5          
  208 root      20   0     0    0    0 S  0.0  0.0   0:09.37 kblockd/6          
  209 root      20   0     0    0    0 S  0.0  0.0   0:02.22 kblockd/7          
  210 root      20   0     0    0    0 S  0.0  0.0   0:00.79 kblockd/8          
  211 root      20   0     0    0    0 S  0.0  0.0   0:00.71 kblockd/9          
  212 root      20   0     0    0    0 S  0.0  0.0   0:01.21 kblockd/10         
  213 root      20   0     0    0    0 S  0.0  0.0   0:01.29 kblockd/11         
  214 root      20   0     0    0    0 S  0.0  0.0   0:02.28 kblockd/12         
  215 root      20   0     0    0    0 S  0.0  0.0   0:01.99 kblockd/13         
  216 root      20   0     0    0    0 S  0.0  0.0   0:00.58 kblockd/14         
  217 root      20   0     0    0    0 S  0.0  0.0   0:00.76 kblockd/15         
  218 root      20   0     0    0    0 S  0.0  0.0   0:00.75 kblockd/16         
  219 root      20   0     0    0    0 S  0.0  0.0   0:00.25 kblockd/17         
  220 root      20   0     0    0    0 S  0.0  0.0   0:01.60 kblockd/18         
  221 root      20   0     0    0    0 S  0.0  0.0   0:01.13 kblockd/19         
  222 root      20   0     0    0    0 S  0.0  0.0   0:00.57 kblockd/20         
  223 root      20   0     0    0    0 S  0.0  0.0   0:00.80 kblockd/21         
  224 root      20   0     0    0    0 S  0.0  0.0   0:00.62 kblockd/22         
  225 root      20   0     0    0    0 S  0.0  0.0   0:03.57 kblockd/23         
  226 root      20   0     0    0    0 S  0.0  0.0   0:00.00 kacpid             
  227 root      20   0     0    0    0 S  0.0  0.0   0:00.00 kacpi_notify       
  228 root      20   0     0    0    0 S  0.0  0.0   0:00.00 kacpi_hotplug      
  229 root      20   0     0    0    0 S  0.0  0.0   0:00.00 ata_aux            
  230 root      20   0     0    0    0 S  0.0  0.0   0:00.00 ata_sff/0          
  231 root      20   0     0    0    0 S  0.0  0.0   0:00.00 ata_sff/1          
  232 root      20   0     0    0    0 S  0.0  0.0   0:00.00 ata_sff/2          
  233 root      20   0     0    0    0 S  0.0  0.0   0:00.00 ata_sff/3          
  234 root      20   0     0    0    0 S  0.0  0.0   0:00.00 ata_sff/4          
  235 root      20   0     0    0    0 S  0.0  0.0   0:00.00 ata_sff/5          
  236 root      20   0     0    0    0 S  0.0  0.0   0:00.00 ata_sff/6          
  237 root      20   0     0    0    0 S  0.0  0.0   0:00.00 ata_sff/7          
  238 root      20   0     0    0    0 S  0.0  0.0   0:00.00 ata_sff/8          
  239 root      20   0     0    0    0 S  0.0  0.0   0:00.00 ata_sff/9          
  240 root      20   0     0    0    0 S  0.0  0.0   0:00.00 ata_sff/10         
  241 root      20   0     0    0    0 S  0.0  0.0   0:00.00 ata_sff/11         
  242 root      20   0     0    0    0 S  0.0  0.0   0:00.00 ata_sff/12         
  243 root      20   0     0    0    0 S  0.0  0.0   0:00.00 ata_sff/13         
  244 root      20   0     0    0    0 S  0.0  0.0   0:00.00 ata_sff/14         
  245 root      20   0     0    0    0 S  0.0  0.0   0:00.00 ata_sff/15         
  246 root      20   0     0    0    0 S  0.0  0.0   0:00.00 ata_sff/16         
  247 root      20   0     0    0    0 S  0.0  0.0   0:00.00 ata_sff/17         
  248 root      20   0     0    0    0 S  0.0  0.0   0:00.00 ata_sff/18         
  249 root      20   0     0    0    0 S  0.0  0.0   0:00.00 ata_sff/19         
  250 root      20   0     0    0    0 S  0.0  0.0   0:00.00 ata_sff/20         
  251 root      20   0     0    0    0 S  0.0  0.0   0:00.00 ata_sff/21         
  252 root      20   0     0    0    0 S  0.0  0.0   0:00.00 ata_sff/22         
  253 root      20   0     0    0    0 S  0.0  0.0   0:00.00 ata_sff/23         
  254 root      20   0     0    0    0 S  0.0  0.0   0:00.00 ksuspend_usbd      
  255 root      20   0     0    0    0 S  0.0  0.0   0:01.69 khubd              
  256 root      20   0     0    0    0 S  0.0  0.0   0:00.00 kseriod            
  257 root      20   0     0    0    0 S  0.0  0.0   0:00.00 md/0               
  258 root      20   0     0    0    0 S  0.0  0.0   0:00.00 md/1               
  259 root      20   0     0    0    0 S  0.0  0.0   0:00.00 md/2               
  260 root      20   0     0    0    0 S  0.0  0.0   0:00.00 md/3               
  261 root      20   0     0    0    0 S  0.0  0.0   0:00.00 md/4               
  262 root      20   0     0    0    0 S  0.0  0.0   0:00.00 md/5               
  263 root      20   0     0    0    0 S  0.0  0.0   0:00.00 md/6               
  264 root      20   0     0    0    0 S  0.0  0.0   0:00.00 md/7               
  265 root      20   0     0    0    0 S  0.0  0.0   0:00.00 md/8               
  266 root      20   0     0    0    0 S  0.0  0.0   0:00.00 md/9               
  267 root      20   0     0    0    0 S  0.0  0.0   0:00.00 md/10              
  268 root      20   0     0    0    0 S  0.0  0.0   0:00.00 md/11              
  269 root      20   0     0    0    0 S  0.0  0.0   0:00.00 md/12              
  270 root      20   0     0    0    0 S  0.0  0.0   0:00.00 md/13              
  271 root      20   0     0    0    0 S  0.0  0.0   0:00.00 md/14              
  272 root      20   0     0    0    0 S  0.0  0.0   0:00.00 md/15              
  273 root      20   0     0    0    0 S  0.0  0.0   0:00.00 md/16              
  274 root      20   0     0    0    0 S  0.0  0.0   0:00.00 md/17              
  275 root      20   0     0    0    0 S  0.0  0.0   0:00.00 md/18              
  276 root      20   0     0    0    0 S  0.0  0.0   0:00.00 md/19              
  277 root      20   0     0    0    0 S  0.0  0.0   0:00.00 md/20              
  278 root      20   0     0    0    0 S  0.0  0.0   0:00.00 md/21              
  279 root      20   0     0    0    0 S  0.0  0.0   0:00.00 md/22              
  280 root      20   0     0    0    0 S  0.0  0.0   0:00.00 md/23              
  281 root      20   0     0    0    0 S  0.0  0.0   0:00.00 md_misc/0          
  282 root      20   0     0    0    0 S  0.0  0.0   0:00.00 md_misc/1          
  283 root      20   0     0    0    0 S  0.0  0.0   0:00.00 md_misc/2          
  284 root      20   0     0    0    0 S  0.0  0.0   0:00.00 md_misc/3          
  285 root      20   0     0    0    0 S  0.0  0.0   0:00.00 md_misc/4          
  286 root      20   0     0    0    0 S  0.0  0.0   0:00.00 md_misc/5          
  287 root      20   0     0    0    0 S  0.0  0.0   0:00.00 md_misc/6          
  288 root      20   0     0    0    0 S  0.0  0.0   0:00.00 md_misc/7          
  289 root      20   0     0    0    0 S  0.0  0.0   0:00.00 md_misc/8          
  290 root      20   0     0    0    0 S  0.0  0.0   0:00.00 md_misc/9          
  291 root      20   0     0    0    0 S  0.0  0.0   0:00.00 md_misc/10         
  292 root      20   0     0    0    0 S  0.0  0.0   0:00.00 md_misc/11         
  293 root      20   0     0    0    0 S  0.0  0.0   0:00.00 md_misc/12         
  294 root      20   0     0    0    0 S  0.0  0.0   0:00.00 md_misc/13         
  295 root      20   0     0    0    0 S  0.0  0.0   0:00.00 md_misc/14         
  296 root      20   0     0    0    0 S  0.0  0.0   0:00.00 md_misc/15         
  297 root      20   0     0    0    0 S  0.0  0.0   0:00.00 md_misc/16         
  298 root      20   0     0    0    0 S  0.0  0.0   0:00.00 md_misc/17         
  299 root      20   0     0    0    0 S  0.0  0.0   0:00.00 md_misc/18         
  300 root      20   0     0    0    0 S  0.0  0.0   0:00.00 md_misc/19         
  301 root      20   0     0    0    0 S  0.0  0.0   0:00.00 md_misc/20         
  302 root      20   0     0    0    0 S  0.0  0.0   0:00.00 md_misc/21         
  303 root      20   0     0    0    0 S  0.0  0.0   0:00.00 md_misc/22         
  304 root      20   0     0    0    0 S  0.0  0.0   0:00.00 md_misc/23         
  305 root      20   0     0    0    0 S  0.0  0.0   0:00.00 linkwatch          
  310 root      20   0     0    0    0 S  0.0  0.0   0:21.93 khungtaskd         
  311 root      20   0     0    0    0 S  0.0  0.0 104:41.53 kswapd0            
  312 root      20   0     0    0    0 S  0.0  0.0 188:47.02 kswapd1            
  313 root      25   5     0    0    0 S  0.0  0.0   0:00.00 ksmd               
  314 root      20   0     0    0    0 S  0.0  0.0   0:00.00 aio/0              
  315 root      20   0     0    0    0 S  0.0  0.0   0:00.00 aio/1              
  316 root      20   0     0    0    0 S  0.0  0.0   0:00.00 aio/2              
  317 root      20   0     0    0    0 S  0.0  0.0   0:00.00 aio/3              
  318 root      20   0     0    0    0 S  0.0  0.0   0:00.00 aio/4              
  319 root      20   0     0    0    0 S  0.0  0.0   0:00.00 aio/5              
  320 root      20   0     0    0    0 S  0.0  0.0   0:00.00 aio/6              
  321 root      20   0     0    0    0 S  0.0  0.0   0:00.00 aio/7              
  322 root      20   0     0    0    0 S  0.0  0.0   0:00.00 aio/8              
  323 root      20   0     0    0    0 S  0.0  0.0   0:00.00 aio/9              
  324 root      20   0     0    0    0 S  0.0  0.0   0:00.00 aio/10             
  325 root      20   0     0    0    0 S  0.0  0.0   0:00.00 aio/11             
  326 root      20   0     0    0    0 S  0.0  0.0   0:00.00 aio/12             
  327 root      20   0     0    0    0 S  0.0  0.0   0:00.00 aio/13             
  328 root      20   0     0    0    0 S  0.0  0.0   0:00.00 aio/14             
  329 root      20   0     0    0    0 S  0.0  0.0   0:00.00 aio/15             
  330 root      20   0     0    0    0 S  0.0  0.0   0:00.00 aio/16             
  331 root      20   0     0    0    0 S  0.0  0.0   0:00.00 aio/17             
  332 root      20   0     0    0    0 S  0.0  0.0   0:00.00 aio/18             
  333 root      20   0     0    0    0 S  0.0  0.0   0:00.00 aio/19             
  334 root      20   0     0    0    0 S  0.0  0.0   0:00.00 aio/20             
  335 root      20   0     0    0    0 S  0.0  0.0   0:00.00 aio/21             
  336 root      20   0     0    0    0 S  0.0  0.0   0:00.00 aio/22             
  337 root      20   0     0    0    0 S  0.0  0.0   0:00.00 aio/23             
  338 root      20   0     0    0    0 S  0.0  0.0   0:00.00 crypto/0           
  339 root      20   0     0    0    0 S  0.0  0.0   0:00.00 crypto/1           
  340 root      20   0     0    0    0 S  0.0  0.0   0:00.00 crypto/2           
  341 root      20   0     0    0    0 S  0.0  0.0   0:00.00 crypto/3           
  342 root      20   0     0    0    0 S  0.0  0.0   0:00.00 crypto/4           
  343 root      20   0     0    0    0 S  0.0  0.0   0:00.00 crypto/5           
  344 root      20   0     0    0    0 S  0.0  0.0   0:00.00 crypto/6           
  345 root      20   0     0    0    0 S  0.0  0.0   0:00.00 crypto/7           
  346 root      20   0     0    0    0 S  0.0  0.0   0:00.00 crypto/8           
  347 root      20   0     0    0    0 S  0.0  0.0   0:00.00 crypto/9           
  348 root      20   0     0    0    0 S  0.0  0.0   0:00.00 crypto/10          
  349 root      20   0     0    0    0 S  0.0  0.0   0:00.00 crypto/11          
  350 root      20   0     0    0    0 S  0.0  0.0   0:00.00 crypto/12          
  351 root      20   0     0    0    0 S  0.0  0.0   0:00.00 crypto/13          
  352 root      20   0     0    0    0 S  0.0  0.0   0:00.00 crypto/14          
  353 root      20   0     0    0    0 S  0.0  0.0   0:00.00 crypto/15          
  354 root      20   0     0    0    0 S  0.0  0.0   0:00.00 crypto/16          
  355 root      20   0     0    0    0 S  0.0  0.0   0:00.00 crypto/17          
  356 root      20   0     0    0    0 S  0.0  0.0   0:00.00 crypto/18          
  357 root      20   0     0    0    0 S  0.0  0.0   0:00.00 crypto/19          
  358 root      20   0     0    0    0 S  0.0  0.0   0:00.00 crypto/20          
  359 root      20   0     0    0    0 S  0.0  0.0   0:00.00 crypto/21          
  360 root      20   0     0    0    0 S  0.0  0.0   0:00.00 crypto/22          
  361 root      20   0     0    0    0 S  0.0  0.0   0:00.00 crypto/23          
  368 root      20   0     0    0    0 S  0.0  0.0   0:00.00 kthrotld/0         
  369 root      20   0     0    0    0 S  0.0  0.0   0:00.00 kthrotld/1         
  370 root      20   0     0    0    0 S  0.0  0.0   0:00.00 kthrotld/2         
  371 root      20   0     0    0    0 S  0.0  0.0   0:00.00 kthrotld/3         
  372 root      20   0     0    0    0 S  0.0  0.0   0:00.00 kthrotld/4         
  373 root      20   0     0    0    0 S  0.0  0.0   0:00.00 kthrotld/5         
  374 root      20   0     0    0    0 S  0.0  0.0   0:00.00 kthrotld/6         
  375 root      20   0     0    0    0 S  0.0  0.0   0:00.00 kthrotld/7         
  376 root      20   0     0    0    0 S  0.0  0.0   0:00.00 kthrotld/8         
  377 root      20   0     0    0    0 S  0.0  0.0   0:00.00 kthrotld/9         
  378 root      20   0     0    0    0 S  0.0  0.0   0:00.00 kthrotld/10        
  379 root      20   0     0    0    0 S  0.0  0.0   0:00.00 kthrotld/11        
  380 root      20   0     0    0    0 S  0.0  0.0   0:00.00 kthrotld/12        
  381 root      20   0     0    0    0 S  0.0  0.0   0:00.00 kthrotld/13        
  382 root      20   0     0    0    0 S  0.0  0.0   0:00.00 kthrotld/14        
  383 root      20   0     0    0    0 S  0.0  0.0   0:00.00 kthrotld/15        
  384 root      20   0     0    0    0 S  0.0  0.0   0:00.00 kthrotld/16        
  385 root      20   0     0    0    0 S  0.0  0.0   0:00.00 kthrotld/17        
  386 root      20   0     0    0    0 S  0.0  0.0   0:00.00 kthrotld/18        
  387 root      20   0     0    0    0 S  0.0  0.0   0:00.00 kthrotld/19        
  388 root      20   0     0    0    0 S  0.0  0.0   0:00.00 kthrotld/20        
  389 root      20   0     0    0    0 S  0.0  0.0   0:00.00 kthrotld/21        
  390 root      20   0     0    0    0 S  0.0  0.0   0:00.00 kthrotld/22        
  391 root      20   0     0    0    0 S  0.0  0.0   0:00.00 kthrotld/23        
  421 root      20   0     0    0    0 S  0.0  0.0   0:00.00 kpsmoused          
  422 root      20   0     0    0    0 S  0.0  0.0   0:00.00 usbhid_resumer     
  423 root      20   0     0    0    0 S  0.0  0.0   0:00.00 deferwq            
  454 root      20   0     0    0    0 S  0.0  0.0   0:00.00 kdmremove          
  455 root      20   0     0    0    0 S  0.0  0.0   0:00.00 kstriped           
  684 root      20   0     0    0    0 S  0.0  0.0   7:01.78 ldlm_bl_30         
  685 root      20   0     0    0    0 S  0.0  0.0   7:05.68 ldlm_bl_31         
  686 root      20   0     0    0    0 S  0.0  0.0   7:23.96 ldlm_bl_31         
  691 root      20   0     0    0    0 S  0.0  0.0   7:28.63 ldlm_bl_31         
  692 root      20   0     0    0    0 S  0.0  0.0   7:21.39 ldlm_bl_31         
  693 root      20   0     0    0    0 S  0.0  0.0   7:02.69 ldlm_bl_33         
  694 root      20   0     0    0    0 S  0.0  0.0   7:09.27 ldlm_bl_34         
  695 root      20   0     0    0    0 S  0.0  0.0   6:52.32 ldlm_bl_34         
  696 root      20   0     0    0    0 S  0.0  0.0   7:20.79 ldlm_bl_35         
  697 root      20   0     0    0    0 S  0.0  0.0   7:18.41 ldlm_bl_32         
  698 root      20   0     0    0    0 S  0.0  0.0   7:23.14 ldlm_bl_35         
  699 root      20   0     0    0    0 S  0.0  0.0   7:20.70 ldlm_bl_35         
  700 root      20   0     0    0    0 S  0.0  0.0   7:31.14 ldlm_bl_36         
  702 root      20   0     0    0    0 S  0.0  0.0   7:10.65 ldlm_bl_38         
  703 root      20   0     0    0    0 S  0.0  0.0   7:18.33 ldlm_bl_40         
  704 root      20   0     0    0    0 S  0.0  0.0   7:08.60 ldlm_bl_41         
  705 root      20   0     0    0    0 S  0.0  0.0   7:29.79 ldlm_bl_37         
  706 root      20   0     0    0    0 S  0.0  0.0   7:20.22 ldlm_bl_42         
  707 root      20   0     0    0    0 S  0.0  0.0   6:56.93 ldlm_bl_44         
  708 root      20   0     0    0    0 S  0.0  0.0   7:12.77 ldlm_bl_39         
  709 root      20   0     0    0    0 S  0.0  0.0   7:10.08 ldlm_bl_44         
  714 root      20   0     0    0    0 S  0.0  0.0   6:59.78 ldlm_bl_45         
  715 root      20   0     0    0    0 S  0.0  0.0   7:02.96 ldlm_bl_46         
  716 root      20   0     0    0    0 S  0.0  0.0   7:09.59 ldlm_bl_47         
  717 root      20   0     0    0    0 S  0.0  0.0   7:17.87 ldlm_bl_50         
  718 root      20   0     0    0    0 S  0.0  0.0   7:07.87 ldlm_bl_51         
  719 root      20   0     0    0    0 S  0.0  0.0   6:59.95 ldlm_bl_52         
  720 root      20   0     0    0    0 S  0.0  0.0   6:59.42 ldlm_bl_43         
  721 root      20   0     0    0    0 S  0.0  0.0   7:07.45 ldlm_bl_48         
  722 root      20   0     0    0    0 S  0.0  0.0   7:45.17 ldlm_bl_53         
  723 root      20   0     0    0    0 S  0.0  0.0   7:11.28 ldlm_bl_49         
  724 root      20   0     0    0    0 S  0.0  0.0   7:11.52 ldlm_bl_54         
  725 root      20   0     0    0    0 S  0.0  0.0   7:22.53 ldlm_bl_56         
  727 root      20   0     0    0    0 S  0.0  0.0   7:19.46 ldlm_bl_55         
  728 root      20   0     0    0    0 S  0.0  0.0   7:26.15 ldlm_bl_57         
  729 root      20   0     0    0    0 S  0.0  0.0   7:00.85 ldlm_bl_58         
  730 root      20   0     0    0    0 S  0.0  0.0   7:17.38 ldlm_bl_59         
  731 root      20   0     0    0    0 S  0.0  0.0   6:55.19 ldlm_bl_60         
  736 root      20   0     0    0    0 S  0.0  0.0   7:15.72 ldlm_bl_61         
  737 root      20   0     0    0    0 S  0.0  0.0   6:54.91 ldlm_bl_62         
  738 root      20   0     0    0    0 S  0.0  0.0   7:09.74 ldlm_bl_63         
  739 root      20   0     0    0    0 S  0.0  0.0   7:23.80 ldlm_bl_64         
  740 root      20   0     0    0    0 S  0.0  0.0   7:03.99 ldlm_bl_65         
  939 root      20   0     0    0    0 S  0.0  0.0   0:00.00 hpsa/0             
  940 root      20   0     0    0    0 S  0.0  0.0   0:00.00 hpsa/1             
  941 root      20   0     0    0    0 S  0.0  0.0   0:00.00 hpsa/2             
  942 root      20   0     0    0    0 S  0.0  0.0   0:00.00 hpsa/3             
  943 root      20   0     0    0    0 S  0.0  0.0   0:00.00 hpsa/4             
  944 root      20   0     0    0    0 S  0.0  0.0   0:00.00 hpsa/5             
  945 root      20   0     0    0    0 S  0.0  0.0   0:00.00 hpsa/6             
  946 root      20   0     0    0    0 S  0.0  0.0   0:00.00 hpsa/7             
  947 root      20   0     0    0    0 S  0.0  0.0   0:00.00 hpsa/8             
  948 root      20   0     0    0    0 S  0.0  0.0   0:00.00 hpsa/9             
  949 root      20   0     0    0    0 S  0.0  0.0   0:00.00 hpsa/10            
  950 root      20   0     0    0    0 S  0.0  0.0   0:00.00 hpsa/11            
  951 root      20   0     0    0    0 S  0.0  0.0   0:00.00 hpsa/12            
  952 root      20   0     0    0    0 S  0.0  0.0   0:00.00 hpsa/13            
  953 root      20   0     0    0    0 S  0.0  0.0   0:00.00 hpsa/14            
  954 root      20   0     0    0    0 S  0.0  0.0   0:00.00 hpsa/15            
  955 root      20   0     0    0    0 S  0.0  0.0   0:00.00 hpsa/16            
  956 root      20   0     0    0    0 S  0.0  0.0   0:00.00 hpsa/17            
  957 root      20   0     0    0    0 S  0.0  0.0   0:00.00 hpsa/18            
  958 root      20   0     0    0    0 S  0.0  0.0   0:00.00 hpsa/19            
  959 root      20   0     0    0    0 S  0.0  0.0   0:00.00 hpsa/20            
  960 root      20   0     0    0    0 S  0.0  0.0   0:00.00 hpsa/21            
  961 root      20   0     0    0    0 S  0.0  0.0   0:00.00 hpsa/22            
  962 root      20   0     0    0    0 S  0.0  0.0   0:00.00 hpsa/23            
  963 root      20   0     0    0    0 S  0.0  0.0   0:00.00 scsi_eh_0          
 1140 root      20   0     0    0    0 S  0.0  0.0   5:01.68 jbd2/sda1-8        
 1141 root      20   0     0    0    0 S  0.0  0.0   0:00.00 ext4-dio-unwrit    
 1160 root      20   0     0    0    0 S  0.0  0.0  16:49.93 flush-8:0          
 1223 root      16  -4 12692  280  276 S  0.0  0.0   0:07.87 udevd              
 1351 root      20   0     0    0    0 S  0.0  0.0   0:00.00 events/0           
 1352 root      20   0     0    0    0 S  0.0  0.0   0:00.00 events/1           
 1353 root      20   0     0    0    0 S  0.0  0.0   0:00.00 events/2           
 1354 root      20   0     0    0    0 S  0.0  0.0   0:00.00 events/3           
 1356 root      20   0     0    0    0 S  0.0  0.0   0:00.00 events/4           
 1357 root      20   0     0    0    0 S  0.0  0.0   0:00.00 events/5           
 1358 root      20   0     0    0    0 S  0.0  0.0   0:00.00 events/6           
 1359 root      20   0     0    0    0 S  0.0  0.0   0:00.00 events/7           
 1360 root      20   0     0    0    0 S  0.0  0.0   0:00.00 events/8           
 1361 root      20   0     0    0    0 S  0.0  0.0   0:00.00 events/9           
 1362 root      20   0     0    0    0 S  0.0  0.0   0:00.00 events/10          
 1363 root      20   0     0    0    0 S  0.0  0.0   0:00.00 events/11          
 1364 root      20   0     0    0    0 S  0.0  0.0   0:00.00 events/12          
 1365 root      20   0     0    0    0 S  0.0  0.0   0:00.00 events/13          
 1366 root      20   0     0    0    0 S  0.0  0.0   0:00.00 events/14          
 1367 root      20   0     0    0    0 S  0.0  0.0   0:00.00 events/15          
 1368 root      20   0     0    0    0 S  0.0  0.0   0:00.00 events/16          
 1369 root      20   0     0    0    0 S  0.0  0.0   0:00.00 events/17          
 1370 root      20   0     0    0    0 S  0.0  0.0   0:00.00 events/18          
 1371 root      20   0     0    0    0 S  0.0  0.0   0:00.00 events/19          
 1372 root      20   0     0    0    0 S  0.0  0.0   0:00.00 events/20          
 1373 root      20   0     0    0    0 S  0.0  0.0   0:00.00 events/21          
 1374 root      20   0     0    0    0 S  0.0  0.0   0:00.00 events/22          
 1375 root      20   0     0    0    0 S  0.0  0.0   0:00.00 events/23          
 1376 root      20   0     0    0    0 S  0.0  0.0   0:00.00 events_long/0      
 1377 root      20   0     0    0    0 S  0.0  0.0   0:00.00 events_long/1      
 1378 root      20   0     0    0    0 S  0.0  0.0   0:00.00 events_long/2      
 1379 root      20   0     0    0    0 S  0.0  0.0   0:00.00 events_long/3      
 1380 root      20   0     0    0    0 S  0.0  0.0   0:00.00 events_long/4      
 1381 root      20   0     0    0    0 S  0.0  0.0   0:00.00 events_long/5      
 1382 root      20   0     0    0    0 S  0.0  0.0   0:00.00 events_long/6      
 1383 root      20   0     0    0    0 S  0.0  0.0   0:00.00 events_long/7      
 1384 root      20   0     0    0    0 S  0.0  0.0   0:00.00 events_long/8      
 1385 root      20   0     0    0    0 S  0.0  0.0   0:00.00 events_long/9      
 1386 root      20   0     0    0    0 S  0.0  0.0   0:00.00 events_long/10     
 1387 root      20   0     0    0    0 S  0.0  0.0   0:00.00 events_long/11     
 1388 root      20   0     0    0    0 S  0.0  0.0   0:00.00 events_long/12     
 1389 root      20   0     0    0    0 S  0.0  0.0   0:00.00 events_long/13     
 1390 root      20   0     0    0    0 S  0.0  0.0   0:00.00 events_long/14     
 1391 root      20   0     0    0    0 S  0.0  0.0   0:00.00 events_long/15     
 1392 root      20   0     0    0    0 S  0.0  0.0   0:00.00 events_long/16     
 1393 root      20   0     0    0    0 S  0.0  0.0   0:00.00 events_long/17     
 1394 root      20   0     0    0    0 S  0.0  0.0   0:00.00 events_long/18     
 1395 root      20   0     0    0    0 S  0.0  0.0   0:00.00 events_long/19     
 1396 root      20   0     0    0    0 S  0.0  0.0   0:00.00 events_long/20     
 1397 root      20   0     0    0    0 S  0.0  0.0   0:00.00 events_long/21     
 1398 root      20   0     0    0    0 S  0.0  0.0   0:00.00 events_long/22     
 1399 root      20   0     0    0    0 S  0.0  0.0   0:00.00 events_long/23     
 1400 root      20   0     0    0    0 S  0.0  0.0   0:00.00 events_nrt         
 1404 root      20   0     0    0    0 S  0.0  0.0   3:26.76 mlx4               
 1406 root      20   0     0    0    0 S  0.0  0.0   0:00.00 mlx4_health        
 1409 root      20   0     0    0    0 S  0.0  0.0   0:48.67 ib_addr            
 1410 root      20   0     0    0    0 S  0.0  0.0   0:00.00 infiniband/0       
 1411 root      20   0     0    0    0 S  0.0  0.0   0:00.00 infiniband/1       
 1412 root      20   0     0    0    0 S  0.0  0.0   0:00.00 infiniband/2       
 1413 root      20   0     0    0    0 S  0.0  0.0   0:00.00 infiniband/3       
 1414 root      20   0     0    0    0 S  0.0  0.0   0:00.00 infiniband/4       
 1415 root      20   0     0    0    0 S  0.0  0.0   0:00.00 infiniband/5       
 1416 root      20   0     0    0    0 S  0.0  0.0   0:00.00 infiniband/6       
 1417 root      20   0     0    0    0 S  0.0  0.0   0:00.00 infiniband/7       
 1418 root      20   0     0    0    0 S  0.0  0.0   0:00.00 infiniband/8       
 1419 root      20   0     0    0    0 S  0.0  0.0   0:00.00 infiniband/9       
 1420 root      20   0     0    0    0 S  0.0  0.0   0:00.00 infiniband/10      
 1421 root      20   0     0    0    0 S  0.0  0.0   0:00.00 infiniband/11      
 1422 root      20   0     0    0    0 S  0.0  0.0   0:00.00 infiniband/12      
 1423 root      20   0     0    0    0 S  0.0  0.0   0:00.00 infiniband/13      
 1424 root      20   0     0    0    0 S  0.0  0.0   0:00.00 infiniband/14      
 1425 root      20   0     0    0    0 S  0.0  0.0   0:00.00 infiniband/15      
 1426 root      20   0     0    0    0 S  0.0  0.0   0:00.00 infiniband/16      
 1427 root      20   0     0    0    0 S  0.0  0.0   0:00.00 infiniband/17      
 1428 root      20   0     0    0    0 S  0.0  0.0   0:00.00 infiniband/18      
 1429 root      20   0     0    0    0 S  0.0  0.0   0:00.00 infiniband/19      
 1430 root      20   0     0    0    0 S  0.0  0.0   0:00.00 infiniband/20      
 1431 root      20   0     0    0    0 S  0.0  0.0   0:00.00 infiniband/21      
 1432 root      20   0     0    0    0 S  0.0  0.0   0:00.00 infiniband/22      
 1433 root      20   0     0    0    0 S  0.0  0.0   0:00.00 infiniband/23      
 1434 root      20   0     0    0    0 S  0.0  0.0   0:00.00 ib-comp-wq/0       
 1435 root      20   0     0    0    0 S  0.0  0.0   0:00.00 ib-comp-wq/1       
 1436 root      20   0     0    0    0 S  0.0  0.0   0:00.00 ib-comp-wq/2       
 1437 root      20   0     0    0    0 S  0.0  0.0   0:00.00 ib-comp-wq/3       
 1438 root      20   0     0    0    0 S  0.0  0.0   0:00.00 ib-comp-wq/4       
 1439 root      20   0     0    0    0 S  0.0  0.0   0:00.00 ib-comp-wq/5       
 1440 root      20   0     0    0    0 S  0.0  0.0   0:00.00 ib-comp-wq/6       
 1441 root      20   0     0    0    0 S  0.0  0.0   0:00.00 ib-comp-wq/7       
 1442 root      20   0     0    0    0 S  0.0  0.0   0:00.00 ib-comp-wq/8       
 1443 root      20   0     0    0    0 S  0.0  0.0   0:00.00 ib-comp-wq/9       
 1444 root      20   0     0    0    0 S  0.0  0.0   0:00.00 ib-comp-wq/10      
 1445 root      20   0     0    0    0 S  0.0  0.0   0:00.00 ib-comp-wq/11      
 1446 root      20   0     0    0    0 S  0.0  0.0   0:00.00 ib-comp-wq/12      
 1447 root      20   0     0    0    0 S  0.0  0.0   0:00.00 ib-comp-wq/13      
 1448 root      20   0     0    0    0 S  0.0  0.0   0:00.00 ib-comp-wq/14      
 1449 root      20   0     0    0    0 S  0.0  0.0   0:00.00 ib-comp-wq/15      
 1450 root      20   0     0    0    0 S  0.0  0.0   0:00.00 ib-comp-wq/16      
 1451 root      20   0     0    0    0 S  0.0  0.0   0:00.00 ib-comp-wq/17      
 1452 root      20   0     0    0    0 S  0.0  0.0   0:00.00 ib-comp-wq/18      
 1453 root      20   0     0    0    0 S  0.0  0.0   0:00.00 ib-comp-wq/19      
 1454 root      20   0     0    0    0 S  0.0  0.0   0:00.00 ib-comp-wq/20      
 1455 root      20   0     0    0    0 S  0.0  0.0   0:00.00 ib-comp-wq/21      
 1456 root      20   0     0    0    0 S  0.0  0.0   0:00.00 ib-comp-wq/22      
 1457 root      20   0     0    0    0 S  0.0  0.0   0:00.00 ib-comp-wq/23      
 1458 root      20   0     0    0    0 S  0.0  0.0   0:00.00 roce_gid_mgmt_w    
 1459 root      20   0     0    0    0 S  0.0  0.0   0:00.00 ib_mcast           
 1460 root      20   0     0    0    0 S  0.0  0.0   0:00.00 mlx4_ib            
 1461 root      20   0     0    0    0 S  0.0  0.0   0:00.00 mlx4_ib_mcg        
 1463 root      20   0     0    0    0 S  0.0  0.0   0:00.00 ib_cm/0            
 1464 root      20   0     0    0    0 S  0.0  0.0   0:00.00 ib_cm/1            
 1465 root      20   0     0    0    0 S  0.0  0.0   0:00.00 ib_cm/2            
 1466 root      20   0     0    0    0 S  0.0  0.0   0:00.00 ib_cm/3            
 1467 root      20   0     0    0    0 S  0.0  0.0   0:00.00 ib_cm/4            
 1468 root      20   0     0    0    0 S  0.0  0.0   0:00.00 ib_cm/5            
 1469 root      20   0     0    0    0 S  0.0  0.0   0:00.00 ib_cm/6            
 1470 root      20   0     0    0    0 S  0.0  0.0   0:00.00 ib_cm/7            
 1471 root      20   0     0    0    0 S  0.0  0.0   0:00.00 ib_cm/8            
 1472 root      20   0     0    0    0 S  0.0  0.0   0:00.00 ib_cm/9            
 1473 root      20   0     0    0    0 S  0.0  0.0   0:00.00 ib_cm/10           
 1474 root      20   0     0    0    0 S  0.0  0.0   0:00.00 ib_cm/11           
 1475 root      20   0     0    0    0 S  0.0  0.0   0:00.00 ib_cm/12           
 1476 root      20   0     0    0    0 S  0.0  0.0   0:00.00 ib_cm/13           
 1477 root      20   0     0    0    0 S  0.0  0.0   0:00.00 ib_cm/14           
 1478 root      20   0     0    0    0 S  0.0  0.0   0:00.00 ib_cm/15           
 1479 root      20   0     0    0    0 S  0.0  0.0   0:00.00 ib_cm/16           
 1480 root      20   0     0    0    0 S  0.0  0.0   0:00.00 ib_cm/17           
 1481 root      20   0     0    0    0 S  0.0  0.0   0:00.00 ib_cm/18           
 1482 root      20   0     0    0    0 S  0.0  0.0   0:00.00 ib_cm/19           
 1483 root      20   0     0    0    0 S  0.0  0.0   0:00.00 ib_cm/20           
 1484 root      20   0     0    0    0 S  0.0  0.0   0:00.00 ib_cm/21           
 1485 root      20   0     0    0    0 S  0.0  0.0   0:00.00 ib_cm/22           
 1486 root      20   0     0    0    0 S  0.0  0.0   0:00.00 ib_cm/23           
 1487 root      20   0     0    0    0 S  0.0  0.0   1:15.46 ib_mad1            
 1488 root      20   0     0    0    0 S  0.0  0.0   0:00.00 to_fifo            
 1489 root      20   0     0    0    0 S  0.0  0.0   0:00.00 ib_mad2            
 1490 root      20   0     0    0    0 S  0.0  0.0   0:00.00 to_fifo            
 1491 root      20   0     0    0    0 S  0.0  0.0   3:36.79 ipoib              
 1492 root      20   0     0    0    0 S  0.0  0.0  19:19.03 ipoib_auto_mode    
 1569 root      20   0     0    0    0 S  0.0  0.0   5:33.87 edac-poller        
 1892 root      39  19     0    0    0 S  0.0  0.0  24:54.13 kipmi0             
 2630 root      20   0     0    0    0 S  0.0  0.0   9:29.79 jbd2/sda3-8        
 2631 root      20   0     0    0    0 S  0.0  0.0   0:00.00 ext4-dio-unwrit    
 2668 root      20   0     0    0    0 S  0.0  0.0   0:00.00 kauditd            
 2671 root      20   0  6120  472  468 S  0.0  0.0   0:00.00 agetty             
 2862 root      20   0     0    0    0 S  0.0  0.0   0:00.00 mlx4_en            
 2877 root      20   0     0    0    0 S  0.0  0.0   0:00.00 mlx5_ib_wq         
 2913 root      20   0     0    0    0 S  0.0  0.0   0:00.00 iw_cm_wq           
 2914 root      20   0     0    0    0 S  0.0  0.0   0:00.02 rdma_cm            
 3112 root      20   0     0    0    0 S  0.0  0.0   0:20.45 ldlm_cb00_005      
 3163 root      20   0  248m 5584  944 S  0.0  0.0   2:59.15 rsyslogd           
 3185 root      18  -2 12688  268  264 S  0.0  0.0   0:00.00 udevd              
 3190 root      20   0     0    0    0 S  0.0  0.0   0:38.87 kondemand/0        
 3191 root      20   0     0    0    0 S  0.0  0.0   0:38.59 kondemand/1        
 3192 root      20   0     0    0    0 S  0.0  0.0   0:38.77 kondemand/2        
 3193 root      20   0     0    0    0 S  0.0  0.0   0:38.18 kondemand/3        
 3194 root      20   0     0    0    0 S  0.0  0.0   0:37.43 kondemand/4        
 3195 root      20   0     0    0    0 S  0.0  0.0   0:37.80 kondemand/5        
 3196 root      20   0     0    0    0 S  0.0  0.0   0:39.50 kondemand/6        
 3197 root      20   0     0    0    0 S  0.0  0.0   0:38.08 kondemand/7        
 3198 root      20   0     0    0    0 S  0.0  0.0   0:37.03 kondemand/8        
 3199 root      20   0     0    0    0 S  0.0  0.0   0:36.36 kondemand/9        
 3200 root      20   0     0    0    0 S  0.0  0.0   0:37.05 kondemand/10       
 3201 root      20   0     0    0    0 S  0.0  0.0   0:36.56 kondemand/11       
 3202 root      20   0     0    0    0 S  0.0  0.0   0:37.86 kondemand/12       
 3203 root      20   0     0    0    0 S  0.0  0.0   0:37.93 kondemand/13       
 3204 root      20   0     0    0    0 S  0.0  0.0   0:37.07 kondemand/14       
 3205 root      20   0     0    0    0 S  0.0  0.0   0:36.77 kondemand/15       
 3206 root      20   0     0    0    0 S  0.0  0.0   0:37.71 kondemand/16       
 3207 root      20   0     0    0    0 S  0.0  0.0   0:37.93 kondemand/17       
 3208 root      20   0     0    0    0 S  0.0  0.0   0:41.14 kondemand/18       
 3209 root      20   0     0    0    0 S  0.0  0.0   0:39.30 kondemand/19       
 3210 root      20   0     0    0    0 S  0.0  0.0   0:38.17 kondemand/20       
 3211 root      20   0     0    0    0 S  0.0  0.0   0:38.28 kondemand/21       
 3212 root      20   0     0    0    0 S  0.0  0.0   0:38.55 kondemand/22       
 3213 root      20   0     0    0    0 S  0.0  0.0   0:38.11 kondemand/23       
 3248 rpc       20   0 21028  536  492 S  0.0  0.0   0:19.26 rpcbind            
 3272 rpcuser   20   0 25400  680  676 S  0.0  0.0   0:00.00 rpc.statd          
 3296 root      20   0 68336  540  448 S  0.0  0.0   0:41.75 sshd               
 3324 dbus      20   0 23612  508  476 S  0.0  0.0   0:00.02 dbus-daemon        
 3332 root      20   0 10.2g  800  644 S  0.0  0.0  29:54.97 hpasmlited         
 3376 root      20   0     0    0    0 S  0.0  0.0   0:00.00 cfs_rh_00          
 3377 root      20   0     0    0    0 S  0.0  0.0   0:00.00 cfs_rh_01          
 3378 root      20   0     0    0    0 S  0.0  0.0   0:00.00 cfs_rh_02          
 3379 root      20   0     0    0    0 S  0.0  0.0   0:00.00 cfs_rh_03          
 3396 root      20   0     0    0    0 S  0.0  0.0   0:00.00 obd_zombid         
 3397 root      20   0     0    0    0 S  0.0  0.0   0:00.00 ptlrpc_hr00_000    
 3398 root      20   0     0    0    0 S  0.0  0.0   0:00.00 ptlrpc_hr00_001    
 3399 root      20   0     0    0    0 S  0.0  0.0   0:00.00 ptlrpc_hr00_002    
 3400 root      20   0     0    0    0 S  0.0  0.0   0:00.00 ptlrpc_hr00_003    
 3401 root      20   0     0    0    0 S  0.0  0.0   0:00.00 ptlrpc_hr00_004    
 3402 root      20   0     0    0    0 S  0.0  0.0   0:00.00 ptlrpc_hr00_005    
 3403 root      20   0     0    0    0 S  0.0  0.0   0:00.00 ptlrpc_hr01_000    
 3404 root      20   0     0    0    0 S  0.0  0.0   0:00.00 ptlrpc_hr01_001    
 3405 root      20   0     0    0    0 S  0.0  0.0   0:00.00 ptlrpc_hr01_002    
 3406 root      20   0     0    0    0 S  0.0  0.0   0:00.00 ptlrpc_hr01_003    
 3407 root      20   0     0    0    0 S  0.0  0.0   0:00.00 ptlrpc_hr01_004    
 3408 root      20   0     0    0    0 S  0.0  0.0   0:00.00 ptlrpc_hr01_005    
 3409 root      20   0     0    0    0 S  0.0  0.0   0:00.00 ptlrpc_hr02_000    
 3410 root      20   0     0    0    0 S  0.0  0.0   0:00.00 ptlrpc_hr02_001    
 3411 root      20   0     0    0    0 S  0.0  0.0   0:00.00 ptlrpc_hr02_002    
 3412 root      20   0     0    0    0 S  0.0  0.0   0:00.00 ptlrpc_hr02_003    
 3413 root      20   0     0    0    0 S  0.0  0.0   0:00.00 ptlrpc_hr02_004    
 3414 root      20   0     0    0    0 S  0.0  0.0   0:00.00 ptlrpc_hr02_005    
 3415 root      20   0     0    0    0 S  0.0  0.0   0:00.00 ptlrpc_hr03_000    
 3416 root      20   0     0    0    0 S  0.0  0.0   0:00.00 ptlrpc_hr03_001    
 3417 root      20   0     0    0    0 S  0.0  0.0   0:00.00 ptlrpc_hr03_002    
 3418 root      20   0     0    0    0 S  0.0  0.0   0:00.00 ptlrpc_hr03_003    
 3419 root      20   0     0    0    0 S  0.0  0.0   0:00.00 ptlrpc_hr03_004    
 3420 root      20   0     0    0    0 S  0.0  0.0   0:00.00 ptlrpc_hr03_005    
 3423 root      20   0     0    0    0 S  0.0  0.0   5:53.34 kiblnd_connd       
 3424 root      20   0     0    0    0 S  0.0  0.0  99:36.16 kiblnd_sd_00_00    
 3425 root      20   0     0    0    0 S  0.0  0.0  99:25.45 kiblnd_sd_00_01    
 3426 root      20   0     0    0    0 S  0.0  0.0  99:02.99 kiblnd_sd_00_02    
 3427 root      20   0     0    0    0 S  0.0  0.0  26:22.06 kiblnd_sd_01_00    
 3428 root      20   0     0    0    0 S  0.0  0.0  26:02.26 kiblnd_sd_01_01    
 3429 root      20   0     0    0    0 S  0.0  0.0  26:06.88 kiblnd_sd_01_02    
 3430 root      20   0     0    0    0 S  0.0  0.0  56:34.95 kiblnd_sd_02_00    
 3431 root      20   0     0    0    0 S  0.0  0.0  56:41.35 kiblnd_sd_02_01    
 3432 root      20   0     0    0    0 S  0.0  0.0  57:11.17 kiblnd_sd_02_02    
 3433 root      20   0     0    0    0 S  0.0  0.0  26:51.77 kiblnd_sd_03_00    
 3434 root      20   0     0    0    0 S  0.0  0.0  27:05.45 kiblnd_sd_03_01    
 3435 root      20   0     0    0    0 S  0.0  0.0  26:58.38 kiblnd_sd_03_02    
 3436 root      20   0     0    0    0 S  0.0  0.0   4:59.80 router_checker     
 3437 root      20   0     0    0    0 S  0.0  0.0   5:32.77 ptlrpcd_rcv        
 3438 root      20   0     0    0    0 S  0.0  0.0  39:45.55 ptlrpcd_0          
 3439 root      20   0     0    0    0 S  0.0  0.0  45:19.71 ptlrpcd_1          
 3440 root      20   0     0    0    0 S  0.0  0.0  38:38.60 ptlrpcd_2          
 3441 root      20   0     0    0    0 S  0.0  0.0  41:42.89 ptlrpcd_3          
 3442 root      20   0     0    0    0 S  0.0  0.0  32:34.69 ptlrpcd_4          
 3443 root      20   0     0    0    0 S  0.0  0.0  35:01.23 ptlrpcd_5          
 3444 root      20   0     0    0    0 S  0.0  0.0  32:53.77 ptlrpcd_6          
 3445 root      20   0     0    0    0 S  0.0  0.0  34:04.06 ptlrpcd_7          
 3446 root      20   0     0    0    0 S  0.0  0.0  29:47.04 ptlrpcd_8          
 3447 root      20   0     0    0    0 S  0.0  0.0  32:20.42 ptlrpcd_9          
 3448 root      20   0     0    0    0 S  0.0  0.0  33:03.26 ptlrpcd_10         
 3449 root      20   0     0    0    0 S  0.0  0.0  33:33.52 ptlrpcd_11         
 3450 root      20   0     0    0    0 S  0.0  0.0  30:13.53 ptlrpcd_12         
 3451 root      20   0     0    0    0 S  0.0  0.0  36:04.91 ptlrpcd_13         
 3452 root      20   0     0    0    0 S  0.0  0.0  33:22.80 ptlrpcd_14         
 3453 root      20   0     0    0    0 S  0.0  0.0  36:17.59 ptlrpcd_15         
 3454 root      20   0     0    0    0 S  0.0  0.0  29:29.23 ptlrpcd_16         
 3455 root      20   0     0    0    0 S  0.0  0.0  32:25.39 ptlrpcd_17         
 3456 root      20   0     0    0    0 S  0.0  0.0  34:18.68 ptlrpcd_18         
 3457 root      20   0     0    0    0 S  0.0  0.0  36:35.64 ptlrpcd_19         
 3458 root      20   0     0    0    0 S  0.0  0.0  34:23.84 ptlrpcd_20         
 3459 root      20   0     0    0    0 S  0.0  0.0  34:33.08 ptlrpcd_21         
 3460 root      20   0     0    0    0 S  0.0  0.0  37:01.37 ptlrpcd_22         
 3461 root      20   0     0    0    0 S  0.0  0.0  35:35.48 ptlrpcd_23         
 3462 root      20   0     0    0    0 S  0.0  0.0   7:14.39 ll_ping            
 3463 root      20   0     0    0    0 S  0.0  0.0   0:00.06 sptlrpc_gc         
 3464 root      20   0     0    0    0 S  0.0  0.0   0:00.00 ll_capa            
 3467 root      20   0     0    0    0 S  0.0  0.0   0:38.52 ldlm_cb00_000      
 3468 root      20   0     0    0    0 S  0.0  0.0   0:00.00 lc_watchdogd       
 3469 root      20   0     0    0    0 S  0.0  0.0   0:32.16 ldlm_cb00_001      
 3470 root      20   0     0    0    0 S  0.0  0.0   0:36.90 ldlm_cb01_000      
 3471 root      20   0     0    0    0 S  0.0  0.0   0:41.36 ldlm_cb01_001      
 3472 root      20   0     0    0    0 S  0.0  0.0   1:40.87 ldlm_cb02_000      
 3473 root      20   0     0    0    0 S  0.0  0.0   1:33.94 ldlm_cb02_001      
 3474 root      20   0     0    0    0 S  0.0  0.0   0:20.32 ldlm_cb03_000      
 3475 root      20   0     0    0    0 S  0.0  0.0   0:26.52 ldlm_cb03_001      
 3476 root      20   0     0    0    0 S  0.0  0.0   8:10.53 ldlm_bl_00         
 3477 root      20   0     0    0    0 S  0.0  0.0   8:05.23 ldlm_bl_01         
 3478 root      20   0     0    0    0 S  0.0  0.0  10:12.65 ldlm_poold         
 3479 root      20   0     0    0    0 S  0.0  0.0   0:00.00 ll_cfg_requeue     
 3484 root      20   0     0    0    0 S  0.0  0.0   0:00.00 ll_close           
 3488 root      20   0     0    0    0 S  0.0  0.0   0:00.00 ll_close           
 3492 root      20   0     0    0    0 S  0.0  0.0   0:00.00 ll_close           
 3503 root      20   0  6124  512  508 S  0.0  0.0   0:00.00 acpid              
 3560 nscd      20   0 2263m 4488 2356 S  0.0  0.0 487:11.96 nscd               
 3581 root      20   0  7768  212  208 S  0.0  0.0   0:00.00 mcelog             
 3611 ntp       20   0 28448 1048  868 S  0.0  0.0  15:12.41 ntpd               
 3685 root      20   0  115m 1628 1556 S  0.0  0.0   1:41.38 crond              
 3883 root      20   0 12256  120  116 S  0.0  0.0   0:00.00 hp-asrd            
 3884 root      20   0 12392  508  496 S  0.0  0.0   5:47.88 hp-asrd            
 3902 root      20   0 22824  316  296 S  0.0  0.0   0:00.12 atd                
 3913 root      20   0  8164  228  224 S  0.0  0.0   0:00.00 collectdmon        
 3915 root      20   0  637m 2764 1200 S  0.0  0.0 270:38.04 collectd           
 3930 root      20   0  6108  500  496 S  0.0  0.0   0:00.00 mingetty           
 3932 root      20   0  6124  548  544 S  0.0  0.0   0:00.00 agetty             
 3933 root      20   0  6108  500  496 S  0.0  0.0   0:00.00 mingetty           
 3935 root      20   0  6108  500  496 S  0.0  0.0   0:00.00 mingetty           
 3937 root      20   0  6108  500  496 S  0.0  0.0   0:00.00 mingetty           
 3938 root      18  -2 12688  272  268 S  0.0  0.0   0:00.00 udevd              
 3940 root      20   0  6108  500  496 S  0.0  0.0   0:00.00 mingetty           
 3942 root      20   0  6108  500  496 S  0.0  0.0   0:00.00 mingetty           
 3951 nagios    20   0  107m 1764 1128 S  0.0  0.0  14:27.44 collectd_dcmi.s    
 4105 root      20   0     0    0    0 S  0.0  0.0   7:19.87 ldlm_bl_03         
 4106 root      20   0     0    0    0 S  0.0  0.0   7:13.91 ldlm_bl_04         
 4271 root      20   0 3384m  82m   9m S  0.0  0.1  27:49.68 slurmd             
 4912 munge     20   0  219m 7452 2124 S  0.0  0.0  75:29.01 munged             
 5688 root      20   0     0    0    0 S  0.0  0.0   7:40.99 ldlm_bl_02         
 7967 root      20   0     0    0    0 S  0.0  0.0   7:21.30 ldlm_bl_28         
 7968 root      20   0     0    0    0 S  0.0  0.0   7:03.52 ldlm_bl_29         
10736 root      20   0     0    0    0 S  0.0  0.0   1:34.78 ldlm_cb02_004      
12046 root      20   0     0    0    0 S  0.0  0.0   0:31.84 ldlm_cb00_004      
12537 root      20   0  119m 2772  752 S  0.0  0.0   0:00.00 pmqos-static.py    
13498 root      20   0     0    0    0 S  0.0  0.0   0:29.89 ldlm_cb00_002      
14033 root      20   0     0    0    0 S  0.0  0.0   0:17.87 ldlm_cb01_006      
15882 root      20   0     0    0    0 S  0.0  0.0   0:29.15 ldlm_cb00_003      
17142 root      20   0     0    0    0 S  0.0  0.0   0:44.95 ldlm_cb01_003      
17476 root      20   0     0    0    0 S  0.0  0.0   0:06.35 ldlm_cb02_006      
22307 root      20   0     0    0    0 S  0.0  0.0   0:03.91 ldlm_cb03_006      
23379 root      20   0     0    0    0 S  0.0  0.0   1:52.34 ldlm_cb02_003      
23891 root      20   0     0    0    0 S  0.0  0.0   0:01.81 ldlm_cb00_006      
23952 root      20   0  119m 2892  764 S  0.0  0.0   0:00.00 pmqos-static.py    
26116 root      20   0     0    0    0 S  0.0  0.0   7:01.93 ldlm_bl_05         
26117 root      20   0     0    0    0 S  0.0  0.0   7:10.19 ldlm_bl_06         
26118 root      20   0     0    0    0 S  0.0  0.0   7:31.50 ldlm_bl_07         
26119 root      20   0     0    0    0 S  0.0  0.0   7:12.95 ldlm_bl_08         
26120 root      20   0     0    0    0 S  0.0  0.0   7:10.01 ldlm_bl_09         
26124 root      20   0     0    0    0 S  0.0  0.0   0:43.53 ldlm_cb01_002      
26293 root      20   0     0    0    0 S  0.0  0.0   0:24.86 ldlm_cb03_002      
26294 root      20   0     0    0    0 S  0.0  0.0   7:10.08 ldlm_bl_10         
26295 root      20   0     0    0    0 S  0.0  0.0   7:09.61 ldlm_bl_11         
26296 root      20   0     0    0    0 S  0.0  0.0   7:03.21 ldlm_bl_12         
26297 root      20   0     0    0    0 S  0.0  0.0   7:29.60 ldlm_bl_13         
26298 root      20   0     0    0    0 S  0.0  0.0   7:09.19 ldlm_bl_14         
26299 root      20   0     0    0    0 S  0.0  0.0   7:11.20 ldlm_bl_15         
26300 root      20   0     0    0    0 S  0.0  0.0   7:16.46 ldlm_bl_16         
26301 root      20   0     0    0    0 S  0.0  0.0   7:31.68 ldlm_bl_17         
26302 root      20   0     0    0    0 S  0.0  0.0   7:41.55 ldlm_bl_18         
26303 root      20   0     0    0    0 S  0.0  0.0   7:19.16 ldlm_bl_19         
26304 root      20   0     0    0    0 S  0.0  0.0   7:26.60 ldlm_bl_20         
26305 root      20   0     0    0    0 S  0.0  0.0   7:14.49 ldlm_bl_21         
27196 root      20   0     0    0    0 S  0.0  0.0   0:39.76 ldlm_cb02_005      
28152 root      20   0     0    0    0 S  0.0  0.0   1:03.32 ldlm_cb02_002      
28155 root      20   0     0    0    0 S  0.0  0.0   7:23.42 ldlm_bl_22         
28156 root      20   0     0    0    0 S  0.0  0.0   7:28.63 ldlm_bl_23         
28157 root      20   0     0    0    0 S  0.0  0.0   7:18.00 ldlm_bl_24         
28158 root      20   0     0    0    0 S  0.0  0.0   7:02.47 ldlm_bl_25         
28159 root      20   0     0    0    0 S  0.0  0.0   7:26.46 ldlm_bl_26         
28160 root      20   0     0    0    0 S  0.0  0.0   7:00.17 ldlm_bl_27         
28893 root      20   0  119m 2896  764 S  0.0  0.0   0:00.00 pmqos-static.py    
28903 root      20   0     0    0    0 S  0.0  0.0   0:26.54 ldlm_cb01_005      
28923 root      20   0  174m 6196 1716 S  0.0  0.0   0:00.02 tuned              
28943 root      20   0  289m 4012 3036 S  0.0  0.0   0:00.26 slurmstepd         
28947 fagent    20   0  105m 1544 1268 S  0.0  0.0   0:00.01 slurm_script       
29557 fagent    20   0  110m 1832 1104 S  0.0  0.0   0:00.04 run.csh            
29676 root      20   0     0    0    0 S  0.0  0.0   0:27.96 ldlm_cb03_005      
29995 fagent    20   0  109m 1516 1048 S  0.0  0.0   0:00.06 remote-top         
30015 fagent    20   0  330m 5536 2256 S  0.0  0.0   0:00.51 srun               
30017 fagent    20   0 66468 1120  144 S  0.0  0.0   0:00.00 srun               
30024 root      20   0  356m 4168 3096 S  0.0  0.0   0:10.17 slurmstepd         
30517 root      20   0     0    0    0 S  0.0  0.0   0:01.54 flush-lustre-1     
30962 root      20   0     0    0    0 S  0.0  0.0   0:23.47 ldlm_cb03_003      
30965 root      20   0     0    0    0 S  0.0  0.0   0:21.64 ldlm_cb03_004      
30966 root      20   0     0    0    0 S  0.0  0.0   7:20.21 ldlm_bl_73         
30967 root      20   0     0    0    0 S  0.0  0.0   7:25.67 ldlm_bl_74         
30968 root      20   0     0    0    0 S  0.0  0.0   6:54.62 ldlm_bl_75         
30969 root      20   0     0    0    0 S  0.0  0.0   7:10.59 ldlm_bl_76         
30970 root      20   0     0    0    0 S  0.0  0.0   6:55.22 ldlm_bl_77         
30971 root      20   0     0    0    0 S  0.0  0.0   7:03.62 ldlm_bl_78         
30972 root      20   0     0    0    0 S  0.0  0.0   6:44.27 ldlm_bl_79         
30973 root      20   0     0    0    0 S  0.0  0.0   7:14.56 ldlm_bl_80         
30974 root      20   0     0    0    0 S  0.0  0.0   7:00.37 ldlm_bl_81         
30975 root      20   0     0    0    0 S  0.0  0.0   6:42.42 ldlm_bl_82         
30976 root      20   0     0    0    0 S  0.0  0.0   7:04.50 ldlm_bl_83         
30977 root      20   0     0    0    0 S  0.0  0.0   7:34.48 ldlm_bl_84         
30978 root      20   0     0    0    0 S  0.0  0.0   6:48.83 ldlm_bl_85         
30979 root      20   0     0    0    0 S  0.0  0.0   7:41.04 ldlm_bl_86         
30980 root      20   0     0    0    0 S  0.0  0.0   7:13.83 ldlm_bl_87         
30981 root      20   0     0    0    0 S  0.0  0.0   7:04.23 ldlm_bl_88         
30982 root      20   0     0    0    0 S  0.0  0.0   7:18.01 ldlm_bl_89         
30983 root      20   0     0    0    0 S  0.0  0.0   7:07.88 ldlm_bl_90         
30984 root      20   0     0    0    0 S  0.0  0.0   7:07.76 ldlm_bl_91         
30985 root      20   0     0    0    0 S  0.0  0.0   7:15.50 ldlm_bl_92         
30986 root      20   0     0    0    0 S  0.0  0.0   7:19.26 ldlm_bl_93         
30987 root      20   0     0    0    0 S  0.0  0.0   6:57.50 ldlm_bl_94         
30988 root      20   0     0    0    0 S  0.0  0.0   7:32.08 ldlm_bl_95         
30989 root      20   0     0    0    0 S  0.0  0.0   7:11.63 ldlm_bl_96         
30990 root      20   0     0    0    0 S  0.0  0.0   6:55.38 ldlm_bl_97         
30991 root      20   0     0    0    0 S  0.0  0.0   7:27.71 ldlm_bl_98         
30992 root      20   0     0    0    0 S  0.0  0.0   7:00.63 ldlm_bl_99         
30993 root      20   0     0    0    0 S  0.0  0.0   7:00.55 ldlm_bl_100        
30994 root      20   0     0    0    0 S  0.0  0.0   6:56.09 ldlm_bl_101        
30995 root      20   0     0    0    0 S  0.0  0.0   7:26.94 ldlm_bl_102        
30996 root      20   0     0    0    0 S  0.0  0.0   7:08.54 ldlm_bl_103        
30997 root      20   0     0    0    0 S  0.0  0.0   7:06.57 ldlm_bl_104        
30998 root      20   0     0    0    0 S  0.0  0.0   7:07.79 ldlm_bl_105        
30999 root      20   0     0    0    0 S  0.0  0.0   6:47.87 ldlm_bl_106        
31000 root      20   0     0    0    0 S  0.0  0.0   6:57.19 ldlm_bl_107        
31001 root      20   0     0    0    0 S  0.0  0.0   7:18.15 ldlm_bl_108        
31002 root      20   0     0    0    0 S  0.0  0.0   6:42.09 ldlm_bl_109        
31003 root      20   0     0    0    0 S  0.0  0.0   6:42.85 ldlm_bl_110        
31004 root      20   0     0    0    0 S  0.0  0.0   6:58.78 ldlm_bl_111        
31005 root      20   0     0    0    0 S  0.0  0.0   7:16.32 ldlm_bl_112        
31006 root      20   0     0    0    0 S  0.0  0.0   7:00.11 ldlm_bl_113        
31007 root      20   0     0    0    0 S  0.0  0.0   7:03.14 ldlm_bl_114        
31008 root      20   0     0    0    0 S  0.0  0.0   7:04.87 ldlm_bl_114        
31009 root      20   0     0    0    0 S  0.0  0.0   7:10.51 ldlm_bl_115        
31010 root      20   0     0    0    0 S  0.0  0.0   7:02.71 ldlm_bl_117        
31011 root      20   0     0    0    0 S  0.0  0.0   7:06.45 ldlm_bl_118        
31012 root      20   0     0    0    0 S  0.0  0.0   7:24.68 ldlm_bl_119        
31013 root      20   0     0    0    0 S  0.0  0.0   7:03.50 ldlm_bl_120        
31014 root      20   0     0    0    0 S  0.0  0.0   7:17.13 ldlm_bl_121        
31015 root      20   0     0    0    0 S  0.0  0.0   7:04.88 ldlm_bl_122        
31016 root      20   0     0    0    0 S  0.0  0.0   7:19.82 ldlm_bl_123        
31017 root      20   0     0    0    0 S  0.0  0.0   7:16.71 ldlm_bl_124        
31018 root      20   0     0    0    0 S  0.0  0.0   7:20.20 ldlm_bl_125        
31019 root      20   0     0    0    0 S  0.0  0.0   6:59.80 ldlm_bl_126        
31020 root      20   0     0    0    0 S  0.0  0.0   6:57.64 ldlm_bl_127        
31675 nagios    20   0  100m  616  532 S  0.0  0.0   0:00.00 sleep              
31681 fagent    20   0 91268 4580 3392 S  0.0  0.0   0:00.02 ssh                
31682 root      20   0  127m 6080 4788 S  0.0  0.0   0:00.00 sshd               
31686 fagent    20   0  127m 2180  880 S  0.0  0.0   0:00.00 sshd               
31687 fagent    20   0  105m 1304 1132 S  0.0  0.0   0:00.00 sh                 
31790 root      20   0     0    0    0 S  0.0  0.0   0:40.13 ldlm_cb01_004      

