#----it--------t---------dt---------rhom----------rhomax---------rhomin-----------u2m------------um2-----------urms-----------umax-----------ux2m-----------uy2m-----------uz2m------------b2m------------bm2-----------brms-----------bmax------------axm-----------amax------
        0      0.000  1.40E-02    8.14539E-01    3.95285E+00    3.53553E-01    8.12499E-01    2.43750E+00    9.01387E-01    1.56125E+00    2.70957E-09    8.12499E-01    2.66717E-09    3.42214E-05    1.62466E-04    5.84991E-03    1.27462E-02    0.00000E+00    5.12570E-03
        5      0.070  1.40E-02    8.14543E-01    3.94593E+00    3.53612E-01    8.12497E-01    2.43750E+00    9.01386E-01    1.56125E+00    2.07667E-08    8.12497E-01    2.35089E-09    3.42162E-05    1.62391E-04    5.84946E-03    1.27433E-02    3.11541E-04    5.13041E-03
       10      0.140  1.40E-02    8.14552E-01    3.93746E+00    3.53658E-01    8.12494E-01    2.43750E+00    9.01384E-01    1.56125E+00    4.22320E-08    8.12494E-01    1.80778E-09    3.42112E-05    1.62264E-04    5.84903E-03    1.27383E-02    6.08765E-04    5.14611E-03
       15      0.211  1.40E-02    8.14563E-01    3.93111E+00    3.53690E-01    8.12491E-01    2.43750E+00    9.01383E-01    1.56125E+00    5.29261E-08    8.12491E-01    1.28983E-09    3.42063E-05    1.62154E-04    5.84862E-03    1.27340E-02    8.96901E-04    5.17403E-03
       20      0.281  1.40E-02    8.14573E-01    3.92728E+00    3.53711E-01    8.12489E-01    2.43750E+00    9.01382E-01    1.56125E+00    5.59078E-08    8.12489E-01    1.00322E-09    3.42014E-05    1.62086E-04    5.84820E-03    1.27313E-02    1.17902E-03    5.22373E-03
       25      0.351  1.40E-02    8.14580E-01    3.92535E+00    3.53724E-01    8.12487E-01    2.43750E+00    9.01381E-01    1.56125E+00    5.56288E-08    8.12487E-01    1.00721E-09    3.41965E-05    1.62064E-04    5.84778E-03    1.27304E-02    1.45698E-03    6.16750E-03
       30      0.421  1.40E-02    8.14584E-01    3.92456E+00    3.53731E-01    8.12485E-01    2.43750E+00    9.01380E-01    1.56125E+00    5.46571E-08    8.12485E-01    1.20713E-09    3.41916E-05    1.62082E-04    5.84736E-03    1.27311E-02    1.73194E-03    7.20482E-03
       35      0.491  1.40E-02    8.14586E-01    3.92437E+00    3.53736E-01    8.12484E-01    2.43750E+00    9.01379E-01    1.56125E+00    5.39952E-08    8.12484E-01    1.43290E-09    3.41866E-05    1.62132E-04    5.84694E-03    1.27331E-02    2.00463E-03    8.26354E-03
       40      0.561  1.40E-02    8.14587E-01    3.92443E+00    3.53738E-01    8.12483E-01    2.43750E+00    9.01378E-01    1.56125E+00    5.38336E-08    8.12483E-01    1.54658E-09    3.41817E-05    1.62206E-04    5.84652E-03    1.27360E-02    2.27556E-03    9.33584E-03
       45      0.632  1.40E-02    8.14588E-01    3.92456E+00    3.53739E-01    8.12481E-01    2.43750E+00    9.01377E-01    1.56125E+00    5.40519E-08    8.12481E-01    1.51132E-09    3.41769E-05    1.62300E-04    5.84610E-03    1.27397E-02    2.54506E-03    1.04170E-02
#----it--------t---------dt---------rhom----------rhomax---------rhomin-----------u2m------------um2-----------urms-----------umax-----------ux2m-----------uy2m-----------uz2m------------b2m------------bm2-----------brms-----------bmax------------axm-----------amax------
        0      0.000  1.40E-02    8.14539E-01    3.95285E+00    3.53553E-01    8.12499E-01    2.43750E+00    9.01387E-01    1.56125E+00    2.70957E-09    8.12499E-01    2.66717E-09    3.42214E-05    1.62466E-04    5.84991E-03    1.27462E-02    0.00000E+00    5.12570E-03
        5      0.070  1.40E-02    8.14543E-01    3.94635E+00    3.53612E-01    8.12495E-01    2.44059E+00    9.01385E-01    1.56224E+00    1.63745E-08    8.12495E-01    2.35098E-09    3.42162E-05    1.62399E-04    5.84946E-03    1.27436E-02    3.11480E-04    5.13041E-03
       10      0.140  1.40E-02    8.14551E-01    3.93955E+00    3.53660E-01    8.12490E-01    2.44222E+00    9.01382E-01    1.56276E+00    2.57412E-08    8.12490E-01    1.80822E-09    3.42111E-05    1.62308E-04    5.84903E-03    1.27400E-02    6.08546E-04    5.14610E-03
       15      0.210  1.40E-02    8.14559E-01    3.93554E+00    3.53694E-01    8.12487E-01    2.44301E+00    9.01380E-01    1.56301E+00    2.59546E-08    8.12487E-01    1.29052E-09    3.42061E-05    1.62259E-04    5.84860E-03    1.27381E-02    8.96481E-04    5.17397E-03
       20      0.281  1.40E-02    8.14566E-01    3.93397E+00    3.53717E-01    8.12484E-01    2.44336E+00    9.01379E-01    1.56313E+00    2.32767E-08    8.12484E-01    1.00379E-09    3.42012E-05    1.62263E-04    5.84818E-03    1.27382E-02    1.17838E-03    5.22357E-03
       25      0.351  1.40E-02    8.14571E-01    3.93382E+00    3.53731E-01    8.12482E-01    2.44350E+00    9.01378E-01    1.56317E+00    2.09107E-08    8.12482E-01    1.00769E-09    3.41962E-05    1.62310E-04    5.84775E-03    1.27401E-02    1.45612E-03    6.16414E-03
       30      0.421  1.40E-02    8.14574E-01    3.93427E+00    3.53740E-01    8.12480E-01    2.44354E+00    9.01377E-01    1.56318E+00    1.95787E-08    8.12480E-01    1.20869E-09    3.41912E-05    1.62385E-04    5.84733E-03    1.27431E-02    1.73085E-03    7.20040E-03
       35      0.491  1.40E-02    8.14576E-01    3.93484E+00    3.53746E-01    8.12478E-01    2.44356E+00    9.01376E-01    1.56319E+00    1.90938E-08    8.12478E-01    1.43827E-09    3.41863E-05    1.62475E-04    5.84690E-03    1.27466E-02    2.00332E-03    8.25803E-03
       40      0.561  1.40E-02    8.14578E-01    3.93533E+00    3.53749E-01    8.12476E-01    2.44357E+00    9.01375E-01    1.56319E+00    1.91149E-08    8.12476E-01    1.55995E-09    3.41814E-05    1.62568E-04    5.84648E-03    1.27502E-02    2.27402E-03    9.32923E-03
       45      0.631  1.40E-02    8.14579E-01    3.93569E+00    3.53750E-01    8.12474E-01    2.44358E+00    9.01374E-01    1.56320E+00    1.93802E-08    8.12474E-01    1.53794E-09    3.41765E-05    1.62661E-04    5.84607E-03    1.27539E-02    2.54331E-03    1.04093E-02
